{"C:\\Users\\Raidmax i5\\Documents\\git\\architex-axis-management-suite--3-\\App.tsx": {"path":"C:\\Users\\Raidmax i5\\Documents\\git\\architex-axis-management-suite--3-\\App.tsx","statementMap":{"0":{"start":{"line":1,"column":0},"end":{"line":1,"column":26}},"1":{"start":{"line":2,"column":0},"end":{"line":2,"column":79}},"2":{"start":{"line":3,"column":0},"end":{"line":3,"column":48}},"3":{"start":{"line":4,"column":0},"end":{"line":4,"column":47}},"4":{"start":{"line":5,"column":0},"end":{"line":5,"column":63}},"5":{"start":{"line":6,"column":0},"end":{"line":6,"column":47}},"6":{"start":{"line":7,"column":0},"end":{"line":7,"column":62}},"7":{"start":{"line":8,"column":0},"end":{"line":8,"column":51}},"8":{"start":{"line":10,"column":0},"end":{"line":10,"column":68}},"9":{"start":{"line":11,"column":0},"end":{"line":11,"column":65}},"10":{"start":{"line":12,"column":0},"end":{"line":12,"column":50}},"11":{"start":{"line":13,"column":0},"end":{"line":13,"column":64}},"12":{"start":{"line":14,"column":0},"end":{"line":14,"column":72}},"13":{"start":{"line":17,"column":0},"end":{"line":17,"column":71}},"14":{"start":{"line":18,"column":0},"end":{"line":18,"column":74}},"15":{"start":{"line":21,"column":31},"end":{"line":33,"column":1}},"16":{"start":{"line":22,"column":30},"end":{"line":22,"column":39}},"17":{"start":{"line":24,"column":2},"end":{"line":30,"column":3}},"18":{"start":{"line":25,"column":4},"end":{"line":29,"column":6}},"19":{"start":{"line":32,"column":2},"end":{"line":32,"column":115}},"20":{"start":{"line":36,"column":28},"end":{"line":63,"column":1}},"21":{"start":{"line":37,"column":37},"end":{"line":37,"column":46}},"22":{"start":{"line":40,"column":2},"end":{"line":46,"column":3}},"23":{"start":{"line":41,"column":6},"end":{"line":45,"column":8}},"24":{"start":{"line":48,"column":2},"end":{"line":62,"column":4}},"25":{"start":{"line":67,"column":46},"end":{"line":74,"column":1}},"26":{"start":{"line":68,"column":2},"end":{"line":73,"column":4}},"27":{"start":{"line":76,"column":22},"end":{"line":116,"column":1}},"28":{"start":{"line":77,"column":2},"end":{"line":115,"column":4}},"29":{"start":{"line":118,"column":0},"end":{"line":118,"column":19}}},"fnMap":{"0":{"name":"(anonymous_1)","decl":{"start":{"line":21,"column":31},"end":{"line":21,"column":34}},"loc":{"start":{"line":21,"column":36},"end":{"line":33,"column":1}}},"1":{"name":"(anonymous_2)","decl":{"start":{"line":36,"column":28},"end":{"line":36,"column":31}},"loc":{"start":{"line":36,"column":33},"end":{"line":63,"column":1}}},"2":{"name":"(anonymous_3)","decl":{"start":{"line":67,"column":46},"end":{"line":67,"column":49}},"loc":{"start":{"line":67,"column":51},"end":{"line":74,"column":1}}},"3":{"name":"(anonymous_4)","decl":{"start":{"line":76,"column":22},"end":{"line":76,"column":25}},"loc":{"start":{"line":76,"column":27},"end":{"line":116,"column":1}}}},"branchMap":{"0":{"loc":{"start":{"line":24,"column":2},"end":{"line":30,"column":3}},"type":"if","locations":[{"start":{"line":24,"column":2},"end":{"line":30,"column":3}},{"start":{},"end":{}}]},"1":{"loc":{"start":{"line":32,"column":9},"end":{"line":32,"column":114}},"type":"cond-expr","locations":[{"start":{"line":32,"column":16},"end":{"line":32,"column":70}},{"start":{"line":32,"column":73},"end":{"line":32,"column":114}}]},"2":{"loc":{"start":{"line":40,"column":2},"end":{"line":46,"column":3}},"type":"if","locations":[{"start":{"line":40,"column":2},"end":{"line":46,"column":3}},{"start":{},"end":{}}]},"3":{"loc":{"start":{"line":40,"column":6},"end":{"line":40,"column":61}},"type":"binary-expr","locations":[{"start":{"line":40,"column":6},"end":{"line":40,"column":17}},{"start":{"line":40,"column":21},"end":{"line":40,"column":61}}]}},"s":{"0":0,"1":0,"2":0,"3":0,"4":0,"5":0,"6":0,"7":0,"8":0,"9":0,"10":0,"11":0,"12":0,"13":0,"14":0,"15":0,"16":0,"17":0,"18":0,"19":0,"20":0,"21":0,"22":0,"23":0,"24":0,"25":0,"26":0,"27":0,"28":0,"29":0},"f":{"0":0,"1":0,"2":0,"3":0},"b":{"0":[0,0],"1":[0,0],"2":[0,0],"3":[0,0]}}
,"C:\\Users\\Raidmax i5\\Documents\\git\\architex-axis-management-suite--3-\\apiService.ts": {"path":"C:\\Users\\Raidmax i5\\Documents\\git\\architex-axis-management-suite--3-\\apiService.ts","statementMap":{"0":{"start":{"line":89,"column":21},"end":{"line":89,"column":94}},"1":{"start":{"line":101,"column":4},"end":{"line":101,"column":19}},"2":{"start":{"line":102,"column":4},"end":{"line":102,"column":27}},"3":{"start":{"line":103,"column":4},"end":{"line":103,"column":25}},"4":{"start":{"line":104,"column":4},"end":{"line":104,"column":21}},"5":{"start":{"line":96,"column":0},"end":{"line":96,"column":13}},"6":{"start":{"line":110,"column":38},"end":{"line":110,"column":45}},"7":{"start":{"line":112,"column":29},"end":{"line":112,"column":33}},"8":{"start":{"line":113,"column":2},"end":{"line":120,"column":3}},"9":{"start":{"line":114,"column":5},"end":{"line":114,"column":47}},"10":{"start":{"line":115,"column":5},"end":{"line":119,"column":6}},"11":{"start":{"line":117,"column":9},"end":{"line":117,"column":85}},"12":{"start":{"line":122,"column":38},"end":{"line":127,"column":4}},"13":{"start":{"line":129,"column":19},"end":{"line":132,"column":4}},"14":{"start":{"line":134,"column":2},"end":{"line":151,"column":3}},"15":{"start":{"line":135,"column":34},"end":{"line":135,"column":36}},"16":{"start":{"line":136,"column":4},"end":{"line":140,"column":5}},"17":{"start":{"line":137,"column":6},"end":{"line":137,"column":40}},"18":{"start":{"line":142,"column":4},"end":{"line":149,"column":5}},"19":{"start":{"line":143,"column":8},"end":{"line":148,"column":9}},"20":{"start":{"line":144,"column":12},"end":{"line":144,"column":49}},"21":{"start":{"line":146,"column":12},"end":{"line":146,"column":88}},"22":{"start":{"line":150,"column":4},"end":{"line":150,"column":128}},"23":{"start":{"line":153,"column":2},"end":{"line":155,"column":3}},"24":{"start":{"line":154,"column":4},"end":{"line":154,"column":21}},"25":{"start":{"line":157,"column":2},"end":{"line":157,"column":39}},"26":{"start":{"line":166,"column":42},"end":{"line":177,"column":1}},"27":{"start":{"line":167,"column":22},"end":{"line":167,"column":43}},"28":{"start":{"line":168,"column":2},"end":{"line":168,"column":71}},"29":{"start":{"line":168,"column":21},"end":{"line":168,"column":71}},"30":{"start":{"line":169,"column":2},"end":{"line":169,"column":74}},"31":{"start":{"line":169,"column":22},"end":{"line":169,"column":74}},"32":{"start":{"line":171,"column":22},"end":{"line":171,"column":44}},"33":{"start":{"line":172,"column":19},"end":{"line":172,"column":99}},"34":{"start":{"line":174,"column":2},"end":{"line":176,"column":11}},"35":{"start":{"line":166,"column":13},"end":{"line":166,"column":42}},"36":{"start":{"line":179,"column":41},"end":{"line":187,"column":1}},"37":{"start":{"line":180,"column":18},"end":{"line":182,"column":46}},"38":{"start":{"line":183,"column":2},"end":{"line":186,"column":11}},"39":{"start":{"line":179,"column":13},"end":{"line":179,"column":41}},"40":{"start":{"line":189,"column":50},"end":{"line":193,"column":1}},"41":{"start":{"line":190,"column":2},"end":{"line":192,"column":11}},"42":{"start":{"line":189,"column":13},"end":{"line":189,"column":50}},"43":{"start":{"line":197,"column":27},"end":{"line":202,"column":1}},"44":{"start":{"line":198,"column":2},"end":{"line":201,"column":5}},"45":{"start":{"line":197,"column":13},"end":{"line":197,"column":27}},"46":{"start":{"line":204,"column":24},"end":{"line":213,"column":1}},"47":{"start":{"line":205,"column":19},"end":{"line":208,"column":4}},"48":{"start":{"line":209,"column":2},"end":{"line":211,"column":3}},"49":{"start":{"line":210,"column":4},"end":{"line":210,"column":54}},"50":{"start":{"line":212,"column":2},"end":{"line":212,"column":18}},"51":{"start":{"line":204,"column":13},"end":{"line":204,"column":24}},"52":{"start":{"line":215,"column":35},"end":{"line":220,"column":1}},"53":{"start":{"line":217,"column":2},"end":{"line":219,"column":11}},"54":{"start":{"line":215,"column":13},"end":{"line":215,"column":35}},"55":{"start":{"line":283,"column":37},"end":{"line":287,"column":1}},"56":{"start":{"line":284,"column":2},"end":{"line":286,"column":11}},"57":{"start":{"line":283,"column":13},"end":{"line":283,"column":37}},"58":{"start":{"line":290,"column":38},"end":{"line":295,"column":1}},"59":{"start":{"line":291,"column":2},"end":{"line":294,"column":11}},"60":{"start":{"line":290,"column":13},"end":{"line":290,"column":38}},"61":{"start":{"line":298,"column":34},"end":{"line":303,"column":1}},"62":{"start":{"line":299,"column":2},"end":{"line":302,"column":11}},"63":{"start":{"line":298,"column":13},"end":{"line":298,"column":34}},"64":{"start":{"line":306,"column":40},"end":{"line":310,"column":1}},"65":{"start":{"line":307,"column":2},"end":{"line":309,"column":11}},"66":{"start":{"line":306,"column":13},"end":{"line":306,"column":40}},"67":{"start":{"line":313,"column":41},"end":{"line":318,"column":1}},"68":{"start":{"line":314,"column":2},"end":{"line":317,"column":11}},"69":{"start":{"line":313,"column":13},"end":{"line":313,"column":41}},"70":{"start":{"line":321,"column":34},"end":{"line":326,"column":1}},"71":{"start":{"line":322,"column":2},"end":{"line":325,"column":11}},"72":{"start":{"line":321,"column":13},"end":{"line":321,"column":34}},"73":{"start":{"line":329,"column":29},"end":{"line":339,"column":1}},"74":{"start":{"line":330,"column":19},"end":{"line":330,"column":58}},"75":{"start":{"line":337,"column":2},"end":{"line":337,"column":146}},"76":{"start":{"line":338,"column":2},"end":{"line":338,"column":46}},"77":{"start":{"line":329,"column":13},"end":{"line":329,"column":29}},"78":{"start":{"line":340,"column":28},"end":{"line":344,"column":1}},"79":{"start":{"line":342,"column":2},"end":{"line":342,"column":149}},"80":{"start":{"line":343,"column":2},"end":{"line":343,"column":54}},"81":{"start":{"line":340,"column":13},"end":{"line":340,"column":28}},"82":{"start":{"line":345,"column":26},"end":{"line":347,"column":1}},"83":{"start":{"line":346,"column":2},"end":{"line":346,"column":86}},"84":{"start":{"line":345,"column":13},"end":{"line":345,"column":26}},"85":{"start":{"line":348,"column":29},"end":{"line":350,"column":1}},"86":{"start":{"line":349,"column":2},"end":{"line":349,"column":97}},"87":{"start":{"line":348,"column":13},"end":{"line":348,"column":29}},"88":{"start":{"line":351,"column":29},"end":{"line":353,"column":1}},"89":{"start":{"line":352,"column":2},"end":{"line":352,"column":66}},"90":{"start":{"line":351,"column":13},"end":{"line":351,"column":29}},"91":{"start":{"line":354,"column":40},"end":{"line":354,"column":140}},"92":{"start":{"line":354,"column":84},"end":{"line":354,"column":140}},"93":{"start":{"line":354,"column":13},"end":{"line":354,"column":40}},"94":{"start":{"line":373,"column":32},"end":{"line":385,"column":1}},"95":{"start":{"line":374,"column":17},"end":{"line":374,"column":47}},"96":{"start":{"line":375,"column":22},"end":{"line":375,"column":43}},"97":{"start":{"line":376,"column":2},"end":{"line":378,"column":3}},"98":{"start":{"line":377,"column":4},"end":{"line":377,"column":48}},"99":{"start":{"line":380,"column":22},"end":{"line":380,"column":44}},"100":{"start":{"line":381,"column":2},"end":{"line":383,"column":3}},"101":{"start":{"line":382,"column":4},"end":{"line":382,"column":34}},"102":{"start":{"line":384,"column":2},"end":{"line":384,"column":76}},"103":{"start":{"line":373,"column":13},"end":{"line":373,"column":32}},"104":{"start":{"line":389,"column":38},"end":{"line":394,"column":1}},"105":{"start":{"line":390,"column":2},"end":{"line":390,"column":87}},"106":{"start":{"line":391,"column":2},"end":{"line":393,"column":12}},"107":{"start":{"line":389,"column":13},"end":{"line":389,"column":38}},"108":{"start":{"line":411,"column":32},"end":{"line":420,"column":1}},"109":{"start":{"line":416,"column":2},"end":{"line":419,"column":11}},"110":{"start":{"line":411,"column":13},"end":{"line":411,"column":32}},"111":{"start":{"line":437,"column":32},"end":{"line":447,"column":1}},"112":{"start":{"line":443,"column":4},"end":{"line":446,"column":13}},"113":{"start":{"line":437,"column":13},"end":{"line":437,"column":32}},"114":{"start":{"line":453,"column":32},"end":{"line":458,"column":1}},"115":{"start":{"line":455,"column":2},"end":{"line":457,"column":11}},"116":{"start":{"line":453,"column":13},"end":{"line":453,"column":32}},"117":{"start":{"line":461,"column":38},"end":{"line":471,"column":1}},"118":{"start":{"line":462,"column":17},"end":{"line":462,"column":54}},"119":{"start":{"line":463,"column":2},"end":{"line":465,"column":3}},"120":{"start":{"line":464,"column":4},"end":{"line":464,"column":44}},"121":{"start":{"line":468,"column":2},"end":{"line":470,"column":11}},"122":{"start":{"line":461,"column":13},"end":{"line":461,"column":38}},"123":{"start":{"line":500,"column":46},"end":{"line":504,"column":1}},"124":{"start":{"line":501,"column":2},"end":{"line":503,"column":11}},"125":{"start":{"line":500,"column":13},"end":{"line":500,"column":46}},"126":{"start":{"line":514,"column":42},"end":{"line":519,"column":1}},"127":{"start":{"line":515,"column":2},"end":{"line":518,"column":11}},"128":{"start":{"line":514,"column":13},"end":{"line":514,"column":42}},"129":{"start":{"line":534,"column":36},"end":{"line":539,"column":1}},"130":{"start":{"line":535,"column":2},"end":{"line":538,"column":11}},"131":{"start":{"line":534,"column":13},"end":{"line":534,"column":36}},"132":{"start":{"line":556,"column":46},"end":{"line":560,"column":1}},"133":{"start":{"line":557,"column":2},"end":{"line":559,"column":11}},"134":{"start":{"line":556,"column":13},"end":{"line":556,"column":46}},"135":{"start":{"line":569,"column":38},"end":{"line":579,"column":1}},"136":{"start":{"line":574,"column":46},"end":{"line":574,"column":79}},"137":{"start":{"line":575,"column":2},"end":{"line":578,"column":11}},"138":{"start":{"line":569,"column":13},"end":{"line":569,"column":38}},"139":{"start":{"line":596,"column":50},"end":{"line":600,"column":1}},"140":{"start":{"line":597,"column":2},"end":{"line":599,"column":11}},"141":{"start":{"line":596,"column":13},"end":{"line":596,"column":50}},"142":{"start":{"line":648,"column":32},"end":{"line":653,"column":1}},"143":{"start":{"line":649,"column":2},"end":{"line":652,"column":11}},"144":{"start":{"line":648,"column":13},"end":{"line":648,"column":32}},"145":{"start":{"line":657,"column":42},"end":{"line":661,"column":1}},"146":{"start":{"line":658,"column":2},"end":{"line":660,"column":11}},"147":{"start":{"line":657,"column":13},"end":{"line":657,"column":42}},"148":{"start":{"line":664,"column":32},"end":{"line":669,"column":1}},"149":{"start":{"line":665,"column":2},"end":{"line":668,"column":11}},"150":{"start":{"line":664,"column":13},"end":{"line":664,"column":32}},"151":{"start":{"line":672,"column":32},"end":{"line":679,"column":1}},"152":{"start":{"line":676,"column":2},"end":{"line":678,"column":11}},"153":{"start":{"line":672,"column":13},"end":{"line":672,"column":32}},"154":{"start":{"line":683,"column":42},"end":{"line":688,"column":1}},"155":{"start":{"line":684,"column":2},"end":{"line":684,"column":110}},"156":{"start":{"line":687,"column":2},"end":{"line":687,"column":29}},"157":{"start":{"line":683,"column":13},"end":{"line":683,"column":42}},"158":{"start":{"line":744,"column":26},"end":{"line":749,"column":1}},"159":{"start":{"line":745,"column":2},"end":{"line":748,"column":11}},"160":{"start":{"line":744,"column":13},"end":{"line":744,"column":26}},"161":{"start":{"line":752,"column":42},"end":{"line":756,"column":1}},"162":{"start":{"line":753,"column":2},"end":{"line":755,"column":11}},"163":{"start":{"line":752,"column":13},"end":{"line":752,"column":42}},"164":{"start":{"line":759,"column":42},"end":{"line":763,"column":1}},"165":{"start":{"line":760,"column":2},"end":{"line":762,"column":11}},"166":{"start":{"line":759,"column":13},"end":{"line":759,"column":42}},"167":{"start":{"line":766,"column":32},"end":{"line":771,"column":1}},"168":{"start":{"line":767,"column":2},"end":{"line":770,"column":11}},"169":{"start":{"line":766,"column":13},"end":{"line":766,"column":32}},"170":{"start":{"line":774,"column":32},"end":{"line":779,"column":1}},"171":{"start":{"line":776,"column":2},"end":{"line":778,"column":11}},"172":{"start":{"line":774,"column":13},"end":{"line":774,"column":32}},"173":{"start":{"line":782,"column":29},"end":{"line":791,"column":1}},"174":{"start":{"line":783,"column":34},"end":{"line":789,"column":4}},"175":{"start":{"line":790,"column":2},"end":{"line":790,"column":29}},"176":{"start":{"line":782,"column":13},"end":{"line":782,"column":29}},"177":{"start":{"line":792,"column":47},"end":{"line":794,"column":1}},"178":{"start":{"line":793,"column":4},"end":{"line":793,"column":72}},"179":{"start":{"line":792,"column":13},"end":{"line":792,"column":47}},"180":{"start":{"line":795,"column":35},"end":{"line":798,"column":1}},"181":{"start":{"line":796,"column":18},"end":{"line":796,"column":64}},"182":{"start":{"line":797,"column":4},"end":{"line":797,"column":77}},"183":{"start":{"line":795,"column":13},"end":{"line":795,"column":35}},"184":{"start":{"line":800,"column":34},"end":{"line":808,"column":1}},"185":{"start":{"line":801,"column":22},"end":{"line":801,"column":43}},"186":{"start":{"line":802,"column":2},"end":{"line":802,"column":74}},"187":{"start":{"line":802,"column":25},"end":{"line":802,"column":74}},"188":{"start":{"line":803,"column":2},"end":{"line":803,"column":68}},"189":{"start":{"line":803,"column":23},"end":{"line":803,"column":68}},"190":{"start":{"line":804,"column":2},"end":{"line":804,"column":77}},"191":{"start":{"line":804,"column":26},"end":{"line":804,"column":77}},"192":{"start":{"line":805,"column":2},"end":{"line":805,"column":77}},"193":{"start":{"line":805,"column":26},"end":{"line":805,"column":77}},"194":{"start":{"line":806,"column":22},"end":{"line":806,"column":44}},"195":{"start":{"line":807,"column":2},"end":{"line":807,"column":103}},"196":{"start":{"line":800,"column":13},"end":{"line":800,"column":34}},"197":{"start":{"line":810,"column":45},"end":{"line":817,"column":1}},"198":{"start":{"line":811,"column":22},"end":{"line":811,"column":43}},"199":{"start":{"line":812,"column":2},"end":{"line":812,"column":74}},"200":{"start":{"line":812,"column":25},"end":{"line":812,"column":74}},"201":{"start":{"line":813,"column":2},"end":{"line":813,"column":68}},"202":{"start":{"line":813,"column":23},"end":{"line":813,"column":68}},"203":{"start":{"line":814,"column":2},"end":{"line":814,"column":86}},"204":{"start":{"line":814,"column":29},"end":{"line":814,"column":86}},"205":{"start":{"line":815,"column":22},"end":{"line":815,"column":44}},"206":{"start":{"line":816,"column":2},"end":{"line":816,"column":123}},"207":{"start":{"line":810,"column":13},"end":{"line":810,"column":45}},"208":{"start":{"line":819,"column":37},"end":{"line":824,"column":1}},"209":{"start":{"line":820,"column":2},"end":{"line":823,"column":5}},"210":{"start":{"line":819,"column":13},"end":{"line":819,"column":37}},"211":{"start":{"line":826,"column":37},"end":{"line":830,"column":1}},"212":{"start":{"line":827,"column":2},"end":{"line":829,"column":5}},"213":{"start":{"line":826,"column":13},"end":{"line":826,"column":37}},"214":{"start":{"line":834,"column":36},"end":{"line":834,"column":138}},"215":{"start":{"line":834,"column":83},"end":{"line":834,"column":138}},"216":{"start":{"line":834,"column":13},"end":{"line":834,"column":36}},"217":{"start":{"line":835,"column":29},"end":{"line":842,"column":1}},"218":{"start":{"line":837,"column":2},"end":{"line":841,"column":5}},"219":{"start":{"line":835,"column":13},"end":{"line":835,"column":29}},"220":{"start":{"line":843,"column":29},"end":{"line":845,"column":1}},"221":{"start":{"line":844,"column":2},"end":{"line":844,"column":66}},"222":{"start":{"line":843,"column":13},"end":{"line":843,"column":29}},"223":{"start":{"line":903,"column":43},"end":{"line":908,"column":1}},"224":{"start":{"line":904,"column":2},"end":{"line":907,"column":11}},"225":{"start":{"line":903,"column":13},"end":{"line":903,"column":43}},"226":{"start":{"line":910,"column":41},"end":{"line":914,"column":1}},"227":{"start":{"line":911,"column":2},"end":{"line":913,"column":11}},"228":{"start":{"line":910,"column":13},"end":{"line":910,"column":41}},"229":{"start":{"line":921,"column":44},"end":{"line":933,"column":1}},"230":{"start":{"line":922,"column":22},"end":{"line":922,"column":43}},"231":{"start":{"line":923,"column":2},"end":{"line":923,"column":71}},"232":{"start":{"line":923,"column":21},"end":{"line":923,"column":71}},"233":{"start":{"line":924,"column":2},"end":{"line":924,"column":107}},"234":{"start":{"line":924,"column":33},"end":{"line":924,"column":107}},"235":{"start":{"line":927,"column":22},"end":{"line":927,"column":44}},"236":{"start":{"line":928,"column":19},"end":{"line":928,"column":135}},"237":{"start":{"line":930,"column":2},"end":{"line":932,"column":11}},"238":{"start":{"line":921,"column":13},"end":{"line":921,"column":44}},"239":{"start":{"line":935,"column":30},"end":{"line":940,"column":1}},"240":{"start":{"line":936,"column":2},"end":{"line":939,"column":11}},"241":{"start":{"line":935,"column":13},"end":{"line":935,"column":30}},"242":{"start":{"line":942,"column":41},"end":{"line":947,"column":1}},"243":{"start":{"line":943,"column":2},"end":{"line":946,"column":11}},"244":{"start":{"line":942,"column":13},"end":{"line":942,"column":41}},"245":{"start":{"line":976,"column":33},"end":{"line":981,"column":1}},"246":{"start":{"line":978,"column":2},"end":{"line":980,"column":11}},"247":{"start":{"line":976,"column":13},"end":{"line":976,"column":33}},"248":{"start":{"line":991,"column":32},"end":{"line":996,"column":1}},"249":{"start":{"line":992,"column":2},"end":{"line":995,"column":11}},"250":{"start":{"line":991,"column":13},"end":{"line":991,"column":32}},"251":{"start":{"line":1000,"column":39},"end":{"line":1002,"column":1}},"252":{"start":{"line":1001,"column":2},"end":{"line":1001,"column":74}},"253":{"start":{"line":1000,"column":13},"end":{"line":1000,"column":39}},"254":{"start":{"line":1013,"column":43},"end":{"line":1017,"column":1}},"255":{"start":{"line":1014,"column":2},"end":{"line":1016,"column":11}},"256":{"start":{"line":1013,"column":13},"end":{"line":1013,"column":43}},"257":{"start":{"line":1019,"column":48},"end":{"line":1019,"column":182}},"258":{"start":{"line":1019,"column":112},"end":{"line":1019,"column":182}},"259":{"start":{"line":1019,"column":13},"end":{"line":1019,"column":48}},"260":{"start":{"line":1020,"column":44},"end":{"line":1024,"column":1}},"261":{"start":{"line":1021,"column":2},"end":{"line":1023,"column":11}},"262":{"start":{"line":1020,"column":13},"end":{"line":1020,"column":44}},"263":{"start":{"line":1026,"column":38},"end":{"line":1027,"column":64}},"264":{"start":{"line":1027,"column":2},"end":{"line":1027,"column":64}},"265":{"start":{"line":1026,"column":13},"end":{"line":1026,"column":38}},"266":{"start":{"line":1028,"column":40},"end":{"line":1028,"column":116}},"267":{"start":{"line":1028,"column":70},"end":{"line":1028,"column":116}},"268":{"start":{"line":1028,"column":13},"end":{"line":1028,"column":40}},"269":{"start":{"line":1031,"column":47},"end":{"line":1031,"column":127}},"270":{"start":{"line":1031,"column":73},"end":{"line":1031,"column":127}},"271":{"start":{"line":1031,"column":13},"end":{"line":1031,"column":47}},"272":{"start":{"line":1035,"column":25},"end":{"line":1035,"column":43}},"273":{"start":{"line":1058,"column":31},"end":{"line":1096,"column":1}},"274":{"start":{"line":1059,"column":2},"end":{"line":1095,"column":3}},"275":{"start":{"line":1060,"column":21},"end":{"line":1065,"column":6}},"276":{"start":{"line":1067,"column":4},"end":{"line":1078,"column":5}},"277":{"start":{"line":1068,"column":25},"end":{"line":1068,"column":80}},"278":{"start":{"line":1069,"column":6},"end":{"line":1076,"column":7}},"279":{"start":{"line":1070,"column":50},"end":{"line":1070,"column":71}},"280":{"start":{"line":1071,"column":8},"end":{"line":1073,"column":9}},"281":{"start":{"line":1072,"column":10},"end":{"line":1072,"column":45}},"282":{"start":{"line":1077,"column":6},"end":{"line":1077,"column":36}},"283":{"start":{"line":1080,"column":43},"end":{"line":1080,"column":64}},"284":{"start":{"line":1082,"column":4},"end":{"line":1091,"column":5}},"285":{"start":{"line":1083,"column":6},"end":{"line":1088,"column":10}},"286":{"start":{"line":1083,"column":38},"end":{"line":1088,"column":8}},"287":{"start":{"line":1090,"column":6},"end":{"line":1090,"column":82}},"288":{"start":{"line":1093,"column":4},"end":{"line":1093,"column":54}},"289":{"start":{"line":1094,"column":4},"end":{"line":1094,"column":16}},"290":{"start":{"line":1058,"column":13},"end":{"line":1058,"column":31}},"291":{"start":{"line":1111,"column":31},"end":{"line":1148,"column":1}},"292":{"start":{"line":1112,"column":2},"end":{"line":1147,"column":3}},"293":{"start":{"line":1113,"column":21},"end":{"line":1119,"column":6}},"294":{"start":{"line":1121,"column":4},"end":{"line":1132,"column":5}},"295":{"start":{"line":1122,"column":25},"end":{"line":1122,"column":80}},"296":{"start":{"line":1123,"column":6},"end":{"line":1130,"column":7}},"297":{"start":{"line":1124,"column":50},"end":{"line":1124,"column":71}},"298":{"start":{"line":1125,"column":8},"end":{"line":1127,"column":9}},"299":{"start":{"line":1126,"column":10},"end":{"line":1126,"column":45}},"300":{"start":{"line":1131,"column":6},"end":{"line":1131,"column":36}},"301":{"start":{"line":1134,"column":41},"end":{"line":1134,"column":62}},"302":{"start":{"line":1136,"column":4},"end":{"line":1143,"column":5}},"303":{"start":{"line":1137,"column":6},"end":{"line":1140,"column":8}},"304":{"start":{"line":1142,"column":6},"end":{"line":1142,"column":80}},"305":{"start":{"line":1145,"column":4},"end":{"line":1145,"column":54}},"306":{"start":{"line":1146,"column":4},"end":{"line":1146,"column":16}},"307":{"start":{"line":1111,"column":13},"end":{"line":1111,"column":31}}},"fnMap":{"0":{"name":"(anonymous_0)","decl":{"start":{"line":100,"column":2},"end":{"line":100,"column":14}},"loc":{"start":{"line":100,"column":70},"end":{"line":105,"column":3}}},"1":{"name":"apiFetch","decl":{"start":{"line":109,"column":15},"end":{"line":109,"column":23}},"loc":{"start":{"line":109,"column":101},"end":{"line":158,"column":1}}},"2":{"name":"(anonymous_2)","decl":{"start":{"line":166,"column":42},"end":{"line":166,"column":43}},"loc":{"start":{"line":166,"column":127},"end":{"line":177,"column":1}}},"3":{"name":"(anonymous_3)","decl":{"start":{"line":179,"column":41},"end":{"line":179,"column":42}},"loc":{"start":{"line":179,"column":142},"end":{"line":187,"column":1}}},"4":{"name":"(anonymous_4)","decl":{"start":{"line":189,"column":50},"end":{"line":189,"column":93}},"loc":{"start":{"line":189,"column":95},"end":{"line":193,"column":1}}},"5":{"name":"(anonymous_5)","decl":{"start":{"line":197,"column":27},"end":{"line":197,"column":28}},"loc":{"start":{"line":197,"column":93},"end":{"line":202,"column":1}}},"6":{"name":"(anonymous_6)","decl":{"start":{"line":204,"column":24},"end":{"line":204,"column":29}},"loc":{"start":{"line":204,"column":85},"end":{"line":213,"column":1}}},"7":{"name":"(anonymous_7)","decl":{"start":{"line":215,"column":35},"end":{"line":215,"column":68}},"loc":{"start":{"line":215,"column":70},"end":{"line":220,"column":1}}},"8":{"name":"(anonymous_8)","decl":{"start":{"line":283,"column":37},"end":{"line":283,"column":66}},"loc":{"start":{"line":283,"column":68},"end":{"line":287,"column":1}}},"9":{"name":"(anonymous_9)","decl":{"start":{"line":290,"column":38},"end":{"line":290,"column":39}},"loc":{"start":{"line":290,"column":108},"end":{"line":295,"column":1}}},"10":{"name":"(anonymous_10)","decl":{"start":{"line":298,"column":34},"end":{"line":298,"column":35}},"loc":{"start":{"line":298,"column":104},"end":{"line":303,"column":1}}},"11":{"name":"(anonymous_11)","decl":{"start":{"line":306,"column":40},"end":{"line":306,"column":41}},"loc":{"start":{"line":306,"column":103},"end":{"line":310,"column":1}}},"12":{"name":"(anonymous_12)","decl":{"start":{"line":313,"column":41},"end":{"line":313,"column":42}},"loc":{"start":{"line":313,"column":139},"end":{"line":318,"column":1}}},"13":{"name":"(anonymous_13)","decl":{"start":{"line":321,"column":34},"end":{"line":321,"column":35}},"loc":{"start":{"line":321,"column":92},"end":{"line":326,"column":1}}},"14":{"name":"(anonymous_14)","decl":{"start":{"line":329,"column":29},"end":{"line":329,"column":30}},"loc":{"start":{"line":329,"column":66},"end":{"line":339,"column":1}}},"15":{"name":"(anonymous_15)","decl":{"start":{"line":340,"column":28},"end":{"line":340,"column":29}},"loc":{"start":{"line":340,"column":62},"end":{"line":344,"column":1}}},"16":{"name":"(anonymous_16)","decl":{"start":{"line":345,"column":26},"end":{"line":345,"column":27}},"loc":{"start":{"line":345,"column":86},"end":{"line":347,"column":1}}},"17":{"name":"(anonymous_17)","decl":{"start":{"line":348,"column":29},"end":{"line":348,"column":30}},"loc":{"start":{"line":348,"column":88},"end":{"line":350,"column":1}}},"18":{"name":"(anonymous_18)","decl":{"start":{"line":351,"column":29},"end":{"line":351,"column":30}},"loc":{"start":{"line":351,"column":63},"end":{"line":353,"column":1}}},"19":{"name":"(anonymous_19)","decl":{"start":{"line":354,"column":40},"end":{"line":354,"column":41}},"loc":{"start":{"line":354,"column":84},"end":{"line":354,"column":140}}},"20":{"name":"(anonymous_20)","decl":{"start":{"line":373,"column":32},"end":{"line":373,"column":33}},"loc":{"start":{"line":373,"column":111},"end":{"line":385,"column":1}}},"21":{"name":"(anonymous_21)","decl":{"start":{"line":389,"column":38},"end":{"line":389,"column":39}},"loc":{"start":{"line":389,"column":98},"end":{"line":394,"column":1}}},"22":{"name":"(anonymous_22)","decl":{"start":{"line":411,"column":32},"end":{"line":411,"column":33}},"loc":{"start":{"line":411,"column":105},"end":{"line":420,"column":1}}},"23":{"name":"(anonymous_23)","decl":{"start":{"line":437,"column":32},"end":{"line":437,"column":33}},"loc":{"start":{"line":437,"column":124},"end":{"line":447,"column":1}}},"24":{"name":"(anonymous_24)","decl":{"start":{"line":453,"column":32},"end":{"line":453,"column":33}},"loc":{"start":{"line":453,"column":89},"end":{"line":458,"column":1}}},"25":{"name":"(anonymous_25)","decl":{"start":{"line":461,"column":38},"end":{"line":461,"column":39}},"loc":{"start":{"line":461,"column":99},"end":{"line":471,"column":1}}},"26":{"name":"(anonymous_26)","decl":{"start":{"line":500,"column":46},"end":{"line":500,"column":47}},"loc":{"start":{"line":500,"column":110},"end":{"line":504,"column":1}}},"27":{"name":"(anonymous_27)","decl":{"start":{"line":514,"column":42},"end":{"line":514,"column":43}},"loc":{"start":{"line":514,"column":151},"end":{"line":519,"column":1}}},"28":{"name":"(anonymous_28)","decl":{"start":{"line":534,"column":36},"end":{"line":534,"column":37}},"loc":{"start":{"line":534,"column":118},"end":{"line":539,"column":1}}},"29":{"name":"(anonymous_29)","decl":{"start":{"line":556,"column":46},"end":{"line":556,"column":95}},"loc":{"start":{"line":556,"column":97},"end":{"line":560,"column":1}}},"30":{"name":"(anonymous_30)","decl":{"start":{"line":569,"column":38},"end":{"line":569,"column":39}},"loc":{"start":{"line":569,"column":102},"end":{"line":579,"column":1}}},"31":{"name":"(anonymous_31)","decl":{"start":{"line":596,"column":50},"end":{"line":596,"column":103}},"loc":{"start":{"line":596,"column":105},"end":{"line":600,"column":1}}},"32":{"name":"(anonymous_32)","decl":{"start":{"line":648,"column":32},"end":{"line":648,"column":33}},"loc":{"start":{"line":648,"column":98},"end":{"line":653,"column":1}}},"33":{"name":"(anonymous_33)","decl":{"start":{"line":657,"column":42},"end":{"line":657,"column":43}},"loc":{"start":{"line":657,"column":104},"end":{"line":661,"column":1}}},"34":{"name":"(anonymous_34)","decl":{"start":{"line":664,"column":32},"end":{"line":664,"column":33}},"loc":{"start":{"line":664,"column":126},"end":{"line":669,"column":1}}},"35":{"name":"(anonymous_35)","decl":{"start":{"line":672,"column":32},"end":{"line":672,"column":33}},"loc":{"start":{"line":672,"column":95},"end":{"line":679,"column":1}}},"36":{"name":"(anonymous_36)","decl":{"start":{"line":683,"column":42},"end":{"line":683,"column":47}},"loc":{"start":{"line":683,"column":102},"end":{"line":688,"column":1}}},"37":{"name":"(anonymous_37)","decl":{"start":{"line":744,"column":26},"end":{"line":744,"column":27}},"loc":{"start":{"line":744,"column":80},"end":{"line":749,"column":1}}},"38":{"name":"(anonymous_38)","decl":{"start":{"line":752,"column":42},"end":{"line":752,"column":43}},"loc":{"start":{"line":752,"column":104},"end":{"line":756,"column":1}}},"39":{"name":"(anonymous_39)","decl":{"start":{"line":759,"column":42},"end":{"line":759,"column":43}},"loc":{"start":{"line":759,"column":104},"end":{"line":763,"column":1}}},"40":{"name":"(anonymous_40)","decl":{"start":{"line":766,"column":32},"end":{"line":766,"column":33}},"loc":{"start":{"line":766,"column":126},"end":{"line":771,"column":1}}},"41":{"name":"(anonymous_41)","decl":{"start":{"line":774,"column":32},"end":{"line":774,"column":33}},"loc":{"start":{"line":774,"column":95},"end":{"line":779,"column":1}}},"42":{"name":"(anonymous_42)","decl":{"start":{"line":782,"column":29},"end":{"line":782,"column":30}},"loc":{"start":{"line":782,"column":168},"end":{"line":791,"column":1}}},"43":{"name":"(anonymous_43)","decl":{"start":{"line":792,"column":47},"end":{"line":792,"column":48}},"loc":{"start":{"line":792,"column":89},"end":{"line":794,"column":1}}},"44":{"name":"(anonymous_44)","decl":{"start":{"line":795,"column":35},"end":{"line":795,"column":36}},"loc":{"start":{"line":795,"column":73},"end":{"line":798,"column":1}}},"45":{"name":"(anonymous_45)","decl":{"start":{"line":800,"column":34},"end":{"line":800,"column":35}},"loc":{"start":{"line":800,"column":169},"end":{"line":808,"column":1}}},"46":{"name":"(anonymous_46)","decl":{"start":{"line":810,"column":45},"end":{"line":810,"column":46}},"loc":{"start":{"line":810,"column":178},"end":{"line":817,"column":1}}},"47":{"name":"(anonymous_47)","decl":{"start":{"line":819,"column":37},"end":{"line":819,"column":38}},"loc":{"start":{"line":819,"column":130},"end":{"line":824,"column":1}}},"48":{"name":"(anonymous_48)","decl":{"start":{"line":826,"column":37},"end":{"line":826,"column":38}},"loc":{"start":{"line":826,"column":74},"end":{"line":830,"column":1}}},"49":{"name":"(anonymous_49)","decl":{"start":{"line":834,"column":36},"end":{"line":834,"column":37}},"loc":{"start":{"line":834,"column":83},"end":{"line":834,"column":138}}},"50":{"name":"(anonymous_50)","decl":{"start":{"line":835,"column":29},"end":{"line":835,"column":30}},"loc":{"start":{"line":835,"column":93},"end":{"line":842,"column":1}}},"51":{"name":"(anonymous_51)","decl":{"start":{"line":843,"column":29},"end":{"line":843,"column":30}},"loc":{"start":{"line":843,"column":63},"end":{"line":845,"column":1}}},"52":{"name":"(anonymous_52)","decl":{"start":{"line":903,"column":43},"end":{"line":903,"column":44}},"loc":{"start":{"line":903,"column":123},"end":{"line":908,"column":1}}},"53":{"name":"(anonymous_53)","decl":{"start":{"line":910,"column":41},"end":{"line":910,"column":79}},"loc":{"start":{"line":910,"column":81},"end":{"line":914,"column":1}}},"54":{"name":"(anonymous_54)","decl":{"start":{"line":921,"column":44},"end":{"line":921,"column":45}},"loc":{"start":{"line":921,"column":133},"end":{"line":933,"column":1}}},"55":{"name":"(anonymous_55)","decl":{"start":{"line":935,"column":30},"end":{"line":935,"column":31}},"loc":{"start":{"line":935,"column":92},"end":{"line":940,"column":1}}},"56":{"name":"(anonymous_56)","decl":{"start":{"line":942,"column":41},"end":{"line":942,"column":42}},"loc":{"start":{"line":942,"column":118},"end":{"line":947,"column":1}}},"57":{"name":"(anonymous_57)","decl":{"start":{"line":976,"column":33},"end":{"line":976,"column":54}},"loc":{"start":{"line":976,"column":56},"end":{"line":981,"column":1}}},"58":{"name":"(anonymous_58)","decl":{"start":{"line":991,"column":32},"end":{"line":991,"column":33}},"loc":{"start":{"line":991,"column":98},"end":{"line":996,"column":1}}},"59":{"name":"(anonymous_59)","decl":{"start":{"line":1000,"column":39},"end":{"line":1000,"column":66}},"loc":{"start":{"line":1000,"column":68},"end":{"line":1002,"column":1}}},"60":{"name":"(anonymous_60)","decl":{"start":{"line":1013,"column":43},"end":{"line":1013,"column":84}},"loc":{"start":{"line":1013,"column":86},"end":{"line":1017,"column":1}}},"61":{"name":"(anonymous_61)","decl":{"start":{"line":1019,"column":48},"end":{"line":1019,"column":49}},"loc":{"start":{"line":1019,"column":112},"end":{"line":1019,"column":182}}},"62":{"name":"(anonymous_62)","decl":{"start":{"line":1020,"column":44},"end":{"line":1020,"column":78}},"loc":{"start":{"line":1020,"column":80},"end":{"line":1024,"column":1}}},"63":{"name":"(anonymous_63)","decl":{"start":{"line":1026,"column":38},"end":{"line":1026,"column":39}},"loc":{"start":{"line":1027,"column":2},"end":{"line":1027,"column":64}}},"64":{"name":"(anonymous_64)","decl":{"start":{"line":1028,"column":40},"end":{"line":1028,"column":67}},"loc":{"start":{"line":1028,"column":70},"end":{"line":1028,"column":116}}},"65":{"name":"(anonymous_65)","decl":{"start":{"line":1031,"column":47},"end":{"line":1031,"column":70}},"loc":{"start":{"line":1031,"column":73},"end":{"line":1031,"column":127}}},"66":{"name":"(anonymous_66)","decl":{"start":{"line":1058,"column":31},"end":{"line":1058,"column":36}},"loc":{"start":{"line":1058,"column":59},"end":{"line":1096,"column":1}}},"67":{"name":"(anonymous_67)","decl":{"start":{"line":1083,"column":29},"end":{"line":1083,"column":33}},"loc":{"start":{"line":1083,"column":38},"end":{"line":1088,"column":8}}},"68":{"name":"(anonymous_68)","decl":{"start":{"line":1111,"column":31},"end":{"line":1111,"column":36}},"loc":{"start":{"line":1111,"column":87},"end":{"line":1148,"column":1}}}},"branchMap":{"0":{"loc":{"start":{"line":89,"column":21},"end":{"line":89,"column":94}},"type":"cond-expr","locations":[{"start":{"line":89,"column":55},"end":{"line":89,"column":81}},{"start":{"line":89,"column":84},"end":{"line":89,"column":94}}]},"1":{"loc":{"start":{"line":100,"column":47},"end":{"line":100,"column":70}},"type":"default-arg","locations":[{"start":{"line":100,"column":68},"end":{"line":100,"column":70}}]},"2":{"loc":{"start":{"line":109,"column":45},"end":{"line":109,"column":70}},"type":"default-arg","locations":[{"start":{"line":109,"column":68},"end":{"line":109,"column":70}}]},"3":{"loc":{"start":{"line":109,"column":72},"end":{"line":109,"column":101}},"type":"default-arg","locations":[{"start":{"line":109,"column":96},"end":{"line":109,"column":101}}]},"4":{"loc":{"start":{"line":113,"column":2},"end":{"line":120,"column":3}},"type":"if","locations":[{"start":{"line":113,"column":2},"end":{"line":120,"column":3}},{"start":{},"end":{}}]},"5":{"loc":{"start":{"line":115,"column":5},"end":{"line":119,"column":6}},"type":"if","locations":[{"start":{"line":115,"column":5},"end":{"line":119,"column":6}},{"start":{},"end":{}}]},"6":{"loc":{"start":{"line":125,"column":8},"end":{"line":125,"column":71}},"type":"binary-expr","locations":[{"start":{"line":125,"column":8},"end":{"line":125,"column":20}},{"start":{"line":125,"column":24},"end":{"line":125,"column":29}},{"start":{"line":125,"column":33},"end":{"line":125,"column":71}}]},"7":{"loc":{"start":{"line":134,"column":2},"end":{"line":151,"column":3}},"type":"if","locations":[{"start":{"line":134,"column":2},"end":{"line":151,"column":3}},{"start":{},"end":{}}]},"8":{"loc":{"start":{"line":142,"column":4},"end":{"line":149,"column":5}},"type":"if","locations":[{"start":{"line":142,"column":4},"end":{"line":149,"column":5}},{"start":{},"end":{}}]},"9":{"loc":{"start":{"line":142,"column":8},"end":{"line":142,"column":58}},"type":"binary-expr","locations":[{"start":{"line":142,"column":8},"end":{"line":142,"column":31}},{"start":{"line":142,"column":35},"end":{"line":142,"column":58}}]},"10":{"loc":{"start":{"line":143,"column":8},"end":{"line":148,"column":9}},"type":"if","locations":[{"start":{"line":143,"column":8},"end":{"line":148,"column":9}},{"start":{},"end":{}}]},"11":{"loc":{"start":{"line":150,"column":23},"end":{"line":150,"column":98}},"type":"binary-expr","locations":[{"start":{"line":150,"column":23},"end":{"line":150,"column":40}},{"start":{"line":150,"column":44},"end":{"line":150,"column":98}}]},"12":{"loc":{"start":{"line":153,"column":2},"end":{"line":155,"column":3}},"type":"if","locations":[{"start":{"line":153,"column":2},"end":{"line":155,"column":3}},{"start":{},"end":{}}]},"13":{"loc":{"start":{"line":168,"column":2},"end":{"line":168,"column":71}},"type":"if","locations":[{"start":{"line":168,"column":2},"end":{"line":168,"column":71}},{"start":{},"end":{}}]},"14":{"loc":{"start":{"line":169,"column":2},"end":{"line":169,"column":74}},"type":"if","locations":[{"start":{"line":169,"column":2},"end":{"line":169,"column":74}},{"start":{},"end":{}}]},"15":{"loc":{"start":{"line":172,"column":61},"end":{"line":172,"column":97}},"type":"cond-expr","locations":[{"start":{"line":172,"column":75},"end":{"line":172,"column":92}},{"start":{"line":172,"column":95},"end":{"line":172,"column":97}}]},"16":{"loc":{"start":{"line":180,"column":18},"end":{"line":182,"column":46}},"type":"cond-expr","locations":[{"start":{"line":181,"column":6},"end":{"line":181,"column":47}},{"start":{"line":182,"column":6},"end":{"line":182,"column":46}}]},"17":{"loc":{"start":{"line":209,"column":2},"end":{"line":211,"column":3}},"type":"if","locations":[{"start":{"line":209,"column":2},"end":{"line":211,"column":3}},{"start":{},"end":{}}]},"18":{"loc":{"start":{"line":330,"column":19},"end":{"line":330,"column":58}},"type":"cond-expr","locations":[{"start":{"line":330,"column":26},"end":{"line":330,"column":47}},{"start":{"line":330,"column":50},"end":{"line":330,"column":58}}]},"19":{"loc":{"start":{"line":376,"column":2},"end":{"line":378,"column":3}},"type":"if","locations":[{"start":{"line":376,"column":2},"end":{"line":378,"column":3}},{"start":{},"end":{}}]},"20":{"loc":{"start":{"line":381,"column":2},"end":{"line":383,"column":3}},"type":"if","locations":[{"start":{"line":381,"column":2},"end":{"line":383,"column":3}},{"start":{},"end":{}}]},"21":{"loc":{"start":{"line":463,"column":2},"end":{"line":465,"column":3}},"type":"if","locations":[{"start":{"line":463,"column":2},"end":{"line":465,"column":3}},{"start":{},"end":{}}]},"22":{"loc":{"start":{"line":797,"column":49},"end":{"line":797,"column":73}},"type":"cond-expr","locations":[{"start":{"line":797,"column":57},"end":{"line":797,"column":68}},{"start":{"line":797,"column":71},"end":{"line":797,"column":73}}]},"23":{"loc":{"start":{"line":802,"column":2},"end":{"line":802,"column":74}},"type":"if","locations":[{"start":{"line":802,"column":2},"end":{"line":802,"column":74}},{"start":{},"end":{}}]},"24":{"loc":{"start":{"line":803,"column":2},"end":{"line":803,"column":68}},"type":"if","locations":[{"start":{"line":803,"column":2},"end":{"line":803,"column":68}},{"start":{},"end":{}}]},"25":{"loc":{"start":{"line":804,"column":2},"end":{"line":804,"column":77}},"type":"if","locations":[{"start":{"line":804,"column":2},"end":{"line":804,"column":77}},{"start":{},"end":{}}]},"26":{"loc":{"start":{"line":805,"column":2},"end":{"line":805,"column":77}},"type":"if","locations":[{"start":{"line":805,"column":2},"end":{"line":805,"column":77}},{"start":{},"end":{}}]},"27":{"loc":{"start":{"line":807,"column":63},"end":{"line":807,"column":99}},"type":"cond-expr","locations":[{"start":{"line":807,"column":77},"end":{"line":807,"column":94}},{"start":{"line":807,"column":97},"end":{"line":807,"column":99}}]},"28":{"loc":{"start":{"line":812,"column":2},"end":{"line":812,"column":74}},"type":"if","locations":[{"start":{"line":812,"column":2},"end":{"line":812,"column":74}},{"start":{},"end":{}}]},"29":{"loc":{"start":{"line":813,"column":2},"end":{"line":813,"column":68}},"type":"if","locations":[{"start":{"line":813,"column":2},"end":{"line":813,"column":68}},{"start":{},"end":{}}]},"30":{"loc":{"start":{"line":814,"column":2},"end":{"line":814,"column":86}},"type":"if","locations":[{"start":{"line":814,"column":2},"end":{"line":814,"column":86}},{"start":{},"end":{}}]},"31":{"loc":{"start":{"line":816,"column":83},"end":{"line":816,"column":119}},"type":"cond-expr","locations":[{"start":{"line":816,"column":97},"end":{"line":816,"column":114}},{"start":{"line":816,"column":117},"end":{"line":816,"column":119}}]},"32":{"loc":{"start":{"line":923,"column":2},"end":{"line":923,"column":71}},"type":"if","locations":[{"start":{"line":923,"column":2},"end":{"line":923,"column":71}},{"start":{},"end":{}}]},"33":{"loc":{"start":{"line":924,"column":2},"end":{"line":924,"column":107}},"type":"if","locations":[{"start":{"line":924,"column":2},"end":{"line":924,"column":107}},{"start":{},"end":{}}]},"34":{"loc":{"start":{"line":928,"column":97},"end":{"line":928,"column":133}},"type":"cond-expr","locations":[{"start":{"line":928,"column":111},"end":{"line":928,"column":128}},{"start":{"line":928,"column":131},"end":{"line":928,"column":133}}]},"35":{"loc":{"start":{"line":1067,"column":4},"end":{"line":1078,"column":5}},"type":"if","locations":[{"start":{"line":1067,"column":4},"end":{"line":1078,"column":5}},{"start":{},"end":{}}]},"36":{"loc":{"start":{"line":1071,"column":8},"end":{"line":1073,"column":9}},"type":"if","locations":[{"start":{"line":1071,"column":8},"end":{"line":1073,"column":9}},{"start":{},"end":{}}]},"37":{"loc":{"start":{"line":1082,"column":4},"end":{"line":1091,"column":5}},"type":"if","locations":[{"start":{"line":1082,"column":4},"end":{"line":1091,"column":5}},{"start":{"line":1089,"column":11},"end":{"line":1091,"column":5}}]},"38":{"loc":{"start":{"line":1082,"column":8},"end":{"line":1082,"column":50}},"type":"binary-expr","locations":[{"start":{"line":1082,"column":8},"end":{"line":1082,"column":35}},{"start":{"line":1082,"column":39},"end":{"line":1082,"column":50}}]},"39":{"loc":{"start":{"line":1090,"column":22},"end":{"line":1090,"column":80}},"type":"binary-expr","locations":[{"start":{"line":1090,"column":22},"end":{"line":1090,"column":36}},{"start":{"line":1090,"column":40},"end":{"line":1090,"column":80}}]},"40":{"loc":{"start":{"line":1121,"column":4},"end":{"line":1132,"column":5}},"type":"if","locations":[{"start":{"line":1121,"column":4},"end":{"line":1132,"column":5}},{"start":{},"end":{}}]},"41":{"loc":{"start":{"line":1125,"column":8},"end":{"line":1127,"column":9}},"type":"if","locations":[{"start":{"line":1125,"column":8},"end":{"line":1127,"column":9}},{"start":{},"end":{}}]},"42":{"loc":{"start":{"line":1136,"column":4},"end":{"line":1143,"column":5}},"type":"if","locations":[{"start":{"line":1136,"column":4},"end":{"line":1143,"column":5}},{"start":{"line":1141,"column":11},"end":{"line":1143,"column":5}}]},"43":{"loc":{"start":{"line":1136,"column":8},"end":{"line":1136,"column":50}},"type":"binary-expr","locations":[{"start":{"line":1136,"column":8},"end":{"line":1136,"column":35}},{"start":{"line":1136,"column":39},"end":{"line":1136,"column":50}}]},"44":{"loc":{"start":{"line":1142,"column":22},"end":{"line":1142,"column":78}},"type":"binary-expr","locations":[{"start":{"line":1142,"column":22},"end":{"line":1142,"column":36}},{"start":{"line":1142,"column":40},"end":{"line":1142,"column":78}}]}},"s":{"0":9,"1":17,"2":17,"3":17,"4":17,"5":9,"6":24,"7":24,"8":24,"9":13,"10":13,"11":2,"12":24,"13":24,"14":24,"15":14,"16":14,"17":14,"18":14,"19":7,"20":4,"21":4,"22":14,"23":10,"24":1,"25":9,"26":9,"27":0,"28":0,"29":0,"30":0,"31":0,"32":0,"33":0,"34":0,"35":9,"36":9,"37":0,"38":0,"39":9,"40":9,"41":0,"42":9,"43":9,"44":2,"45":9,"46":9,"47":2,"48":1,"49":1,"50":1,"51":9,"52":9,"53":6,"54":9,"55":9,"56":0,"57":9,"58":9,"59":0,"60":9,"61":9,"62":0,"63":9,"64":9,"65":0,"66":9,"67":9,"68":0,"69":9,"70":9,"71":0,"72":9,"73":9,"74":0,"75":0,"76":0,"77":9,"78":9,"79":0,"80":0,"81":9,"82":9,"83":0,"84":9,"85":9,"86":0,"87":9,"88":9,"89":0,"90":9,"91":9,"92":0,"93":9,"94":9,"95":5,"96":5,"97":5,"98":1,"99":5,"100":5,"101":1,"102":5,"103":9,"104":9,"105":2,"106":2,"107":9,"108":9,"109":2,"110":9,"111":9,"112":2,"113":9,"114":9,"115":3,"116":9,"117":9,"118":0,"119":0,"120":0,"121":0,"122":9,"123":9,"124":0,"125":9,"126":9,"127":0,"128":9,"129":9,"130":0,"131":9,"132":9,"133":0,"134":9,"135":9,"136":0,"137":0,"138":9,"139":9,"140":0,"141":9,"142":9,"143":0,"144":9,"145":9,"146":0,"147":9,"148":9,"149":0,"150":9,"151":9,"152":0,"153":9,"154":9,"155":0,"156":0,"157":9,"158":9,"159":0,"160":9,"161":9,"162":0,"163":9,"164":9,"165":0,"166":9,"167":9,"168":0,"169":9,"170":9,"171":0,"172":9,"173":9,"174":0,"175":0,"176":9,"177":9,"178":0,"179":9,"180":9,"181":0,"182":0,"183":9,"184":9,"185":0,"186":0,"187":0,"188":0,"189":0,"190":0,"191":0,"192":0,"193":0,"194":0,"195":0,"196":9,"197":9,"198":0,"199":0,"200":0,"201":0,"202":0,"203":0,"204":0,"205":0,"206":0,"207":9,"208":9,"209":0,"210":9,"211":9,"212":0,"213":9,"214":9,"215":0,"216":9,"217":9,"218":0,"219":9,"220":9,"221":0,"222":9,"223":9,"224":0,"225":9,"226":9,"227":0,"228":9,"229":9,"230":0,"231":0,"232":0,"233":0,"234":0,"235":0,"236":0,"237":0,"238":9,"239":9,"240":0,"241":9,"242":9,"243":0,"244":9,"245":9,"246":0,"247":9,"248":9,"249":0,"250":9,"251":9,"252":0,"253":9,"254":9,"255":0,"256":9,"257":9,"258":0,"259":9,"260":9,"261":0,"262":9,"263":9,"264":0,"265":9,"266":9,"267":0,"268":9,"269":9,"270":0,"271":9,"272":9,"273":9,"274":0,"275":0,"276":0,"277":0,"278":0,"279":0,"280":0,"281":0,"282":0,"283":0,"284":0,"285":0,"286":0,"287":0,"288":0,"289":0,"290":9,"291":9,"292":0,"293":0,"294":0,"295":0,"296":0,"297":0,"298":0,"299":0,"300":0,"301":0,"302":0,"303":0,"304":0,"305":0,"306":0,"307":9},"f":{"0":17,"1":24,"2":0,"3":0,"4":0,"5":2,"6":2,"7":6,"8":0,"9":0,"10":0,"11":0,"12":0,"13":0,"14":0,"15":0,"16":0,"17":0,"18":0,"19":0,"20":5,"21":2,"22":2,"23":2,"24":3,"25":0,"26":0,"27":0,"28":0,"29":0,"30":0,"31":0,"32":0,"33":0,"34":0,"35":0,"36":0,"37":0,"38":0,"39":0,"40":0,"41":0,"42":0,"43":0,"44":0,"45":0,"46":0,"47":0,"48":0,"49":0,"50":0,"51":0,"52":0,"53":0,"54":0,"55":0,"56":0,"57":0,"58":0,"59":0,"60":0,"61":0,"62":0,"63":0,"64":0,"65":0,"66":0,"67":0,"68":0},"b":{"0":[9,0],"1":[1],"2":[0],"3":[4],"4":[13,11],"5":[2,11],"6":[24,13,11],"7":[14,10],"8":[7,7],"9":[14,9],"10":[4,3],"11":[14,1],"12":[1,9],"13":[0,0],"14":[0,0],"15":[0,0],"16":[0,0],"17":[1,0],"18":[0,0],"19":[1,4],"20":[1,4],"21":[0,0],"22":[0,0],"23":[0,0],"24":[0,0],"25":[0,0],"26":[0,0],"27":[0,0],"28":[0,0],"29":[0,0],"30":[0,0],"31":[0,0],"32":[0,0],"33":[0,0],"34":[0,0],"35":[0,0],"36":[0,0],"37":[0,0],"38":[0,0],"39":[0,0],"40":[0,0],"41":[0,0],"42":[0,0],"43":[0,0],"44":[0,0]}}
,"C:\\Users\\Raidmax i5\\Documents\\git\\architex-axis-management-suite--3-\\constants.ts": {"path":"C:\\Users\\Raidmax i5\\Documents\\git\\architex-axis-management-suite--3-\\constants.ts","statementMap":{"0":{"start":{"line":6,"column":13},"end":{"line":6,"column":57}},"1":{"start":{"line":7,"column":13},"end":{"line":7,"column":46}},"2":{"start":{"line":11,"column":35},"end":{"line":19,"column":1}},"3":{"start":{"line":12,"column":4},"end":{"line":12,"column":70}},"4":{"start":{"line":12,"column":39},"end":{"line":12,"column":70}},"5":{"start":{"line":13,"column":4},"end":{"line":13,"column":69}},"6":{"start":{"line":13,"column":40},"end":{"line":13,"column":69}},"7":{"start":{"line":14,"column":4},"end":{"line":14,"column":162}},"8":{"start":{"line":14,"column":133},"end":{"line":14,"column":162}},"9":{"start":{"line":15,"column":4},"end":{"line":15,"column":103}},"10":{"start":{"line":15,"column":72},"end":{"line":15,"column":103}},"11":{"start":{"line":16,"column":4},"end":{"line":16,"column":98}},"12":{"start":{"line":16,"column":69},"end":{"line":16,"column":98}},"13":{"start":{"line":17,"column":4},"end":{"line":17,"column":102}},"14":{"start":{"line":17,"column":73},"end":{"line":17,"column":102}},"15":{"start":{"line":18,"column":4},"end":{"line":18,"column":37}},"16":{"start":{"line":11,"column":13},"end":{"line":11,"column":35}},"17":{"start":{"line":22,"column":13},"end":{"line":49,"column":2}},"18":{"start":{"line":51,"column":38},"end":{"line":61,"column":1}},"19":{"start":{"line":52,"column":16},"end":{"line":52,"column":47}},"20":{"start":{"line":53,"column":18},"end":{"line":53,"column":56}},"21":{"start":{"line":54,"column":18},"end":{"line":54,"column":47}},"22":{"start":{"line":56,"column":13},"end":{"line":56,"column":43}},"23":{"start":{"line":57,"column":13},"end":{"line":57,"column":45}},"24":{"start":{"line":58,"column":13},"end":{"line":58,"column":45}},"25":{"start":{"line":60,"column":2},"end":{"line":60,"column":29}},"26":{"start":{"line":51,"column":13},"end":{"line":51,"column":38}}},"fnMap":{"0":{"name":"(anonymous_0)","decl":{"start":{"line":11,"column":35},"end":{"line":11,"column":36}},"loc":{"start":{"line":11,"column":64},"end":{"line":19,"column":1}}},"1":{"name":"(anonymous_1)","decl":{"start":{"line":51,"column":38},"end":{"line":51,"column":39}},"loc":{"start":{"line":51,"column":71},"end":{"line":61,"column":1}}}},"branchMap":{"0":{"loc":{"start":{"line":12,"column":4},"end":{"line":12,"column":70}},"type":"if","locations":[{"start":{"line":12,"column":4},"end":{"line":12,"column":70}},{"start":{},"end":{}}]},"1":{"loc":{"start":{"line":13,"column":4},"end":{"line":13,"column":69}},"type":"if","locations":[{"start":{"line":13,"column":4},"end":{"line":13,"column":69}},{"start":{},"end":{}}]},"2":{"loc":{"start":{"line":14,"column":4},"end":{"line":14,"column":162}},"type":"if","locations":[{"start":{"line":14,"column":4},"end":{"line":14,"column":162}},{"start":{},"end":{}}]},"3":{"loc":{"start":{"line":14,"column":8},"end":{"line":14,"column":131}},"type":"binary-expr","locations":[{"start":{"line":14,"column":8},"end":{"line":14,"column":94}},{"start":{"line":14,"column":98},"end":{"line":14,"column":131}}]},"4":{"loc":{"start":{"line":15,"column":4},"end":{"line":15,"column":103}},"type":"if","locations":[{"start":{"line":15,"column":4},"end":{"line":15,"column":103}},{"start":{},"end":{}}]},"5":{"loc":{"start":{"line":15,"column":8},"end":{"line":15,"column":70}},"type":"binary-expr","locations":[{"start":{"line":15,"column":8},"end":{"line":15,"column":40}},{"start":{"line":15,"column":44},"end":{"line":15,"column":70}}]},"6":{"loc":{"start":{"line":16,"column":4},"end":{"line":16,"column":98}},"type":"if","locations":[{"start":{"line":16,"column":4},"end":{"line":16,"column":98}},{"start":{},"end":{}}]},"7":{"loc":{"start":{"line":16,"column":8},"end":{"line":16,"column":67}},"type":"binary-expr","locations":[{"start":{"line":16,"column":8},"end":{"line":16,"column":32}},{"start":{"line":16,"column":36},"end":{"line":16,"column":67}}]},"8":{"loc":{"start":{"line":17,"column":4},"end":{"line":17,"column":102}},"type":"if","locations":[{"start":{"line":17,"column":4},"end":{"line":17,"column":102}},{"start":{},"end":{}}]},"9":{"loc":{"start":{"line":17,"column":8},"end":{"line":17,"column":71}},"type":"binary-expr","locations":[{"start":{"line":17,"column":8},"end":{"line":17,"column":36}},{"start":{"line":17,"column":40},"end":{"line":17,"column":71}}]}},"s":{"0":4,"1":4,"2":4,"3":0,"4":0,"5":0,"6":0,"7":0,"8":0,"9":0,"10":0,"11":0,"12":0,"13":0,"14":0,"15":0,"16":4,"17":4,"18":4,"19":0,"20":0,"21":0,"22":0,"23":0,"24":0,"25":0,"26":4},"f":{"0":0,"1":0},"b":{"0":[0,0],"1":[0,0],"2":[0,0],"3":[0,0],"4":[0,0],"5":[0,0],"6":[0,0],"7":[0,0],"8":[0,0],"9":[0,0]}}
,"C:\\Users\\Raidmax i5\\Documents\\git\\architex-axis-management-suite--3-\\playwright.config.ts": {"path":"C:\\Users\\Raidmax i5\\Documents\\git\\architex-axis-management-suite--3-\\playwright.config.ts","statementMap":{"0":{"start":{"line":1,"column":0},"end":{"line":1,"column":57}},"1":{"start":{"line":6,"column":0},"end":{"line":51,"column":3}}},"fnMap":{},"branchMap":{"0":{"loc":{"start":{"line":13,"column":11},"end":{"line":13,"column":33}},"type":"cond-expr","locations":[{"start":{"line":13,"column":28},"end":{"line":13,"column":29}},{"start":{"line":13,"column":32},"end":{"line":13,"column":33}}]},"1":{"loc":{"start":{"line":15,"column":11},"end":{"line":15,"column":41}},"type":"cond-expr","locations":[{"start":{"line":15,"column":28},"end":{"line":15,"column":29}},{"start":{"line":15,"column":32},"end":{"line":15,"column":41}}]}},"s":{"0":0,"1":0},"f":{},"b":{"0":[0,0],"1":[0,0]}}
,"C:\\Users\\Raidmax i5\\Documents\\git\\architex-axis-management-suite--3-\\types.ts": {"path":"C:\\Users\\Raidmax i5\\Documents\\git\\architex-axis-management-suite--3-\\types.ts","statementMap":{"0":{"start":{"line":1,"column":0},"end":{"line":1,"column":null}},"1":{"start":{"line":2,"column":2},"end":{"line":2,"column":null}},"2":{"start":{"line":3,"column":2},"end":{"line":3,"column":null}},"3":{"start":{"line":4,"column":2},"end":{"line":4,"column":null}},"4":{"start":{"line":20,"column":0},"end":{"line":20,"column":null}},"5":{"start":{"line":21,"column":2},"end":{"line":21,"column":null}},"6":{"start":{"line":22,"column":2},"end":{"line":22,"column":null}},"7":{"start":{"line":23,"column":2},"end":{"line":23,"column":null}},"8":{"start":{"line":24,"column":2},"end":{"line":24,"column":null}},"9":{"start":{"line":25,"column":2},"end":{"line":25,"column":null}},"10":{"start":{"line":26,"column":2},"end":{"line":26,"column":null}},"11":{"start":{"line":29,"column":0},"end":{"line":29,"column":null}},"12":{"start":{"line":30,"column":2},"end":{"line":30,"column":null}},"13":{"start":{"line":31,"column":2},"end":{"line":31,"column":null}},"14":{"start":{"line":32,"column":2},"end":{"line":32,"column":null}},"15":{"start":{"line":33,"column":2},"end":{"line":33,"column":null}},"16":{"start":{"line":100,"column":0},"end":{"line":100,"column":null}},"17":{"start":{"line":101,"column":2},"end":{"line":101,"column":null}},"18":{"start":{"line":102,"column":2},"end":{"line":102,"column":null}},"19":{"start":{"line":103,"column":2},"end":{"line":103,"column":null}},"20":{"start":{"line":104,"column":2},"end":{"line":104,"column":null}},"21":{"start":{"line":105,"column":2},"end":{"line":105,"column":null}}},"fnMap":{"0":{"name":"(anonymous_0)","decl":{"start":{"line":1,"column":0},"end":{"line":1,"column":12}},"loc":{"start":{"line":1,"column":20},"end":{"line":5,"column":1}}},"1":{"name":"(anonymous_1)","decl":{"start":{"line":20,"column":0},"end":{"line":20,"column":12}},"loc":{"start":{"line":20,"column":25},"end":{"line":27,"column":1}}},"2":{"name":"(anonymous_2)","decl":{"start":{"line":29,"column":0},"end":{"line":29,"column":12}},"loc":{"start":{"line":29,"column":25},"end":{"line":34,"column":1}}},"3":{"name":"(anonymous_3)","decl":{"start":{"line":100,"column":0},"end":{"line":100,"column":12}},"loc":{"start":{"line":100,"column":25},"end":{"line":106,"column":1}}}},"branchMap":{"0":{"loc":{"start":{"line":1,"column":12},"end":{"line":1,"column":null}},"type":"binary-expr","locations":[{"start":{"line":1,"column":12},"end":{"line":1,"column":20}},{"start":{"line":1,"column":20},"end":{"line":1,"column":null}}]},"1":{"loc":{"start":{"line":20,"column":12},"end":{"line":20,"column":null}},"type":"binary-expr","locations":[{"start":{"line":20,"column":12},"end":{"line":20,"column":25}},{"start":{"line":20,"column":25},"end":{"line":20,"column":null}}]},"2":{"loc":{"start":{"line":29,"column":12},"end":{"line":29,"column":null}},"type":"binary-expr","locations":[{"start":{"line":29,"column":12},"end":{"line":29,"column":25}},{"start":{"line":29,"column":25},"end":{"line":29,"column":null}}]},"3":{"loc":{"start":{"line":100,"column":12},"end":{"line":100,"column":null}},"type":"binary-expr","locations":[{"start":{"line":100,"column":12},"end":{"line":100,"column":25}},{"start":{"line":100,"column":25},"end":{"line":100,"column":null}}]}},"s":{"0":9,"1":9,"2":9,"3":9,"4":9,"5":9,"6":9,"7":9,"8":9,"9":9,"10":9,"11":9,"12":9,"13":9,"14":9,"15":9,"16":9,"17":9,"18":9,"19":9,"20":9,"21":9},"f":{"0":9,"1":9,"2":9,"3":9},"b":{"0":[9,9],"1":[9,9],"2":[9,9],"3":[9,9]}}
,"C:\\Users\\Raidmax i5\\Documents\\git\\architex-axis-management-suite--3-\\components\\AuthContext.tsx": {"path":"C:\\Users\\Raidmax i5\\Documents\\git\\architex-axis-management-suite--3-\\components\\AuthContext.tsx","statementMap":{"0":{"start":{"line":1,"column":0},"end":{"line":1,"column":89}},"1":{"start":{"line":3,"column":0},"end":{"line":3,"column":127}},"2":{"start":{"line":27,"column":13},"end":{"line":27,"column":81}},"3":{"start":{"line":29,"column":63},"end":{"line":197,"column":1}},"4":{"start":{"line":30,"column":26},"end":{"line":30,"column":57}},"5":{"start":{"line":31,"column":28},"end":{"line":31,"column":57}},"6":{"start":{"line":32,"column":36},"end":{"line":32,"column":59}},"7":{"start":{"line":33,"column":48},"end":{"line":33,"column":86}},"8":{"start":{"line":35,"column":2},"end":{"line":70,"column":9}},"9":{"start":{"line":36,"column":28},"end":{"line":55,"column":5}},"10":{"start":{"line":37,"column":6},"end":{"line":37,"column":25}},"11":{"start":{"line":38,"column":26},"end":{"line":38,"column":59}},"12":{"start":{"line":39,"column":6},"end":{"line":53,"column":7}},"13":{"start":{"line":40,"column":8},"end":{"line":52,"column":9}},"14":{"start":{"line":42,"column":26},"end":{"line":42,"column":53}},"15":{"start":{"line":43,"column":10},"end":{"line":43,"column":27}},"16":{"start":{"line":44,"column":10},"end":{"line":44,"column":32}},"17":{"start":{"line":45,"column":10},"end":{"line":45,"column":75}},"18":{"start":{"line":47,"column":10},"end":{"line":47,"column":81}},"19":{"start":{"line":48,"column":10},"end":{"line":48,"column":47}},"20":{"start":{"line":49,"column":10},"end":{"line":49,"column":53}},"21":{"start":{"line":50,"column":10},"end":{"line":50,"column":24}},"22":{"start":{"line":51,"column":10},"end":{"line":51,"column":25}},"23":{"start":{"line":54,"column":6},"end":{"line":54,"column":26}},"24":{"start":{"line":57,"column":4},"end":{"line":57,"column":22}},"25":{"start":{"line":60,"column":28},"end":{"line":60,"column":67}},"26":{"start":{"line":61,"column":4},"end":{"line":69,"column":5}},"27":{"start":{"line":62,"column":8},"end":{"line":68,"column":9}},"28":{"start":{"line":63,"column":36},"end":{"line":63,"column":63}},"29":{"start":{"line":64,"column":12},"end":{"line":64,"column":103}},"30":{"start":{"line":66,"column":12},"end":{"line":66,"column":71}},"31":{"start":{"line":67,"column":12},"end":{"line":67,"column":55}},"32":{"start":{"line":72,"column":16},"end":{"line":96,"column":3}},"33":{"start":{"line":73,"column":4},"end":{"line":73,"column":23}},"34":{"start":{"line":74,"column":4},"end":{"line":95,"column":5}},"35":{"start":{"line":76,"column":23},"end":{"line":76,"column":50}},"36":{"start":{"line":77,"column":6},"end":{"line":77,"column":29}},"37":{"start":{"line":78,"column":6},"end":{"line":78,"column":31}},"38":{"start":{"line":79,"column":6},"end":{"line":79,"column":77}},"39":{"start":{"line":80,"column":6},"end":{"line":80,"column":56}},"40":{"start":{"line":81,"column":6},"end":{"line":81,"column":26}},"41":{"start":{"line":82,"column":6},"end":{"line":82,"column":27}},"42":{"start":{"line":84,"column":6},"end":{"line":84,"column":53}},"43":{"start":{"line":85,"column":6},"end":{"line":85,"column":26}},"44":{"start":{"line":86,"column":6},"end":{"line":88,"column":7}},"45":{"start":{"line":87,"column":8},"end":{"line":87,"column":20}},"46":{"start":{"line":90,"column":6},"end":{"line":90,"column":20}},"47":{"start":{"line":91,"column":6},"end":{"line":91,"column":21}},"48":{"start":{"line":92,"column":6},"end":{"line":92,"column":49}},"49":{"start":{"line":93,"column":6},"end":{"line":93,"column":43}},"50":{"start":{"line":94,"column":6},"end":{"line":94,"column":18}},"51":{"start":{"line":98,"column":32},"end":{"line":128,"column":3}},"52":{"start":{"line":99,"column":4},"end":{"line":104,"column":5}},"53":{"start":{"line":100,"column":6},"end":{"line":100,"column":63}},"54":{"start":{"line":101,"column":6},"end":{"line":101,"column":31}},"55":{"start":{"line":102,"column":6},"end":{"line":102,"column":49}},"56":{"start":{"line":103,"column":6},"end":{"line":103,"column":13}},"57":{"start":{"line":105,"column":20},"end":{"line":105,"column":30}},"58":{"start":{"line":106,"column":28},"end":{"line":106,"column":111}},"59":{"start":{"line":109,"column":59},"end":{"line":117,"column":6}},"60":{"start":{"line":119,"column":4},"end":{"line":125,"column":5}},"61":{"start":{"line":120,"column":6},"end":{"line":120,"column":66}},"62":{"start":{"line":121,"column":6},"end":{"line":121,"column":58}},"63":{"start":{"line":123,"column":6},"end":{"line":123,"column":59}},"64":{"start":{"line":126,"column":4},"end":{"line":126,"column":29}},"65":{"start":{"line":127,"column":4},"end":{"line":127,"column":47}},"66":{"start":{"line":131,"column":17},"end":{"line":143,"column":3}},"67":{"start":{"line":132,"column":4},"end":{"line":134,"column":5}},"68":{"start":{"line":133,"column":6},"end":{"line":133,"column":73}},"69":{"start":{"line":135,"column":4},"end":{"line":135,"column":18}},"70":{"start":{"line":136,"column":4},"end":{"line":136,"column":19}},"71":{"start":{"line":137,"column":4},"end":{"line":137,"column":29}},"72":{"start":{"line":138,"column":4},"end":{"line":138,"column":47}},"73":{"start":{"line":139,"column":4},"end":{"line":139,"column":41}},"74":{"start":{"line":140,"column":4},"end":{"line":140,"column":47}},"75":{"start":{"line":145,"column":35},"end":{"line":172,"column":3}},"76":{"start":{"line":146,"column":4},"end":{"line":170,"column":5}},"77":{"start":{"line":147,"column":6},"end":{"line":169,"column":7}},"78":{"start":{"line":159,"column":8},"end":{"line":159,"column":129}},"79":{"start":{"line":161,"column":35},"end":{"line":161,"column":69}},"80":{"start":{"line":162,"column":8},"end":{"line":162,"column":36}},"81":{"start":{"line":163,"column":8},"end":{"line":163,"column":84}},"82":{"start":{"line":165,"column":8},"end":{"line":165,"column":20}},"83":{"start":{"line":167,"column":8},"end":{"line":167,"column":64}},"84":{"start":{"line":168,"column":8},"end":{"line":168,"column":21}},"85":{"start":{"line":171,"column":4},"end":{"line":171,"column":17}},"86":{"start":{"line":174,"column":27},"end":{"line":182,"column":3}},"87":{"start":{"line":175,"column":4},"end":{"line":178,"column":5}},"88":{"start":{"line":176,"column":6},"end":{"line":176,"column":70}},"89":{"start":{"line":177,"column":6},"end":{"line":177,"column":13}},"90":{"start":{"line":179,"column":25},"end":{"line":179,"column":86}},"91":{"start":{"line":180,"column":4},"end":{"line":180,"column":37}},"92":{"start":{"line":181,"column":4},"end":{"line":181,"column":74}},"93":{"start":{"line":184,"column":32},"end":{"line":187,"column":3}},"94":{"start":{"line":185,"column":4},"end":{"line":185,"column":29}},"95":{"start":{"line":186,"column":4},"end":{"line":186,"column":47}},"96":{"start":{"line":189,"column":2},"end":{"line":196,"column":4}},"97":{"start":{"line":29,"column":13},"end":{"line":29,"column":63}},"98":{"start":{"line":199,"column":23},"end":{"line":205,"column":1}},"99":{"start":{"line":200,"column":18},"end":{"line":200,"column":41}},"100":{"start":{"line":201,"column":2},"end":{"line":203,"column":3}},"101":{"start":{"line":202,"column":4},"end":{"line":202,"column":67}},"102":{"start":{"line":204,"column":2},"end":{"line":204,"column":17}},"103":{"start":{"line":199,"column":13},"end":{"line":199,"column":23}}},"fnMap":{"0":{"name":"(anonymous_9)","decl":{"start":{"line":29,"column":63},"end":{"line":29,"column":64}},"loc":{"start":{"line":29,"column":80},"end":{"line":197,"column":1}}},"1":{"name":"(anonymous_10)","decl":{"start":{"line":35,"column":12},"end":{"line":35,"column":15}},"loc":{"start":{"line":35,"column":17},"end":{"line":70,"column":3}}},"2":{"name":"(anonymous_11)","decl":{"start":{"line":36,"column":28},"end":{"line":36,"column":33}},"loc":{"start":{"line":36,"column":39},"end":{"line":55,"column":5}}},"3":{"name":"(anonymous_12)","decl":{"start":{"line":72,"column":16},"end":{"line":72,"column":21}},"loc":{"start":{"line":72,"column":79},"end":{"line":96,"column":3}}},"4":{"name":"(anonymous_13)","decl":{"start":{"line":98,"column":32},"end":{"line":98,"column":37}},"loc":{"start":{"line":98,"column":102},"end":{"line":128,"column":3}}},"5":{"name":"(anonymous_14)","decl":{"start":{"line":131,"column":17},"end":{"line":131,"column":22}},"loc":{"start":{"line":131,"column":28},"end":{"line":143,"column":3}}},"6":{"name":"(anonymous_15)","decl":{"start":{"line":145,"column":35},"end":{"line":145,"column":40}},"loc":{"start":{"line":145,"column":101},"end":{"line":172,"column":3}}},"7":{"name":"(anonymous_16)","decl":{"start":{"line":174,"column":27},"end":{"line":174,"column":28}},"loc":{"start":{"line":174,"column":90},"end":{"line":182,"column":3}}},"8":{"name":"(anonymous_17)","decl":{"start":{"line":184,"column":32},"end":{"line":184,"column":35}},"loc":{"start":{"line":184,"column":37},"end":{"line":187,"column":3}}},"9":{"name":"(anonymous_18)","decl":{"start":{"line":199,"column":23},"end":{"line":199,"column":43}},"loc":{"start":{"line":199,"column":45},"end":{"line":205,"column":1}}}},"branchMap":{"0":{"loc":{"start":{"line":39,"column":6},"end":{"line":53,"column":7}},"type":"if","locations":[{"start":{"line":39,"column":6},"end":{"line":53,"column":7}},{"start":{},"end":{}}]},"1":{"loc":{"start":{"line":61,"column":4},"end":{"line":69,"column":5}},"type":"if","locations":[{"start":{"line":61,"column":4},"end":{"line":69,"column":5}},{"start":{},"end":{}}]},"2":{"loc":{"start":{"line":86,"column":6},"end":{"line":88,"column":7}},"type":"if","locations":[{"start":{"line":86,"column":6},"end":{"line":88,"column":7}},{"start":{},"end":{}}]},"3":{"loc":{"start":{"line":98,"column":55},"end":{"line":98,"column":83}},"type":"default-arg","locations":[{"start":{"line":98,"column":78},"end":{"line":98,"column":83}}]},"4":{"loc":{"start":{"line":99,"column":4},"end":{"line":104,"column":5}},"type":"if","locations":[{"start":{"line":99,"column":4},"end":{"line":104,"column":5}},{"start":{},"end":{}}]},"5":{"loc":{"start":{"line":99,"column":8},"end":{"line":99,"column":33}},"type":"binary-expr","locations":[{"start":{"line":99,"column":8},"end":{"line":99,"column":24}},{"start":{"line":99,"column":28},"end":{"line":99,"column":33}}]},"6":{"loc":{"start":{"line":115,"column":13},"end":{"line":115,"column":65}},"type":"cond-expr","locations":[{"start":{"line":115,"column":27},"end":{"line":115,"column":57}},{"start":{"line":115,"column":60},"end":{"line":115,"column":65}}]},"7":{"loc":{"start":{"line":115,"column":27},"end":{"line":115,"column":57}},"type":"binary-expr","locations":[{"start":{"line":115,"column":27},"end":{"line":115,"column":32}},{"start":{"line":115,"column":36},"end":{"line":115,"column":57}}]},"8":{"loc":{"start":{"line":132,"column":4},"end":{"line":134,"column":5}},"type":"if","locations":[{"start":{"line":132,"column":4},"end":{"line":134,"column":5}},{"start":{},"end":{}}]},"9":{"loc":{"start":{"line":146,"column":4},"end":{"line":170,"column":5}},"type":"if","locations":[{"start":{"line":146,"column":4},"end":{"line":170,"column":5}},{"start":{},"end":{}}]},"10":{"loc":{"start":{"line":175,"column":4},"end":{"line":178,"column":5}},"type":"if","locations":[{"start":{"line":175,"column":4},"end":{"line":178,"column":5}},{"start":{},"end":{}}]},"11":{"loc":{"start":{"line":201,"column":2},"end":{"line":203,"column":3}},"type":"if","locations":[{"start":{"line":201,"column":2},"end":{"line":203,"column":3}},{"start":{},"end":{}}]}},"s":{"0":7,"1":7,"2":7,"3":7,"4":0,"5":0,"6":0,"7":0,"8":0,"9":0,"10":0,"11":0,"12":0,"13":0,"14":0,"15":0,"16":0,"17":0,"18":0,"19":0,"20":0,"21":0,"22":0,"23":0,"24":0,"25":0,"26":0,"27":0,"28":0,"29":0,"30":0,"31":0,"32":0,"33":0,"34":0,"35":0,"36":0,"37":0,"38":0,"39":0,"40":0,"41":0,"42":0,"43":0,"44":0,"45":0,"46":0,"47":0,"48":0,"49":0,"50":0,"51":0,"52":0,"53":0,"54":0,"55":0,"56":0,"57":0,"58":0,"59":0,"60":0,"61":0,"62":0,"63":0,"64":0,"65":0,"66":0,"67":0,"68":0,"69":0,"70":0,"71":0,"72":0,"73":0,"74":0,"75":0,"76":0,"77":0,"78":0,"79":0,"80":0,"81":0,"82":0,"83":0,"84":0,"85":0,"86":0,"87":0,"88":0,"89":0,"90":0,"91":0,"92":0,"93":0,"94":0,"95":0,"96":0,"97":7,"98":7,"99":19,"100":19,"101":2,"102":17,"103":7},"f":{"0":0,"1":0,"2":0,"3":0,"4":0,"5":0,"6":0,"7":0,"8":0,"9":19},"b":{"0":[0,0],"1":[0,0],"2":[0,0],"3":[0],"4":[0,0],"5":[0,0],"6":[0,0],"7":[0,0],"8":[0,0],"9":[0,0],"10":[0,0],"11":[2,17]}}
,"C:\\Users\\Raidmax i5\\Documents\\git\\architex-axis-management-suite--3-\\components\\Dashboard.tsx": {"path":"C:\\Users\\Raidmax i5\\Documents\\git\\architex-axis-management-suite--3-\\components\\Dashboard.tsx","statementMap":{"0":{"start":{"line":2,"column":0},"end":{"line":2,"column":26}},"1":{"start":{"line":3,"column":0},"end":{"line":3,"column":59}},"2":{"start":{"line":4,"column":0},"end":{"line":4,"column":40}},"3":{"start":{"line":5,"column":0},"end":{"line":5,"column":36}},"4":{"start":{"line":6,"column":0},"end":{"line":6,"column":53}},"5":{"start":{"line":7,"column":0},"end":{"line":7,"column":59}},"6":{"start":{"line":10,"column":0},"end":{"line":10,"column":52}},"7":{"start":{"line":11,"column":0},"end":{"line":11,"column":52}},"8":{"start":{"line":12,"column":0},"end":{"line":12,"column":58}},"9":{"start":{"line":13,"column":0},"end":{"line":13,"column":70}},"10":{"start":{"line":14,"column":0},"end":{"line":14,"column":68}},"11":{"start":{"line":15,"column":0},"end":{"line":15,"column":57}},"12":{"start":{"line":16,"column":0},"end":{"line":16,"column":57}},"13":{"start":{"line":17,"column":0},"end":{"line":17,"column":49}},"14":{"start":{"line":18,"column":0},"end":{"line":18,"column":81}},"15":{"start":{"line":19,"column":0},"end":{"line":19,"column":45}},"16":{"start":{"line":20,"column":0},"end":{"line":20,"column":73}},"17":{"start":{"line":21,"column":0},"end":{"line":21,"column":44}},"18":{"start":{"line":22,"column":0},"end":{"line":22,"column":48}},"19":{"start":{"line":23,"column":0},"end":{"line":23,"column":41}},"20":{"start":{"line":24,"column":0},"end":{"line":24,"column":199}},"21":{"start":{"line":27,"column":27},"end":{"line":57,"column":1}},"22":{"start":{"line":28,"column":28},"end":{"line":28,"column":47}},"23":{"start":{"line":29,"column":2},"end":{"line":56,"column":3}},"24":{"start":{"line":31,"column":6},"end":{"line":39,"column":8}},"25":{"start":{"line":41,"column":6},"end":{"line":47,"column":8}},"26":{"start":{"line":49,"column":6},"end":{"line":53,"column":8}},"27":{"start":{"line":55,"column":6},"end":{"line":55,"column":91}},"28":{"start":{"line":60,"column":28},"end":{"line":135,"column":1}},"29":{"start":{"line":61,"column":30},"end":{"line":61,"column":39}},"30":{"start":{"line":63,"column":2},"end":{"line":69,"column":3}},"31":{"start":{"line":64,"column":4},"end":{"line":68,"column":6}},"32":{"start":{"line":71,"column":2},"end":{"line":74,"column":3}},"33":{"start":{"line":73,"column":4},"end":{"line":73,"column":53}},"34":{"start":{"line":76,"column":26},"end":{"line":76,"column":55}},"35":{"start":{"line":78,"column":2},"end":{"line":81,"column":4}},"36":{"start":{"line":83,"column":2},"end":{"line":134,"column":4}},"37":{"start":{"line":137,"column":0},"end":{"line":137,"column":25}}},"fnMap":{"0":{"name":"(anonymous_1)","decl":{"start":{"line":27,"column":27},"end":{"line":27,"column":28}},"loc":{"start":{"line":27,"column":64},"end":{"line":57,"column":1}}},"1":{"name":"(anonymous_2)","decl":{"start":{"line":60,"column":28},"end":{"line":60,"column":31}},"loc":{"start":{"line":60,"column":33},"end":{"line":135,"column":1}}}},"branchMap":{"0":{"loc":{"start":{"line":29,"column":2},"end":{"line":56,"column":3}},"type":"switch","locations":[{"start":{"line":30,"column":4},"end":{"line":39,"column":8}},{"start":{"line":40,"column":4},"end":{"line":47,"column":8}},{"start":{"line":48,"column":4},"end":{"line":53,"column":8}},{"start":{"line":54,"column":4},"end":{"line":55,"column":91}}]},"1":{"loc":{"start":{"line":63,"column":2},"end":{"line":69,"column":3}},"type":"if","locations":[{"start":{"line":63,"column":2},"end":{"line":69,"column":3}},{"start":{},"end":{}}]},"2":{"loc":{"start":{"line":71,"column":2},"end":{"line":74,"column":3}},"type":"if","locations":[{"start":{"line":71,"column":2},"end":{"line":74,"column":3}},{"start":{},"end":{}}]},"3":{"loc":{"start":{"line":96,"column":11},"end":{"line":104,"column":null}},"type":"binary-expr","locations":[{"start":{"line":96,"column":11},"end":{"line":96,"column":39}},{"start":{"line":97,"column":12},"end":{"line":103,"column":null}}]},"4":{"loc":{"start":{"line":108,"column":11},"end":{"line":114,"column":null}},"type":"binary-expr","locations":[{"start":{"line":108,"column":11},"end":{"line":108,"column":44}},{"start":{"line":109,"column":12},"end":{"line":113,"column":null}}]},"5":{"loc":{"start":{"line":118,"column":11},"end":{"line":122,"column":null}},"type":"binary-expr","locations":[{"start":{"line":118,"column":11},"end":{"line":118,"column":40}},{"start":{"line":119,"column":12},"end":{"line":121,"column":null}}]}},"s":{"0":0,"1":0,"2":0,"3":0,"4":0,"5":0,"6":0,"7":0,"8":0,"9":0,"10":0,"11":0,"12":0,"13":0,"14":0,"15":0,"16":0,"17":0,"18":0,"19":0,"20":0,"21":0,"22":0,"23":0,"24":0,"25":0,"26":0,"27":0,"28":0,"29":0,"30":0,"31":0,"32":0,"33":0,"34":0,"35":0,"36":0,"37":0},"f":{"0":0,"1":0},"b":{"0":[0,0,0,0],"1":[0,0],"2":[0,0],"3":[0,0],"4":[0,0],"5":[0,0]}}
,"C:\\Users\\Raidmax i5\\Documents\\git\\architex-axis-management-suite--3-\\components\\HomePage.tsx": {"path":"C:\\Users\\Raidmax i5\\Documents\\git\\architex-axis-management-suite--3-\\components\\HomePage.tsx","statementMap":{"0":{"start":{"line":1,"column":0},"end":{"line":1,"column":26}},"1":{"start":{"line":17,"column":27},"end":{"line":105,"column":1}},"2":{"start":{"line":18,"column":2},"end":{"line":26,"column":4}},"3":{"start":{"line":107,"column":0},"end":{"line":107,"column":24}}},"fnMap":{"0":{"name":"(anonymous_1)","decl":{"start":{"line":17,"column":27},"end":{"line":17,"column":30}},"loc":{"start":{"line":17,"column":32},"end":{"line":105,"column":1}}}},"branchMap":{},"s":{"0":0,"1":0,"2":0,"3":0},"f":{"0":0},"b":{}}
[...]
line":95,"column":1}},"7":{"start":{"line":17,"column":19},"end":{"line":17,"column":32}},"8":{"start":{"line":19,"column":25},"end":{"line":28,"column":3}},"9":{"start":{"line":20,"column":4},"end":{"line":27,"column":5}},"10":{"start":{"line":21,"column":43},"end":{"line":21,"column":100}},"11":{"start":{"line":22,"column":31},"end":{"line":22,"column":85}},"12":{"start":{"line":23,"column":38},"end":{"line":23,"column":95}},"13":{"start":{"line":24,"column":36},"end":{"line":24,"column":87}},"14":{"start":{"line":25,"column":36},"end":{"line":25,"column":84}},"15":{"start":{"line":26,"column":15},"end":{"line":26,"column":66}},"16":{"start":{"line":30,"column":28},"end":{"line":36,"column":3}},"17":{"start":{"line":31,"column":4},"end":{"line":35,"column":5}},"18":{"start":{"line":32,"column":6},"end":{"line":32,"column":29}},"19":{"start":{"line":34,"column":6},"end":{"line":34,"column":69}},"20":{"start":{"line":38,"column":2},"end":{"line":94,"column":4}},"21":{"start":{"line":77,"column":16},"end":{"line":77,"column":34}},"22":{"start":{"line":88,"column":61},"end":{"line":88,"column":77}},"23":{"start":{"line":97,"column":0},"end":{"line":97,"column":27}}},"fnMap":{"0":{"name":"(anonymous_1)","decl":{"start":{"line":16,"column":48},"end":{"line":16,"column":49}},"loc":{"start":{"line":16,"column":105},"end":{"line":95,"column":1}}},"1":{"name":"(anonymous_2)","decl":{"start":{"line":19,"column":25},"end":{"line":19,"column":26}},"loc":{"start":{"line":19,"column":51},"end":{"line":28,"column":3}}},"2":{"name":"(anonymous_3)","decl":{"start":{"line":30,"column":28},"end":{"line":30,"column":31}},"loc":{"start":{"line":30,"column":33},"end":{"line":36,"column":3}}},"3":{"name":"(anonymous_4)","decl":{"start":{"line":76,"column":42},"end":{"line":76,"column":47}},"loc":{"start":{"line":77,"column":16},"end":{"line":77,"column":34}}},"4":{"name":"(anonymous_5)","decl":{"start":{"line":88,"column":55},"end":{"line":88,"column":58}},"loc":{"start":{"line":88,"column":61},"end":{"line":88,"column":77}}}},"branchMap":{"0":{"loc":{"start":{"line":20,"column":4},"end":{"line":27,"column":5}},"type":"switch","locations":[{"start":{"line":21,"column":6},"end":{"line":21,"column":100}},{"start":{"line":22,"column":6},"end":{"line":22,"column":85}},{"start":{"line":23,"column":6},"end":{"line":23,"column":95}},{"start":{"line":24,"column":6},"end":{"line":24,"column":87}},{"start":{"line":25,"column":6},"end":{"line":25,"column":84}},{"start":{"line":26,"column":6},"end":{"line":26,"column":66}}]},"1":{"loc":{"start":{"line":31,"column":4},"end":{"line":35,"column":5}},"type":"if","locations":[{"start":{"line":31,"column":4},"end":{"line":35,"column":5}},{"start":{"line":33,"column":11},"end":{"line":35,"column":5}}]},"2":{"loc":{"start":{"line":58,"column":11},"end":{"line":62,"column":null}},"type":"binary-expr","locations":[{"start":{"line":58,"column":11},"end":{"line":58,"column":29}},{"start":{"line":59,"column":12},"end":{"line":61,"column":null}}]},"3":{"loc":{"start":{"line":64,"column":11},"end":{"line":68,"column":null}},"type":"binary-expr","locations":[{"start":{"line":64,"column":11},"end":{"line":64,"column":41}},{"start":{"line":65,"column":12},"end":{"line":67,"column":null}}]},"4":{"loc":{"start":{"line":72,"column":9},"end":{"line":80,"column":null}},"type":"binary-expr","locations":[{"start":{"line":72,"column":9},"end":{"line":72,"column":31}},{"start":{"line":72,"column":35},"end":{"line":72,"column":68}},{"start":{"line":73,"column":10},"end":{"line":79,"column":null}}]},"5":{"loc":{"start":{"line":87,"column":9},"end":{"line":90,"column":null}},"type":"binary-expr","locations":[{"start":{"line":87,"column":9},"end":{"line":87,"column":24}},{"start":{"line":87,"column":28},"end":{"line":87,"column":35}},{"start":{"line":87,"column":39},"end":{"line":87,"column":76}},{"start":{"line":88,"column":10},"end":{"line":88,"column":null}}]}},"s":{"0":1,"1":1,"2":1,"3":1,"4":1,"5":1,"6":1,"7":2,"8":2,"9":2,"10":0,"11":2,"12":0,"13":0,"14":0,"15":0,"16":2,"17":0,"18":0,"19":0,"20":2,"21":0,"22":0,"23":1},"f":{"0":2,"1":2,"2":0,"3":0,"4":0},"b":{"0":[0,2,0,0,0,0],"1":[0,0],"2":[2,2],"3":[2,0],"4":[2,2,0],"5":[2,0,0,0]}}
,"C:\\Users\\Raidmax i5\\Documents\\git\\architex-axis-management-suite--3-\\components\\shared\\ProtectedView.tsx": {"path":"C:\\Users\\Raidmax i5\\Documents\\git\\architex-axis-management-suite--3-\\components\\shared\\ProtectedView.tsx","statementMap":{"0":{"start":{"line":2,"column":0},"end":{"line":2,"column":26}},"1":{"start":{"line":3,"column":0},"end":{"line":3,"column":57}},"2":{"start":{"line":4,"column":0},"end":{"line":4,"column":41}},"3":{"start":{"line":6,"column":0},"end":{"line":6,"column":46}},"4":{"start":{"line":7,"column":0},"end":{"line":7,"column":44}},"5":{"start":{"line":14,"column":52},"end":{"line":38,"column":1}},"6":{"start":{"line":15,"column":30},"end":{"line":15,"column":39}},"7":{"start":{"line":16,"column":19},"end":{"line":16,"column":32}},"8":{"start":{"line":18,"column":2},"end":{"line":24,"column":3}},"9":{"start":{"line":19,"column":4},"end":{"line":23,"column":6}},"10":{"start":{"line":26,"column":2},"end":{"line":28,"column":3}},"11":{"start":{"line":27,"column":4},"end":{"line":27,"column":80}},"12":{"start":{"line":30,"column":2},"end":{"line":35,"column":3}},"13":{"start":{"line":34,"column":4},"end":{"line":34,"column":57}},"14":{"start":{"line":37,"column":2},"end":{"line":37,"column":18}},"15":{"start":{"line":40,"column":0},"end":{"line":40,"column":29}}},"fnMap":{"0":{"name":"(anonymous_1)","decl":{"start":{"line":14,"column":52},"end":{"line":14,"column":53}},"loc":{"start":{"line":14,"column":83},"end":{"line":38,"column":1}}}},"branchMap":{"0":{"loc":{"start":{"line":18,"column":2},"end":{"line":24,"column":3}},"type":"if","locations":[{"start":{"line":18,"column":2},"end":{"line":24,"column":3}},{"start":{},"end":{}}]},"1":{"loc":{"start":{"line":26,"column":2},"end":{"line":28,"column":3}},"type":"if","locations":[{"start":{"line":26,"column":2},"end":{"line":28,"column":3}},{"start":{},"end":{}}]},"2":{"loc":{"start":{"line":30,"column":2},"end":{"line":35,"column":3}},"type":"if","locations":[{"start":{"line":30,"column":2},"end":{"line":35,"column":3}},{"start":{},"end":{}}]},"3":{"loc":{"start":{"line":30,"column":6},"end":{"line":30,"column":55}},"type":"binary-expr","locations":[{"start":{"line":30,"column":6},"end":{"line":30,"column":18}},{"start":{"line":30,"column":22},"end":{"line":30,"column":55}}]}},"s":{"0":0,"1":0,"2":0,"3":0,"4":0,"5":0,"6":0,"7":0,"8":0,"9":0,"10":0,"11":0,"12":0,"13":0,"14":0,"15":0},"f":{"0":0},"b":{"0":[0,0],"1":[0,0],"2":[0,0],"3":[0,0]}}
,"C:\\Users\\Raidmax i5\\Documents\\git\\architex-axis-management-suite--3-\\components\\shared\\Sidebar.tsx": {"path":"C:\\Users\\Raidmax i5\\Documents\\git\\architex-axis-management-suite--3-\\components\\shared\\Sidebar.tsx","statementMap":{"0":{"start":{"line":2,"column":0},"end":{"line":2,"column":26}},"1":{"start":{"line":3,"column":0},"end":{"line":3,"column":73}},"2":{"start":{"line":6,"column":0},"end":{"line":6,"column":41}},"3":{"start":{"line":19,"column":40},"end":{"line":65,"column":1}},"4":{"start":{"line":20,"column":19},"end":{"line":20,"column":32}},"5":{"start":{"line":21,"column":27},"end":{"line":21,"column":36}},"6":{"start":{"line":23,"column":26},"end":{"line":23,"column":129}},"7":{"start":{"line":24,"column":28},"end":{"line":24,"column":61}},"8":{"start":{"line":25,"column":30},"end":{"line":25,"column":93}},"9":{"start":{"line":27,"column":2},"end":{"line":64,"column":4}},"10":{"start":{"line":41,"column":10},"end":{"line":42,"column":null}},"11":{"start":{"line":45,"column":14},"end":{"line":45,"column":88}},"12":{"start":{"line":67,"column":0},"end":{"line":67,"column":23}}},"fnMap":{"0":{"name":"(anonymous_1)","decl":{"start":{"line":19,"column":40},"end":{"line":19,"column":41}},"loc":{"start":{"line":19,"column":57},"end":{"line":65,"column":1}}},"1":{"name":"(anonymous_2)","decl":{"start":{"line":40,"column":22},"end":{"line":40,"column":23}},"loc":{"start":{"line":41,"column":10},"end":{"line":42,"column":null}}},"2":{"name":"(anonymous_3)","decl":{"start":{"line":44,"column":23},"end":{"line":44,"column":24}},"loc":{"start":{"line":45,"column":14},"end":{"line":45,"column":88}}}},"branchMap":{"0":{"loc":{"start":{"line":31,"column":9},"end":{"line":36,"column":null}},"type":"binary-expr","locations":[{"start":{"line":31,"column":9},"end":{"line":31,"column":13}},{"start":{"line":32,"column":12},"end":{"line":35,"column":null}}]},"1":{"loc":{"start":{"line":33,"column":27},"end":{"line":33,"column":141}},"type":"binary-expr","locations":[{"start":{"line":33,"column":27},"end":{"line":33,"column":41}},{"start":{"line":33,"column":45},"end":{"line":33,"column":141}}]},"2":{"loc":{"start":{"line":45,"column":36},"end":{"line":45,"column":86}},"type":"cond-expr","locations":[{"start":{"line":45,"column":47},"end":{"line":45,"column":64}},{"start":{"line":45,"column":67},"end":{"line":45,"column":86}}]},"3":{"loc":{"start":{"line":48,"column":13},"end":{"line":48,"column":133}},"type":"binary-expr","locations":[{"start":{"line":48,"column":13},"end":{"line":48,"column":22}},{"start":{"line":48,"column":26},"end":{"line":48,"column":133}}]}},"s":{"0":0,"1":0,"2":0,"3":0,"4":0,"5":0,"6":0,"7":0,"8":0,"9":0,"10":0,"11":0,"12":0},"f":{"0":0,"1":0,"2":0},"b":{"0":[0,0],"1":[0,0],"2":[0,0],"3":[0,0]}}
,"C:\\Users\\Raidmax i5\\Documents\\git\\architex-axis-management-suite--3-\\components\\shared\\toast\\Toast.tsx": {"path":"C:\\Users\\Raidmax i5\\Documents\\git\\architex-axis-management-suite--3-\\components\\shared\\toast\\Toast.tsx","statementMap":{"0":{"start":{"line":1,"column":0},"end":{"line":1,"column":42}},"1":{"start":{"line":2,"column":0},"end":{"line":2,"column":89}},"2":{"start":{"line":4,"column":16},"end":{"line":12,"column":1}},"3":{"start":{"line":5,"column":2},"end":{"line":11,"column":3}},"4":{"start":{"line":6,"column":20},"end":{"line":6,"column":31}},"5":{"start":{"line":7,"column":18},"end":{"line":7,"column":29}},"6":{"start":{"line":8,"column":20},"end":{"line":8,"column":31}},"7":{"start":{"line":9,"column":17},"end":{"line":9,"column":28}},"8":{"start":{"line":10,"column":13},"end":{"line":10,"column":23}},"9":{"start":{"line":14,"column":27},"end":{"line":22,"column":1}},"10":{"start":{"line":15,"column":2},"end":{"line":21,"column":3}},"11":{"start":{"line":16,"column":20},"end":{"line":16,"column":42}},"12":{"start":{"line":17,"column":18},"end":{"line":17,"column":38}},"13":{"start":{"line":18,"column":20},"end":{"line":18,"column":43}},"14":{"start":{"line":19,"column":17},"end":{"line":19,"column":38}},"15":{"start":{"line":20,"column":13},"end":{"line":20,"column":34}},"16":{"start":{"line":24,"column":21},"end":{"line":26,"column":1}},"17":{"start":{"line":25,"column":2},"end":{"line":25,"column":22}},"18":{"start":{"line":32,"column":43},"end":{"line":60,"column":1}},"19":{"start":{"line":33,"column":18},"end":{"line":33,"column":42}},"20":{"start":{"line":35,"column":24},"end":{"line":39,"column":3}},"21":{"start":{"line":36,"column":4},"end":{"line":38,"column":5}},"22":{"start":{"line":37,"column":6},"end":{"line":37,"column":36}},"23":{"start":{"line":41,"column":2},"end":{"line":59,"column":4}},"24":{"start":{"line":32,"column":13},"end":{"line":32,"column":43}}},"fnMap":{"0":{"name":"(anonymous_9)","decl":{"start":{"line":4,"column":16},"end":{"line":4,"column":17}},"loc":{"start":{"line":4,"column":36},"end":{"line":12,"column":1}}},"1":{"name":"(anonymous_10)","decl":{"start":{"line":14,"column":27},"end":{"line":14,"column":28}},"loc":{"start":{"line":14,"column":47},"end":{"line":22,"column":1}}},"2":{"name":"(anonymous_11)","decl":{"start":{"line":24,"column":21},"end":{"line":24,"column":22}},"loc":{"start":{"line":24,"column":41},"end":{"line":26,"column":1}}},"3":{"name":"(anonymous_12)","decl":{"start":{"line":32,"column":43},"end":{"line":32,"column":44}},"loc":{"start":{"line":32,"column":57},"end":{"line":60,"column":1}}},"4":{"name":"(anonymous_13)","decl":{"start":{"line":35,"column":24},"end":{"line":35,"column":27}},"loc":{"start":{"line":35,"column":29},"end":{"line":39,"column":3}}}},"branchMap":{"0":{"loc":{"start":{"line":5,"column":2},"end":{"line":11,"column":3}},"type":"switch","locations":[{"start":{"line":6,"column":4},"end":{"line":6,"column":31}},{"start":{"line":7,"column":4},"end":{"line":7,"column":29}},{"start":{"line":8,"column":4},"end":{"line":8,"column":31}},{"start":{"line":9,"column":4},"end":{"line":9,"column":28}},{"start":{"line":10,"column":4},"end":{"line":10,"column":23}}]},"1":{"loc":{"start":{"line":15,"column":2},"end":{"line":21,"column":3}},"type":"switch","locations":[{"start":{"line":16,"column":4},"end":{"line":16,"column":42}},{"start":{"line":17,"column":4},"end":{"line":17,"column":38}},{"start":{"line":18,"column":4},"end":{"line":18,"column":43}},{"start":{"line":19,"column":4},"end":{"line":19,"column":38}},{"start":{"line":20,"column":4},"end":{"line":20,"column":34}}]},"2":{"loc":{"start":{"line":36,"column":4},"end":{"line":38,"column":5}},"type":"if","locations":[{"start":{"line":36,"column":4},"end":{"line":38,"column":5}},{"start":{},"end":{}}]},"3":{"loc":{"start":{"line":45,"column":17},"end":{"line":45,"column":64}},"type":"cond-expr","locations":[{"start":{"line":45,"column":42},"end":{"line":45,"column":53}},{"start":{"line":45,"column":56},"end":{"line":45,"column":64}}]}},"s":{"0":1,"1":1,"2":1,"3":8,"4":3,"5":2,"6":1,"7":2,"8":0,"9":1,"10":8,"11":3,"12":2,"13":1,"14":2,"15":0,"16":1,"17":8,"18":1,"19":8,"20":8,"21":1,"22":1,"23":8,"24":1},"f":{"0":8,"1":8,"2":8,"3":8,"4":1},"b":{"0":[3,2,1,2,0],"1":[3,2,1,2,0],"2":[1,0],"3":[2,6]}}
,"C:\\Users\\Raidmax i5\\Documents\\git\\architex-axis-management-suite--3-\\components\\shared\\toast\\ToastContainer.tsx": {"path":"C:\\Users\\Raidmax i5\\Documents\\git\\architex-axis-management-suite--3-\\components\\shared\\toast\\ToastContainer.tsx","statementMap":{"0":{"start":{"line":1,"column":0},"end":{"line":1,"column":42}},"1":{"start":{"line":2,"column":0},"end":{"line":2,"column":64}},"2":{"start":{"line":3,"column":0},"end":{"line":3,"column":32}},"3":{"start":{"line":5,"column":40},"end":{"line":25,"column":1}},"4":{"start":{"line":6,"column":18},"end":{"line":6,"column":42}},"5":{"start":{"line":8,"column":2},"end":{"line":10,"column":3}},"6":{"start":{"line":9,"column":4},"end":{"line":9,"column":16}},"7":{"start":{"line":12,"column":21},"end":{"line":12,"column":28}},"8":{"start":{"line":14,"column":2},"end":{"line":16,"column":3}},"9":{"start":{"line":15,"column":4},"end":{"line":15,"column":16}},"10":{"start":{"line":18,"column":2},"end":{"line":24,"column":4}},"11":{"start":{"line":21,"column":8},"end":{"line":21,"column":30}},"12":{"start":{"line":5,"column":13},"end":{"line":5,"column":40}}},"fnMap":{"0":{"name":"(anonymous_9)","decl":{"start":{"line":5,"column":40},"end":{"line":5,"column":43}},"loc":{"start":{"line":5,"column":45},"end":{"line":25,"column":1}}},"1":{"name":"(anonymous_10)","decl":{"start":{"line":20,"column":18},"end":{"line":20,"column":19}},"loc":{"start":{"line":21,"column":8},"end":{"line":21,"column":30}}}},"branchMap":{"0":{"loc":{"start":{"line":8,"column":2},"end":{"line":10,"column":3}},"type":"if","locations":[{"start":{"line":8,"column":2},"end":{"line":10,"column":3}},{"start":{},"end":{}}]},"1":{"loc":{"start":{"line":14,"column":2},"end":{"line":16,"column":3}},"type":"if","locations":[{"start":{"line":14,"column":2},"end":{"line":16,"column":3}},{"start":{},"end":{}}]}},"s":{"0":1,"1":1,"2":1,"3":1,"4":3,"5":3,"6":1,"7":2,"8":2,"9":1,"10":1,"11":2,"12":1},"f":{"0":3,"1":2},"b":{"0":[1,2],"1":[1,1]}}
,"C:\\Users\\Raidmax i5\\Documents\\git\\architex-axis-management-suite--3-\\components\\shared\\toast\\ToastContext.tsx": {"path":"C:\\Users\\Raidmax i5\\Documents\\git\\architex-axis-management-suite--3-\\components\\shared\\toast\\ToastContext.tsx","statementMap":{"0":{"start":{"line":1,"column":0},"end":{"line":1,"column":79}},"1":{"start":{"line":20,"column":31},"end":{"line":20,"column":35}},"2":{"start":{"line":24,"column":13},"end":{"line":24,"column":83}},"3":{"start":{"line":31,"column":59},"end":{"line":54,"column":1}},"4":{"start":{"line":32,"column":30},"end":{"line":32,"column":58}},"5":{"start":{"line":34,"column":19},"end":{"line":43,"column":8}},"6":{"start":{"line":35,"column":15},"end":{"line":35,"column":54}},"7":{"start":{"line":36,"column":4},"end":{"line":36,"column":78}},"8":{"start":{"line":36,"column":28},"end":{"line":36,"column":76}},"9":{"start":{"line":40,"column":4},"end":{"line":42,"column":17}},"10":{"start":{"line":41,"column":6},"end":{"line":41,"column":22}},"11":{"start":{"line":45,"column":22},"end":{"line":47,"column":8}},"12":{"start":{"line":46,"column":4},"end":{"line":46,"column":73}},"13":{"start":{"line":46,"column":28},"end":{"line":46,"column":71}},"14":{"start":{"line":46,"column":55},"end":{"line":46,"column":70}},"15":{"start":{"line":49,"column":2},"end":{"line":53,"column":4}},"16":{"start":{"line":31,"column":13},"end":{"line":31,"column":59}}},"fnMap":{"0":{"name":"(anonymous_9)","decl":{"start":{"line":31,"column":59},"end":{"line":31,"column":60}},"loc":{"start":{"line":31,"column":76},"end":{"line":54,"column":1}}},"1":{"name":"(anonymous_10)","decl":{"start":{"line":34,"column":31},"end":{"line":34,"column":32}},"loc":{"start":{"line":34,"column":111},"end":{"line":43,"column":3}}},"2":{"name":"(anonymous_11)","decl":{"start":{"line":36,"column":14},"end":{"line":36,"column":24}},"loc":{"start":{"line":36,"column":28},"end":{"line":36,"column":76}}},"3":{"name":"(anonymous_12)","decl":{"start":{"line":40,"column":15},"end":{"line":40,"column":18}},"loc":{"start":{"line":40,"column":20},"end":{"line":42,"column":5}}},"4":{"name":"(anonymous_13)","decl":{"start":{"line":45,"column":34},"end":{"line":45,"column":35}},"loc":{"start":{"line":45,"column":49},"end":{"line":47,"column":3}}},"5":{"name":"(anonymous_14)","decl":{"start":{"line":46,"column":14},"end":{"line":46,"column":24}},"loc":{"start":{"line":46,"column":28},"end":{"line":46,"column":71}}},"6":{"name":"(anonymous_15)","decl":{"start":{"line":46,"column":46},"end":{"line":46,"column":51}},"loc":{"start":{"line":46,"column":55},"end":{"line":46,"column":70}}}},"branchMap":{"0":{"loc":{"start":{"line":34,"column":66},"end":{"line":34,"column":107}},"type":"default-arg","locations":[{"start":{"line":34,"column":85},"end":{"line":34,"column":107}}]}},"s":{"0":4,"1":4,"2":4,"3":4,"4":15,"5":15,"6":5,"7":5,"8":5,"9":5,"10":4,"11":15,"12":5,"13":3,"14":3,"15":15,"16":4},"f":{"0":15,"1":5,"2":5,"3":4,"4":5,"5":3,"6":3},"b":{"0":[2]}}
,"C:\\Users\\Raidmax i5\\Documents\\git\\architex-axis-management-suite--3-\\components\\shared\\toast\\useToast.ts": {"path":"C:\\Users\\Raidmax i5\\Documents\\git\\architex-axis-management-suite--3-\\components\\shared\\toast\\useToast.ts","statementMap":{"0":{"start":{"line":1,"column":0},"end":{"line":1,"column":35}},"1":{"start":{"line":2,"column":0},"end":{"line":2,"column":64}},"2":{"start":{"line":4,"column":24},"end":{"line":10,"column":1}},"3":{"start":{"line":5,"column":18},"end":{"line":5,"column":42}},"4":{"start":{"line":6,"column":2},"end":{"line":8,"column":3}},"5":{"start":{"line":7,"column":4},"end":{"line":7,"column":68}},"6":{"start":{"line":9,"column":2},"end":{"line":9,"column":17}},"7":{"start":{"line":4,"column":13},"end":{"line":4,"column":24}}},"fnMap":{"0":{"name":"(anonymous_0)","decl":{"start":{"line":4,"column":24},"end":{"line":4,"column":45}},"loc":{"start":{"line":4,"column":47},"end":{"line":10,"column":1}}}},"branchMap":{"0":{"loc":{"start":{"line":6,"column":2},"end":{"line":8,"column":3}},"type":"if","locations":[{"start":{"line":6,"column":2},"end":{"line":8,"column":3}},{"start":{},"end":{}}]}},"s":{"0":1,"1":1,"2":1,"3":7,"4":7,"5":4,"6":3,"7":1},"f":{"0":7},"b":{"0":[4,3]}}
}
