TN:
SF:App.tsx
FN:21,(anonymous_1)
FN:36,(anonymous_2)
FN:67,(anonymous_3)
FN:76,(anonymous_4)
FNF:4
FNH:0
FNDA:0,(anonymous_1)
FNDA:0,(anonymous_2)
FNDA:0,(anonymous_3)
FNDA:0,(anonymous_4)
DA:1,0
DA:2,0
DA:3,0
DA:4,0
DA:5,0
DA:6,0
DA:7,0
DA:8,0
DA:10,0
DA:11,0
DA:12,0
DA:13,0
DA:14,0
DA:17,0
DA:18,0
DA:21,0
DA:22,0
DA:24,0
DA:25,0
DA:32,0
DA:36,0
DA:37,0
DA:40,0
DA:41,0
DA:48,0
DA:67,0
DA:68,0
DA:76,0
DA:77,0
DA:118,0
LF:30
LH:0
BRDA:24,0,0,0
BRDA:24,0,1,0
BRDA:32,1,0,0
BRDA:32,1,1,0
BRDA:40,2,0,0
BRDA:40,2,1,0
BRDA:40,3,0,0
BRDA:40,3,1,0
BRF:8
BRH:0
end_of_record
TN:
SF:apiService.ts
FN:100,(anonymous_0)
FN:109,apiFetch
FN:166,(anonymous_2)
FN:179,(anonymous_3)
FN:189,(anonymous_4)
FN:197,(anonymous_5)
FN:204,(anonymous_6)
FN:215,(anonymous_7)
FN:283,(anonymous_8)
FN:290,(anonymous_9)
FN:298,(anonymous_10)
FN:306,(anonymous_11)
FN:313,(anonymous_12)
FN:321,(anonymous_13)
FN:329,(anonymous_14)
FN:340,(anonymous_15)
FN:345,(anonymous_16)
FN:348,(anonymous_17)
FN:351,(anonymous_18)
FN:354,(anonymous_19)
FN:373,(anonymous_20)
FN:389,(anonymous_21)
FN:411,(anonymous_22)
FN:437,(anonymous_23)
FN:453,(anonymous_24)
FN:461,(anonymous_25)
FN:500,(anonymous_26)
FN:514,(anonymous_27)
FN:534,(anonymous_28)
FN:556,(anonymous_29)
FN:569,(anonymous_30)
FN:596,(anonymous_31)
FN:648,(anonymous_32)
FN:657,(anonymous_33)
FN:664,(anonymous_34)
FN:672,(anonymous_35)
FN:683,(anonymous_36)
FN:744,(anonymous_37)
FN:752,(anonymous_38)
FN:759,(anonymous_39)
FN:766,(anonymous_40)
FN:774,(anonymous_41)
FN:782,(anonymous_42)
FN:792,(anonymous_43)
FN:795,(anonymous_44)
FN:800,(anonymous_45)
FN:810,(anonymous_46)
FN:819,(anonymous_47)
FN:826,(anonymous_48)
FN:834,(anonymous_49)
FN:835,(anonymous_50)
FN:843,(anonymous_51)
FN:903,(anonymous_52)
FN:910,(anonymous_53)
FN:921,(anonymous_54)
FN:935,(anonymous_55)
FN:942,(anonymous_56)
FN:976,(anonymous_57)
FN:991,(anonymous_58)
FN:1000,(anonymous_59)
FN:1013,(anonymous_60)
FN:1019,(anonymous_61)
FN:1020,(anonymous_62)
FN:1026,(anonymous_63)
FN:1028,(anonymous_64)
FN:1031,(anonymous_65)
FN:1058,(anonymous_66)
FN:1083,(anonymous_67)
FN:1111,(anonymous_68)
FNF:69
FNH:10
FNDA:17,(anonymous_0)
FNDA:24,apiFetch
FNDA:0,(anonymous_2)
FNDA:0,(anonymous_3)
FNDA:0,(anonymous_4)
FNDA:2,(anonymous_5)
FNDA:2,(anonymous_6)
FNDA:6,(anonymous_7)
FNDA:0,(anonymous_8)
FNDA:0,(anonymous_9)
FNDA:0,(anonymous_10)
FNDA:0,(anonymous_11)
FNDA:0,(anonymous_12)
FNDA:0,(anonymous_13)
FNDA:0,(anonymous_14)
FNDA:0,(anonymous_15)
FNDA:0,(anonymous_16)
FNDA:0,(anonymous_17)
FNDA:0,(anonymous_18)
FNDA:0,(anonymous_19)
FNDA:5,(anonymous_20)
FNDA:2,(anonymous_21)
FNDA:2,(anonymous_22)
FNDA:2,(anonymous_23)
FNDA:3,(anonymous_24)
FNDA:0,(anonymous_25)
FNDA:0,(anonymous_26)
FNDA:0,(anonymous_27)
FNDA:0,(anonymous_28)
FNDA:0,(anonymous_29)
FNDA:0,(anonymous_30)
FNDA:0,(anonymous_31)
FNDA:0,(anonymous_32)
FNDA:0,(anonymous_33)
FNDA:0,(anonymous_34)
FNDA:0,(anonymous_35)
FNDA:0,(anonymous_36)
FNDA:0,(anonymous_37)
FNDA:0,(anonymous_38)
FNDA:0,(anonymous_39)
FNDA:0,(anonymous_40)
FNDA:0,(anonymous_41)
FNDA:0,(anonymous_42)
FNDA:0,(anonymous_43)
FNDA:0,(anonymous_44)
FNDA:0,(anonymous_45)
FNDA:0,(anonymous_46)
FNDA:0,(anonymous_47)
FNDA:0,(anonymous_48)
FNDA:0,(anonymous_49)
FNDA:0,(anonymous_50)
FNDA:0,(anonymous_51)
FNDA:0,(anonymous_52)
FNDA:0,(anonymous_53)
FNDA:0,(anonymous_54)
FNDA:0,(anonymous_55)
FNDA:0,(anonymous_56)
FNDA:0,(anonymous_57)
FNDA:0,(anonymous_58)
FNDA:0,(anonymous_59)
FNDA:0,(anonymous_60)
FNDA:0,(anonymous_61)
FNDA:0,(anonymous_62)
FNDA:0,(anonymous_63)
FNDA:0,(anonymous_64)
FNDA:0,(anonymous_65)
FNDA:0,(anonymous_66)
FNDA:0,(anonymous_67)
FNDA:0,(anonymous_68)
DA:89,9
DA:96,9
DA:101,17
DA:102,17
DA:103,17
DA:104,17
DA:110,24
DA:112,24
DA:113,24
DA:114,13
DA:115,13
DA:117,2
DA:122,24
DA:129,24
DA:134,24
DA:135,14
DA:136,14
DA:137,14
DA:142,14
DA:143,7
DA:144,4
DA:146,4
DA:150,14
DA:153,10
DA:154,1
DA:157,9
DA:166,9
DA:167,0
DA:168,0
DA:169,0
DA:171,0
DA:172,0
DA:174,0
DA:179,9
DA:180,0
DA:183,0
DA:189,9
DA:190,0
DA:197,9
DA:198,2
DA:204,9
DA:205,2
DA:209,1
DA:210,1
DA:212,1
DA:215,9
DA:217,6
DA:283,9
DA:284,0
DA:290,9
DA:291,0
DA:298,9
DA:299,0
DA:306,9
DA:307,0
DA:313,9
DA:314,0
DA:321,9
DA:322,0
DA:329,9
DA:330,0
DA:337,0
DA:338,0
DA:340,9
DA:342,0
DA:343,0
DA:345,9
DA:346,0
DA:348,9
DA:349,0
DA:351,9
DA:352,0
DA:354,9
DA:373,9
DA:374,5
DA:375,5
DA:376,5
DA:377,1
DA:380,5
DA:381,5
DA:382,1
DA:384,5
DA:389,9
DA:390,2
DA:391,2
DA:411,9
DA:416,2
DA:437,9
DA:443,2
DA:453,9
DA:455,3
DA:461,9
DA:462,0
DA:463,0
DA:464,0
DA:468,0
DA:500,9
DA:501,0
DA:514,9
DA:515,0
DA:534,9
DA:535,0
DA:556,9
DA:557,0
DA:569,9
DA:574,0
DA:575,0
DA:596,9
DA:597,0
DA:648,9
DA:649,0
DA:657,9
DA:658,0
DA:664,9
DA:665,0
DA:672,9
DA:676,0
DA:683,9
DA:684,0
DA:687,0
DA:744,9
DA:745,0
DA:752,9
DA:753,0
DA:759,9
DA:760,0
DA:766,9
DA:767,0
DA:774,9
DA:776,0
DA:782,9
DA:783,0
DA:790,0
DA:792,9
DA:793,0
DA:795,9
DA:796,0
DA:797,0
DA:800,9
DA:801,0
DA:802,0
DA:803,0
DA:804,0
DA:805,0
DA:806,0
DA:807,0
DA:810,9
DA:811,0
DA:812,0
DA:813,0
DA:814,0
DA:815,0
DA:816,0
DA:819,9
DA:820,0
DA:826,9
DA:827,0
DA:834,9
DA:835,9
DA:837,0
DA:843,9
DA:844,0
DA:903,9
DA:904,0
DA:910,9
DA:911,0
DA:921,9
DA:922,0
DA:923,0
DA:924,0
DA:927,0
DA:928,0
DA:930,0
DA:935,9
DA:936,0
DA:942,9
DA:943,0
DA:976,9
DA:978,0
DA:991,9
DA:992,0
DA:1000,9
DA:1001,0
DA:1013,9
DA:1014,0
DA:1019,9
DA:1020,9
DA:1021,0
DA:1026,9
DA:1027,0
DA:1028,9
DA:1031,9
DA:1035,9
DA:1058,9
DA:1059,0
DA:1060,0
DA:1067,0
DA:1068,0
DA:1069,0
DA:1070,0
DA:1071,0
DA:1072,0
DA:1077,0
DA:1080,0
DA:1082,0
DA:1083,0
DA:1090,0
DA:1093,0
DA:1094,0
DA:1111,9
DA:1112,0
DA:1113,0
DA:1121,0
DA:1122,0
DA:1123,0
DA:1124,0
DA:1125,0
DA:1126,0
DA:1131,0
DA:1134,0
DA:1136,0
DA:1137,0
DA:1142,0
DA:1145,0
DA:1146,0
LF:225
LH:112
BRDA:89,0,0,9
BRDA:89,0,1,0
BRDA:100,1,0,1
BRDA:109,2,0,0
BRDA:109,3,0,4
BRDA:113,4,0,13
BRDA:113,4,1,11
BRDA:115,5,0,2
BRDA:115,5,1,11
BRDA:125,6,0,24
BRDA:125,6,1,13
BRDA:125,6,2,11
BRDA:134,7,0,14
BRDA:134,7,1,10
BRDA:142,8,0,7
BRDA:142,8,1,7
BRDA:142,9,0,14
BRDA:142,9,1,9
BRDA:143,10,0,4
BRDA:143,10,1,3
BRDA:150,11,0,14
BRDA:150,11,1,1
BRDA:153,12,0,1
BRDA:153,12,1,9
BRDA:168,13,0,0
BRDA:168,13,1,0
BRDA:169,14,0,0
BRDA:169,14,1,0
BRDA:172,15,0,0
BRDA:172,15,1,0
BRDA:180,16,0,0
BRDA:180,16,1,0
BRDA:209,17,0,1
BRDA:209,17,1,0
BRDA:330,18,0,0
BRDA:330,18,1,0
BRDA:376,19,0,1
BRDA:376,19,1,4
BRDA:381,20,0,1
BRDA:381,20,1,4
BRDA:463,21,0,0
BRDA:463,21,1,0
BRDA:797,22,0,0
BRDA:797,22,1,0
BRDA:802,23,0,0
BRDA:802,23,1,0
BRDA:803,24,0,0
BRDA:803,24,1,0
BRDA:804,25,0,0
BRDA:804,25,1,0
BRDA:805,26,0,0
BRDA:805,26,1,0
BRDA:807,27,0,0
BRDA:807,27,1,0
BRDA:812,28,0,0
BRDA:812,28,1,0
BRDA:813,29,0,0
BRDA:813,29,1,0
BRDA:814,30,0,0
BRDA:814,30,1,0
BRDA:816,31,0,0
BRDA:816,31,1,0
BRDA:923,32,0,0
BRDA:923,32,1,0
BRDA:924,33,0,0
BRDA:924,33,1,0
BRDA:928,34,0,0
BRDA:928,34,1,0
BRDA:1067,35,0,0
BRDA:1067,35,1,0
BRDA:1071,36,0,0
BRDA:1071,36,1,0
BRDA:1082,37,0,0
BRDA:1082,37,1,0
BRDA:1082,38,0,0
BRDA:1082,38,1,0
BRDA:1090,39,0,0
BRDA:1090,39,1,0
BRDA:1121,40,0,0
BRDA:1121,40,1,0
BRDA:1125,41,0,0
BRDA:1125,41,1,0
BRDA:1136,42,0,0
BRDA:1136,42,1,0
BRDA:1136,43,0,0
BRDA:1136,43,1,0
BRDA:1142,44,0,0
BRDA:1142,44,1,0
BRF:88
BRH:27
end_of_record
TN:
SF:constants.ts
FN:11,(anonymous_0)
FN:51,(anonymous_1)
FNF:2
FNH:0
FNDA:0,(anonymous_0)
FNDA:0,(anonymous_1)
DA:6,4
DA:7,4
DA:11,4
DA:12,0
DA:13,0
DA:14,0
DA:15,0
DA:16,0
DA:17,0
DA:18,0
DA:22,4
DA:51,4
DA:52,0
DA:53,0
DA:54,0
DA:56,0
DA:57,0
DA:58,0
DA:60,0
LF:19
LH:5
BRDA:12,0,0,0
BRDA:12,0,1,0
BRDA:13,1,0,0
BRDA:13,1,1,0
BRDA:14,2,0,0
BRDA:14,2,1,0
BRDA:14,3,0,0
BRDA:14,3,1,0
BRDA:15,4,0,0
BRDA:15,4,1,0
BRDA:15,5,0,0
BRDA:15,5,1,0
BRDA:16,6,0,0
BRDA:16,6,1,0
BRDA:16,7,0,0
BRDA:16,7,1,0
BRDA:17,8,0,0
BRDA:17,8,1,0
BRDA:17,9,0,0
BRDA:17,9,1,0
BRF:20
BRH:0
end_of_record
TN:
SF:playwright.config.ts
FNF:0
FNH:0
DA:1,0
DA:6,0
LF:2
LH:0
BRDA:13,0,0,0
BRDA:13,0,1,0
BRDA:15,1,0,0
BRDA:15,1,1,0
BRF:4
BRH:0
end_of_record
TN:
SF:types.ts
FN:1,(anonymous_0)
FN:20,(anonymous_1)
FN:29,(anonymous_2)
FN:100,(anonymous_3)
FNF:4
FNH:4
FNDA:9,(anonymous_0)
FNDA:9,(anonymous_1)
FNDA:9,(anonymous_2)
FNDA:9,(anonymous_3)
DA:1,9
DA:2,9
DA:3,9
DA:4,9
DA:20,9
DA:21,9
DA:22,9
DA:23,9
DA:24,9
DA:25,9
DA:26,9
DA:29,9
DA:30,9
DA:31,9
DA:32,9
DA:33,9
DA:100,9
DA:101,9
DA:102,9
DA:103,9
DA:104,9
DA:105,9
LF:22
LH:22
BRDA:1,0,0,9
BRDA:1,0,1,9
BRDA:20,1,0,9
BRDA:20,1,1,9
BRDA:29,2,0,9
BRDA:29,2,1,9
BRDA:100,3,0,9
BRDA:100,3,1,9
BRF:8
BRH:8
end_of_record
TN:
SF:components\AuthContext.tsx
FN:29,(anonymous_9)
FN:35,(anonymous_10)
FN:36,(anonymous_11)
FN:72,(anonymous_12)
FN:98,(anonymous_13)
FN:131,(anonymous_14)
FN:145,(anonymous_15)
FN:174,(anonymous_16)
FN:184,(anonymous_17)
FN:199,(anonymous_18)
FNF:10
FNH:1
FNDA:0,(anonymous_9)
FNDA:0,(anonymous_10)
FNDA:0,(anonymous_11)
FNDA:0,(anonymous_12)
FNDA:0,(anonymous_13)
FNDA:0,(anonymous_14)
FNDA:0,(anonymous_15)
FNDA:0,(anonymous_16)
FNDA:0,(anonymous_17)
FNDA:19,(anonymous_18)
DA:1,7
DA:3,7
DA:27,7
DA:29,7
DA:30,0
DA:31,0
DA:32,0
DA:33,0
DA:35,0
DA:36,0
DA:37,0
DA:38,0
DA:39,0
DA:40,0
DA:42,0
DA:43,0
DA:44,0
DA:45,0
DA:47,0
DA:48,0
DA:49,0
DA:50,0
DA:51,0
DA:54,0
DA:57,0
DA:60,0
DA:61,0
DA:62,0
DA:63,0
DA:64,0
DA:66,0
DA:67,0
DA:72,0
DA:73,0
DA:74,0
DA:76,0
DA:77,0
DA:78,0
DA:79,0
DA:80,0
DA:81,0
DA:82,0
DA:84,0
DA:85,0
DA:86,0
DA:87,0
DA:90,0
DA:91,0
DA:92,0
DA:93,0
DA:94,0
DA:98,0
DA:99,0
DA:100,0
DA:101,0
DA:102,0
DA:103,0
DA:105,0
DA:106,0
DA:109,0
DA:119,0
DA:120,0
DA:121,0
DA:123,0
DA:126,0
DA:127,0
DA:131,0
DA:132,0
DA:133,0
DA:135,0
DA:136,0
DA:137,0
DA:138,0
DA:139,0
DA:140,0
DA:145,0
DA:146,0
DA:147,0
DA:159,0
DA:161,0
DA:162,0
DA:163,0
DA:165,0
DA:167,0
DA:168,0
DA:171,0
DA:174,0
DA:175,0
DA:176,0
DA:177,0
DA:179,0
DA:180,0
DA:181,0
DA:184,0
DA:185,0
DA:186,0
DA:189,0
DA:199,7
DA:200,19
DA:201,19
DA:202,2
DA:204,17
LF:102
LH:9
BRDA:39,0,0,0
BRDA:39,0,1,0
BRDA:61,1,0,0
BRDA:61,1,1,0
BRDA:86,2,0,0
BRDA:86,2,1,0
BRDA:98,3,0,0
BRDA:99,4,0,0
BRDA:99,4,1,0
BRDA:99,5,0,0
BRDA:99,5,1,0
BRDA:115,6,0,0
BRDA:115,6,1,0
BRDA:115,7,0,0
BRDA:115,7,1,0
BRDA:132,8,0,0
BRDA:132,8,1,0
BRDA:146,9,0,0
BRDA:146,9,1,0
BRDA:175,10,0,0
BRDA:175,10,1,0
BRDA:201,11,0,2
BRDA:201,11,1,17
BRF:23
BRH:2
end_of_record
TN:
SF:components\Dashboard.tsx
FN:27,(anonymous_1)
FN:60,(anonymous_2)
FNF:2
FNH:0
FNDA:0,(anonymous_1)
FNDA:0,(anonymous_2)
DA:2,0
DA:3,0
DA:4,0
DA:5,0
DA:6,0
DA:7,0
DA:10,0
DA:11,0
DA:12,0
DA:13,0
DA:14,0
DA:15,0
DA:16,0
DA:17,0
DA:18,0
DA:19,0
DA:20,0
DA:21,0
DA:22,0
DA:23,0
DA:24,0
DA:27,0
DA:28,0
DA:29,0
DA:31,0
DA:41,0
DA:49,0
DA:55,0
DA:60,0
DA:61,0
DA:63,0
DA:64,0
DA:71,0
DA:73,0
DA:76,0
DA:78,0
DA:83,0
DA:137,0
LF:38
LH:0
BRDA:29,0,0,0
BRDA:29,0,1,0
BRDA:29,0,2,0
BRDA:29,0,3,0
BRDA:63,1,0,0
BRDA:63,1,1,0
BRDA:71,2,0,0
BRDA:71,2,1,0
BRDA:96,3,0,0
BRDA:96,3,1,0
BRDA:108,4,0,0
BRDA:108,4,1,0
BRDA:118,5,0,0
BRDA:118,5,1,0
BRF:14
BRH:0
end_of_record
TN:
SF:components\HomePage.tsx
FN:17,(anonymous_1)
FNF:1
FNH:0
FNDA:0,(anonymous_1)
DA:1,0
DA:17,0
DA:18,0
DA:107,0
LF:4
LH:0
BRF:0
BRH:0
end_of_record
TN:
SF:components\LoginPage.tsx
FN:9,(anonymous_10)
FN:18,(anonymous_11)
FN:72,(anonymous_12)
FN:89,(anonymous_13)
FNF:4
FNH:4
FNDA:17,(anonymous_10)
FNDA:3,(anonymous_11)
FNDA:4,(anonymous_12)
FNDA:4,(anonymous_13)
DA:1,1
DA:2,1
DA:3,1
DA:4,1
DA:5,1
DA:6,1
DA:7,1
DA:9,1
DA:10,17
DA:11,17
DA:12,17
DA:13,17
DA:14,17
DA:15,17
DA:16,17
DA:18,17
DA:19,3
DA:20,3
DA:21,3
DA:22,0
DA:23,0
DA:25,3
DA:27,3
DA:28,2
DA:30,2
DA:31,0
DA:33,0
DA:35,2
DA:38,0
DA:41,1
DA:42,1
DA:44,0
DA:46,1
DA:51,17
DA:72,4
DA:89,4
DA:115,1
LF:37
LH:31
BRDA:16,0,0,17
BRDA:16,0,1,17
BRDA:21,1,0,0
BRDA:21,1,1,3
BRDA:21,2,0,3
BRDA:21,2,1,3
BRDA:28,3,0,2
BRDA:28,3,1,0
BRDA:30,4,0,0
BRDA:30,4,1,2
BRDA:41,5,0,1
BRDA:41,5,1,0
BRDA:42,6,0,1
BRDA:42,6,1,0
BRDA:95,7,0,17
BRDA:95,7,1,1
BRF:16
BRH:11
end_of_record
TN:
SF:components\RegisterPage.tsx
FN:8,(anonymous_10)
FN:19,(anonymous_11)
FN:44,(anonymous_12)
FN:71,(anonymous_13)
FN:75,(anonymous_14)
FN:79,(anonymous_15)
FN:83,(anonymous_16)
FN:87,(anonymous_17)
FNF:8
FNH:0
FNDA:0,(anonymous_10)
FNDA:0,(anonymous_11)
FNDA:0,(anonymous_12)
FNDA:0,(anonymous_13)
FNDA:0,(anonymous_14)
FNDA:0,(anonymous_15)
FNDA:0,(anonymous_16)
FNDA:0,(anonymous_17)
DA:1,0
DA:2,0
DA:3,0
DA:4,0
DA:5,0
DA:6,0
DA:8,0
DA:9,0
DA:10,0
DA:11,0
DA:12,0
DA:13,0
DA:14,0
DA:15,0
DA:16,0
DA:17,0
DA:19,0
DA:20,0
DA:21,0
DA:22,0
DA:24,0
DA:25,0
DA:26,0
DA:28,0
DA:29,0
DA:30,0
DA:32,0
DA:33,0
DA:34,0
DA:37,0
DA:38,0
DA:40,0
DA:41,0
DA:42,0
DA:44,0
DA:46,0
DA:47,0
DA:49,0
DA:51,0
DA:53,0
DA:57,0
DA:71,0
DA:75,0
DA:79,0
DA:83,0
DA:87,0
DA:105,0
LF:47
LH:0
BRDA:24,0,0,0
BRDA:24,0,1,0
BRDA:24,1,0,0
BRDA:24,1,1,0
BRDA:24,1,2,0
BRDA:24,1,3,0
BRDA:28,2,0,0
BRDA:28,2,1,0
BRDA:32,3,0,0
BRDA:32,3,1,0
BRDA:46,4,0,0
BRDA:46,4,1,0
BRDA:47,5,0,0
BRDA:47,5,1,0
BRDA:65,6,0,0
BRDA:65,6,1,0
BRDA:66,7,0,0
BRDA:66,7,1,0
BRF:18
BRH:0
end_of_record
TN:
SF:components\UserProfilePage.tsx
FN:6,(anonymous_9)
FN:17,(anonymous_10)
FNF:2
FNH:0
FNDA:0,(anonymous_9)
FNDA:0,(anonymous_10)
DA:1,0
DA:2,0
DA:6,0
DA:7,0
DA:17,0
DA:18,0
DA:28,0
DA:29,0
DA:32,0
DA:94,0
LF:10
LH:0
BRDA:18,0,0,0
BRDA:18,0,1,0
BRDA:28,1,0,0
BRDA:28,1,1,0
BRDA:28,2,0,0
BRDA:28,2,1,0
BRF:6
BRH:0
end_of_record
TN:
SF:components\admin\AdminBillingPlaceholder.tsx
FN:6,(anonymous_1)
FN:38,(anonymous_2)
FNF:2
FNH:0
FNDA:0,(anonymous_1)
FNDA:0,(anonymous_2)
DA:2,0
DA:3,0
DA:6,0
DA:9,0
DA:11,0
DA:39,0
DA:67,0
LF:7
LH:0
BRDA:27,0,0,0
BRDA:27,0,1,0
BRDA:43,1,0,0
BRDA:43,1,1,0
BRF:4
BRH:0
end_of_record
TN:
SF:components\admin\AdminDashboard.tsx
FN:7,(anonymous_1)
FNF:1
FNH:1
FNDA:1,(anonymous_1)
DA:2,1
DA:7,1
DA:8,1
DA:20,1
LF:4
LH:4
BRF:0
BRH:0
end_of_record
TN:
SF:components\admin\AdminLoginPage.tsx
FN:9,(anonymous_10)
FN:17,(anonymous_11)
FN:66,(anonymous_12)
FN:83,(anonymous_13)
FNF:4
FNH:0
FNDA:0,(anonymous_10)
FNDA:0,(anonymous_11)
FNDA:0,(anonymous_12)
FNDA:0,(anonymous_13)
DA:1,0
DA:2,0
DA:3,0
DA:4,0
DA:5,0
DA:6,0
DA:7,0
DA:9,0
DA:10,0
DA:11,0
DA:12,0
DA:13,0
DA:14,0
DA:15,0
DA:17,0
DA:18,0
DA:19,0
DA:20,0
DA:21,0
DA:22,0
DA:24,0
DA:25,0
DA:26,0
DA:27,0
DA:28,0
DA:29,0
DA:33,0
DA:36,0
DA:37,0
DA:39,0
DA:41,0
DA:45,0
DA:66,0
DA:83,0
DA:106,0
LF:35
LH:0
BRDA:20,0,0,0
BRDA:20,0,1,0
BRDA:20,1,0,0
BRDA:20,1,1,0
BRDA:26,2,0,0
BRDA:26,2,1,0
BRDA:26,3,0,0
BRDA:26,3,1,0
BRDA:28,4,0,0
BRDA:28,4,1,0
BRDA:28,5,0,0
BRDA:28,5,1,0
BRDA:36,6,0,0
BRDA:36,6,1,0
BRDA:37,7,0,0
BRDA:37,7,1,0
BRDA:89,8,0,0
BRDA:89,8,1,0
BRF:18
BRH:0
end_of_record
TN:
SF:components\admin\AdminNotificationsPage.tsx
FN:18,(anonymous_10)
FN:29,(anonymous_11)
FN:50,(anonymous_12)
FN:54,(anonymous_13)
FN:59,(anonymous_14)
FN:59,(anonymous_15)
FN:60,(anonymous_16)
FN:67,(anonymous_17)
FN:78,(anonymous_18)
FN:95,(anonymous_19)
FN:126,(anonymous_20)
FN:143,(anonymous_21)
FN:153,(anonymous_22)
FN:153,(anonymous_23)
FN:155,(anonymous_24)
FN:155,(anonymous_25)
FNF:16
FNH:0
FNDA:0,(anonymous_10)
FNDA:0,(anonymous_11)
FNDA:0,(anonymous_12)
FNDA:0,(anonymous_13)
FNDA:0,(anonymous_14)
FNDA:0,(anonymous_15)
FNDA:0,(anonymous_16)
FNDA:0,(anonymous_17)
FNDA:0,(anonymous_18)
FNDA:0,(anonymous_19)
FNDA:0,(anonymous_20)
FNDA:0,(anonymous_21)
FNDA:0,(anonymous_22)
FNDA:0,(anonymous_23)
FNDA:0,(anonymous_24)
FNDA:0,(anonymous_25)
DA:1,0
DA:2,0
DA:3,0
DA:11,0
DA:12,0
DA:13,0
DA:14,0
DA:15,0
DA:18,0
DA:19,0
DA:20,0
DA:21,0
DA:22,0
DA:23,0
DA:26,0
DA:27,0
DA:29,0
DA:30,0
DA:31,0
DA:33,0
DA:34,0
DA:35,0
DA:39,0
DA:40,0
DA:41,0
DA:44,0
DA:46,0
DA:50,0
DA:51,0
DA:54,0
DA:55,0
DA:56,0
DA:59,0
DA:60,0
DA:63,0
DA:67,0
DA:68,0
DA:69,0
DA:70,0
DA:71,0
DA:72,0
DA:74,0
DA:78,0
DA:79,0
DA:80,0
DA:82,0
DA:84,0
DA:89,0
DA:91,0
DA:95,0
DA:97,0
DA:99,0
DA:101,0
DA:103,0
DA:105,0
DA:109,0
DA:110,0
DA:112,0
DA:127,0
DA:143,0
DA:153,0
DA:155,0
DA:160,0
LF:63
LH:0
BRDA:29,0,0,0
BRDA:30,1,0,0
BRDA:30,1,1,0
BRDA:44,2,0,0
BRDA:44,2,1,0
BRDA:59,3,0,0
BRDA:59,3,1,0
BRDA:63,4,0,0
BRDA:63,4,1,0
BRDA:74,5,0,0
BRDA:74,5,1,0
BRDA:79,6,0,0
BRDA:79,6,1,0
BRDA:79,7,0,0
BRDA:79,7,1,0
BRDA:80,8,0,0
BRDA:80,8,1,0
BRDA:80,8,2,0
BRDA:80,8,3,0
BRDA:97,9,0,0
BRDA:97,9,1,0
BRDA:97,9,2,0
BRDA:97,9,3,0
BRDA:109,10,0,0
BRDA:109,10,1,0
BRDA:110,11,0,0
BRDA:110,11,1,0
BRDA:116,12,0,0
BRDA:116,12,1,0
BRDA:116,12,2,0
BRDA:123,13,0,0
BRDA:123,13,1,0
BRDA:129,14,0,0
BRDA:129,14,1,0
BRDA:131,15,0,0
BRDA:131,15,1,0
BRDA:137,16,0,0
BRDA:137,16,1,0
BRDA:142,17,0,0
BRDA:142,17,1,0
BRDA:153,18,0,0
BRDA:153,18,1,0
BRDA:155,19,0,0
BRDA:155,19,1,0
BRF:44
BRH:0
end_of_record
TN:
SF:components\admin\AdminTimeLogReportPage.tsx
FN:20,(anonymous_10)
FN:48,(anonymous_11)
FN:61,(anonymous_12)
FN:62,(anonymous_13)
FN:62,(anonymous_14)
FN:63,(anonymous_15)
FN:64,(anonymous_16)
FN:65,(anonymous_17)
FN:84,(anonymous_18)
FN:89,(anonymous_19)
FN:93,(anonymous_20)
FN:103,(anonymous_21)
FN:116,(anonymous_22)
FN:125,(anonymous_23)
FN:163,(anonymous_24)
FN:173,(anonymous_25)
FN:174,(anonymous_26)
FN:176,(anonymous_27)
FN:177,(anonymous_28)
FN:178,(anonymous_29)
FN:200,(anonymous_30)
FN:202,(anonymous_31)
FN:207,(anonymous_32)
FN:209,(anonymous_33)
FN:214,(anonymous_34)
FN:216,(anonymous_35)
FN:221,(anonymous_36)
FN:225,(anonymous_37)
FN:241,(anonymous_38)
FN:246,(anonymous_39)
FN:250,(anonymous_40)
FN:254,(anonymous_41)
FN:259,(anonymous_42)
FN:265,(anonymous_43)
FN:296,(anonymous_44)
FN:307,(anonymous_45)
FN:313,(anonymous_46)
FNF:37
FNH:0
FNDA:0,(anonymous_10)
FNDA:0,(anonymous_11)
FNDA:0,(anonymous_12)
FNDA:0,(anonymous_13)
FNDA:0,(anonymous_14)
FNDA:0,(anonymous_15)
FNDA:0,(anonymous_16)
FNDA:0,(anonymous_17)
FNDA:0,(anonymous_18)
FNDA:0,(anonymous_19)
FNDA:0,(anonymous_20)
FNDA:0,(anonymous_21)
FNDA:0,(anonymous_22)
FNDA:0,(anonymous_23)
FNDA:0,(anonymous_24)
FNDA:0,(anonymous_25)
FNDA:0,(anonymous_26)
FNDA:0,(anonymous_27)
FNDA:0,(anonymous_28)
FNDA:0,(anonymous_29)
FNDA:0,(anonymous_30)
FNDA:0,(anonymous_31)
FNDA:0,(anonymous_32)
FNDA:0,(anonymous_33)
FNDA:0,(anonymous_34)
FNDA:0,(anonymous_35)
FNDA:0,(anonymous_36)
FNDA:0,(anonymous_37)
FNDA:0,(anonymous_38)
FNDA:0,(anonymous_39)
FNDA:0,(anonymous_40)
FNDA:0,(anonymous_41)
FNDA:0,(anonymous_42)
FNDA:0,(anonymous_43)
FNDA:0,(anonymous_44)
FNDA:0,(anonymous_45)
FNDA:0,(anonymous_46)
DA:1,0
DA:2,0
DA:3,0
DA:10,0
DA:11,0
DA:20,0
DA:21,0
DA:22,0
DA:23,0
DA:24,0
DA:25,0
DA:28,0
DA:29,0
DA:30,0
DA:31,0
DA:32,0
DA:35,0
DA:36,0
DA:38,0
DA:39,0
DA:40,0
DA:41,0
DA:42,0
DA:43,0
DA:45,0
DA:48,0
DA:49,0
DA:50,0
DA:51,0
DA:52,0
DA:58,0
DA:59,0
DA:61,0
DA:62,0
DA:63,0
DA:64,0
DA:65,0
DA:66,0
DA:74,0
DA:77,0
DA:78,0
DA:80,0
DA:84,0
DA:85,0
DA:89,0
DA:90,0
DA:91,0
DA:92,0
DA:93,0
DA:94,0
DA:96,0
DA:97,0
DA:98,0
DA:103,0
DA:104,0
DA:105,0
DA:106,0
DA:107,0
DA:108,0
DA:109,0
DA:110,0
DA:111,0
DA:112,0
DA:113,0
DA:116,0
DA:117,0
DA:118,0
DA:125,0
DA:126,0
DA:127,0
DA:128,0
DA:129,0
DA:132,0
DA:133,0
DA:134,0
DA:137,0
DA:138,0
DA:140,0
DA:141,0
DA:142,0
DA:145,0
DA:146,0
DA:147,0
DA:148,0
DA:151,0
DA:161,0
DA:162,0
DA:163,0
DA:164,0
DA:165,0
DA:167,0
DA:169,0
DA:173,0
DA:174,0
DA:176,0
DA:177,0
DA:178,0
DA:179,0
DA:180,0
DA:181,0
DA:182,0
DA:186,0
DA:187,0
DA:189,0
DA:190,0
DA:193,0
DA:200,0
DA:202,0
DA:207,0
DA:209,0
DA:214,0
DA:216,0
DA:221,0
DA:225,0
DA:241,0
DA:246,0
DA:250,0
DA:254,0
DA:259,0
DA:265,0
DA:297,0
DA:307,0
DA:313,0
DA:329,0
LF:124
LH:0
BRDA:65,0,0,0
BRDA:65,0,1,0
BRDA:78,1,0,0
BRDA:78,1,1,0
BRDA:90,2,0,0
BRDA:90,2,1,0
BRDA:97,3,0,0
BRDA:97,3,1,0
BRDA:98,4,0,0
BRDA:98,4,1,0
BRDA:110,5,0,0
BRDA:110,5,1,0
BRDA:127,6,0,0
BRDA:127,6,1,0
BRDA:132,7,0,0
BRDA:132,7,1,0
BRDA:132,8,0,0
BRDA:132,8,1,0
BRDA:132,8,2,0
BRDA:132,8,3,0
BRDA:132,8,4,0
BRDA:140,9,0,0
BRDA:140,9,1,0
BRDA:146,10,0,0
BRDA:146,10,1,0
BRDA:146,11,0,0
BRDA:146,11,1,0
BRDA:169,12,0,0
BRDA:169,12,1,0
BRDA:177,13,0,0
BRDA:177,13,1,0
BRDA:177,14,0,0
BRDA:177,14,1,0
BRDA:177,14,2,0
BRDA:178,15,0,0
BRDA:178,15,1,0
BRDA:178,16,0,0
BRDA:178,16,1,0
BRDA:179,17,0,0
BRDA:179,17,1,0
BRDA:179,18,0,0
BRDA:179,18,1,0
BRDA:180,19,0,0
BRDA:180,19,1,0
BRDA:180,20,0,0
BRDA:180,20,1,0
BRDA:181,21,0,0
BRDA:181,21,1,0
BRDA:181,22,0,0
BRDA:181,22,1,0
BRDA:186,23,0,0
BRDA:186,23,1,0
BRDA:189,24,0,0
BRDA:189,24,1,0
BRDA:229,25,0,0
BRDA:229,25,1,0
BRDA:229,25,2,0
BRDA:233,26,0,0
BRDA:233,26,1,0
BRDA:233,26,2,0
BRDA:280,27,0,0
BRDA:280,27,1,0
BRDA:299,28,0,0
BRDA:299,28,1,0
BRDA:300,29,0,0
BRDA:300,29,1,0
BRDA:301,30,0,0
BRDA:301,30,1,0
BRDA:302,31,0,0
BRDA:302,31,1,0
BRDA:304,32,0,0
BRDA:304,32,1,0
BRF:72
BRH:0
end_of_record
TN:
SF:components\admin\ManageSkills.tsx
FN:6,(anonymous_10)
FN:13,(anonymous_11)
FN:17,(anonymous_12)
FN:25,(anonymous_13)
FN:29,(anonymous_14)
FN:63,(anonymous_15)
FN:78,(anonymous_16)
FNF:7
FNH:0
FNDA:0,(anonymous_10)
FNDA:0,(anonymous_11)
FNDA:0,(anonymous_12)
FNDA:0,(anonymous_13)
FNDA:0,(anonymous_14)
FNDA:0,(anonymous_15)
FNDA:0,(anonymous_16)
DA:1,0
DA:2,0
DA:3,0
DA:4,0
DA:6,0
DA:7,0
DA:8,0
DA:9,0
DA:10,0
DA:11,0
DA:13,0
DA:14,0
DA:15,0
DA:16,0
DA:17,0
DA:19,0
DA:21,0
DA:25,0
DA:26,0
DA:29,0
DA:30,0
DA:31,0
DA:32,0
DA:33,0
DA:35,0
DA:36,0
DA:37,0
DA:38,0
DA:39,0
DA:40,0
DA:42,0
DA:43,0
DA:45,0
DA:49,0
DA:51,0
DA:63,0
DA:79,0
DA:90,0
LF:38
LH:0
BRDA:19,0,0,0
BRDA:19,0,1,0
BRDA:31,1,0,0
BRDA:31,1,1,0
BRDA:42,2,0,0
BRDA:42,2,1,0
BRDA:42,3,0,0
BRDA:42,3,1,0
BRDA:49,4,0,0
BRDA:49,4,1,0
BRDA:54,5,0,0
BRDA:54,5,1,0
BRDA:69,6,0,0
BRDA:69,6,1,0
BRDA:74,7,0,0
BRDA:74,7,1,0
BRDA:74,7,2,0
BRDA:75,8,0,0
BRDA:75,8,1,0
BRF:19
BRH:0
end_of_record
TN:
SF:components\admin\ProjectManagement.tsx
FN:31,(anonymous_10)
FN:33,(anonymous_11)
FN:46,(anonymous_12)
FN:85,(anonymous_13)
FN:97,(anonymous_14)
FN:98,(anonymous_15)
FN:99,(anonymous_16)
FN:110,(anonymous_17)
FN:112,(anonymous_18)
FN:119,(anonymous_19)
FN:137,(anonymous_20)
FN:146,(anonymous_21)
FN:148,(anonymous_22)
FN:151,(anonymous_23)
FN:156,(anonymous_24)
FN:164,(anonymous_25)
FN:172,(anonymous_26)
FN:210,(anonymous_27)
FN:228,(anonymous_28)
FN:240,(anonymous_29)
FN:256,(anonymous_30)
FN:283,(anonymous_31)
FN:288,(anonymous_32)
FN:305,(anonymous_33)
FN:321,(anonymous_34)
FN:333,(anonymous_35)
FN:341,(anonymous_36)
FN:344,(anonymous_37)
FN:358,(anonymous_38)
FN:386,(anonymous_39)
FN:411,(anonymous_40)
FN:415,(anonymous_41)
FN:417,(anonymous_42)
FN:423,(anonymous_43)
FN:425,(anonymous_44)
FN:430,(anonymous_45)
FN:432,(anonymous_46)
FN:436,(anonymous_47)
FN:453,(anonymous_48)
FN:454,(anonymous_49)
FN:455,(anonymous_50)
FN:456,(anonymous_51)
FN:458,(anonymous_52)
FN:463,(anonymous_53)
FN:480,(anonymous_54)
FN:481,(anonymous_55)
FN:483,(anonymous_56)
FN:485,(anonymous_57)
FN:488,(anonymous_58)
FN:502,(anonymous_59)
FN:521,(anonymous_60)
FN:530,(anonymous_61)
FN:539,(anonymous_62)
FN:547,(anonymous_63)
FN:553,(anonymous_64)
FN:573,(anonymous_65)
FN:575,(anonymous_66)
FN:577,(anonymous_67)
FN:577,(anonymous_68)
FN:584,(anonymous_69)
FN:598,(anonymous_70)
FN:601,(anonymous_71)
FN:620,(anonymous_72)
FN:625,(anonymous_73)
FN:630,(anonymous_74)
FN:639,(anonymous_75)
FN:642,(anonymous_76)
FN:648,(anonymous_77)
FN:651,(anonymous_78)
FNF:69
FNH:0
FNDA:0,(anonymous_10)
FNDA:0,(anonymous_11)
FNDA:0,(anonymous_12)
FNDA:0,(anonymous_13)
FNDA:0,(anonymous_14)
FNDA:0,(anonymous_15)
FNDA:0,(anonymous_16)
FNDA:0,(anonymous_17)
FNDA:0,(anonymous_18)
FNDA:0,(anonymous_19)
FNDA:0,(anonymous_20)
FNDA:0,(anonymous_21)
FNDA:0,(anonymous_22)
FNDA:0,(anonymous_23)
FNDA:0,(anonymous_24)
FNDA:0,(anonymous_25)
FNDA:0,(anonymous_26)
FNDA:0,(anonymous_27)
FNDA:0,(anonymous_28)
FNDA:0,(anonymous_29)
FNDA:0,(anonymous_30)
FNDA:0,(anonymous_31)
FNDA:0,(anonymous_32)
FNDA:0,(anonymous_33)
FNDA:0,(anonymous_34)
FNDA:0,(anonymous_35)
FNDA:0,(anonymous_36)
FNDA:0,(anonymous_37)
FNDA:0,(anonymous_38)
FNDA:0,(anonymous_39)
FNDA:0,(anonymous_40)
FNDA:0,(anonymous_41)
FNDA:0,(anonymous_42)
FNDA:0,(anonymous_43)
FNDA:0,(anonymous_44)
FNDA:0,(anonymous_45)
FNDA:0,(anonymous_46)
FNDA:0,(anonymous_47)
FNDA:0,(anonymous_48)
FNDA:0,(anonymous_49)
FNDA:0,(anonymous_50)
FNDA:0,(anonymous_51)
FNDA:0,(anonymous_52)
FNDA:0,(anonymous_53)
FNDA:0,(anonymous_54)
FNDA:0,(anonymous_55)
FNDA:0,(anonymous_56)
FNDA:0,(anonymous_57)
FNDA:0,(anonymous_58)
FNDA:0,(anonymous_59)
FNDA:0,(anonymous_60)
FNDA:0,(anonymous_61)
FNDA:0,(anonymous_62)
FNDA:0,(anonymous_63)
FNDA:0,(anonymous_64)
FNDA:0,(anonymous_65)
FNDA:0,(anonymous_66)
FNDA:0,(anonymous_67)
FNDA:0,(anonymous_68)
FNDA:0,(anonymous_69)
FNDA:0,(anonymous_70)
FNDA:0,(anonymous_71)
FNDA:0,(anonymous_72)
FNDA:0,(anonymous_73)
FNDA:0,(anonymous_74)
FNDA:0,(anonymous_75)
FNDA:0,(anonymous_76)
FNDA:0,(anonymous_77)
FNDA:0,(anonymous_78)
DA:1,0
DA:2,0
DA:3,0
DA:4,0
DA:21,0
DA:22,0
DA:23,0
DA:24,0
DA:25,0
DA:26,0
DA:27,0
DA:31,0
DA:32,0
DA:33,0
DA:34,0
DA:35,0
DA:36,0
DA:43,0
DA:46,0
DA:47,0
DA:48,0
DA:49,0
DA:50,0
DA:51,0
DA:52,0
DA:53,0
DA:54,0
DA:56,0
DA:57,0
DA:59,0
DA:60,0
DA:61,0
DA:62,0
DA:63,0
DA:64,0
DA:67,0
DA:68,0
DA:69,0
DA:70,0
DA:71,0
DA:74,0
DA:76,0
DA:78,0
DA:79,0
DA:80,0
DA:81,0
DA:82,0
DA:83,0
DA:85,0
DA:86,0
DA:87,0
DA:88,0
DA:89,0
DA:95,0
DA:96,0
DA:97,0
DA:98,0
DA:99,0
DA:103,0
DA:104,0
DA:106,0
DA:107,0
DA:110,0
DA:112,0
DA:113,0
DA:114,0
DA:115,0
DA:116,0
DA:117,0
DA:118,0
DA:119,0
DA:121,0
DA:122,0
DA:123,0
DA:125,0
DA:127,0
DA:129,0
DA:130,0
DA:131,0
DA:133,0
DA:137,0
DA:138,0
DA:139,0
DA:140,0
DA:141,0
DA:142,0
DA:143,0
DA:146,0
DA:147,0
DA:148,0
DA:151,0
DA:152,0
DA:153,0
DA:156,0
DA:157,0
DA:158,0
DA:159,0
DA:160,0
DA:164,0
DA:165,0
DA:166,0
DA:167,0
DA:168,0
DA:172,0
DA:173,0
DA:174,0
DA:175,0
DA:177,0
DA:178,0
DA:179,0
DA:182,0
DA:183,0
DA:184,0
DA:190,0
DA:191,0
DA:193,0
DA:194,0
DA:197,0
DA:198,0
DA:199,0
DA:200,0
DA:202,0
DA:203,0
DA:206,0
DA:210,0
DA:211,0
DA:212,0
DA:213,0
DA:214,0
DA:215,0
DA:216,0
DA:217,0
DA:218,0
DA:221,0
DA:224,0
DA:228,0
DA:229,0
DA:230,0
DA:231,0
DA:232,0
DA:233,0
DA:234,0
DA:235,0
DA:236,0
DA:237,0
DA:238,0
DA:240,0
DA:241,0
DA:242,0
DA:245,0
DA:248,0
DA:251,0
DA:256,0
DA:257,0
DA:259,0
DA:260,0
DA:261,0
DA:269,0
DA:270,0
DA:271,0
DA:272,0
DA:274,0
DA:275,0
DA:278,0
DA:283,0
DA:284,0
DA:285,0
DA:288,0
DA:289,0
DA:290,0
DA:291,0
DA:292,0
DA:293,0
DA:294,0
DA:295,0
DA:297,0
DA:300,0
DA:305,0
DA:306,0
DA:307,0
DA:308,0
DA:309,0
DA:310,0
DA:311,0
DA:312,0
DA:314,0
DA:317,0
DA:321,0
DA:322,0
DA:323,0
DA:324,0
DA:325,0
DA:326,0
DA:327,0
DA:328,0
DA:329,0
DA:333,0
DA:334,0
DA:335,0
DA:336,0
DA:338,0
DA:341,0
DA:342,0
DA:344,0
DA:345,0
DA:347,0
DA:348,0
DA:349,0
DA:352,0
DA:353,0
DA:354,0
DA:357,0
DA:358,0
DA:360,0
DA:361,0
DA:362,0
DA:364,0
DA:365,0
DA:368,0
DA:369,0
DA:371,0
DA:372,0
DA:375,0
DA:376,0
DA:377,0
DA:378,0
DA:380,0
DA:383,0
DA:386,0
DA:387,0
DA:388,0
DA:390,0
DA:394,0
DA:395,0
DA:398,0
DA:411,0
DA:415,0
DA:417,0
DA:423,0
DA:425,0
DA:430,0
DA:432,0
DA:436,0
DA:453,0
DA:454,0
DA:455,0
DA:456,0
DA:458,0
DA:464,0
DA:467,0
DA:480,0
DA:481,0
DA:483,0
DA:485,0
DA:488,0
DA:502,0
DA:521,0
DA:530,0
DA:539,0
DA:548,0
DA:554,0
DA:555,0
DA:556,0
DA:557,0
DA:573,0
DA:575,0
DA:577,0
DA:578,0
DA:584,0
DA:598,0
DA:601,0
DA:620,0
DA:625,0
DA:630,0
DA:639,0
DA:642,0
DA:648,0
DA:651,0
DA:667,0
LF:279
LH:0
BRDA:32,0,0,0
BRDA:32,0,1,0
BRDA:33,1,0,0
BRDA:33,1,1,0
BRDA:34,2,0,0
BRDA:34,2,1,0
BRDA:104,3,0,0
BRDA:104,3,1,0
BRDA:106,4,0,0
BRDA:106,4,1,0
BRDA:119,5,0,0
BRDA:119,5,1,0
BRDA:121,6,0,0
BRDA:121,6,1,0
BRDA:121,7,0,0
BRDA:121,7,1,0
BRDA:121,7,2,0
BRDA:121,7,3,0
BRDA:130,8,0,0
BRDA:130,8,1,0
BRDA:131,9,0,0
BRDA:131,9,1,0
BRDA:159,10,0,0
BRDA:159,10,1,0
BRDA:167,11,0,0
BRDA:167,11,1,0
BRDA:174,12,0,0
BRDA:174,12,1,0
BRDA:177,13,0,0
BRDA:177,13,1,0
BRDA:177,14,0,0
BRDA:177,14,1,0
BRDA:190,15,0,0
BRDA:190,15,1,0
BRDA:190,16,0,0
BRDA:190,16,1,0
BRDA:193,17,0,0
BRDA:193,17,1,0
BRDA:203,18,0,0
BRDA:203,18,1,0
BRDA:216,19,0,0
BRDA:216,19,1,0
BRDA:218,20,0,0
BRDA:218,20,1,0
BRDA:221,21,0,0
BRDA:221,21,1,0
BRDA:229,22,0,0
BRDA:229,22,1,0
BRDA:235,23,0,0
BRDA:235,23,1,0
BRDA:237,24,0,0
BRDA:237,24,1,0
BRDA:238,25,0,0
BRDA:238,25,1,0
BRDA:240,26,0,0
BRDA:240,26,1,0
BRDA:248,27,0,0
BRDA:248,27,1,0
BRDA:257,28,0,0
BRDA:257,28,1,0
BRDA:257,29,0,0
BRDA:257,29,1,0
BRDA:265,30,0,0
BRDA:265,30,1,0
BRDA:266,31,0,0
BRDA:266,31,1,0
BRDA:275,32,0,0
BRDA:275,32,1,0
BRDA:289,33,0,0
BRDA:289,33,1,0
BRDA:297,34,0,0
BRDA:297,34,1,0
BRDA:309,35,0,0
BRDA:309,35,1,0
BRDA:314,36,0,0
BRDA:314,36,1,0
BRDA:322,37,0,0
BRDA:322,37,1,0
BRDA:322,37,2,0
BRDA:322,37,3,0
BRDA:322,37,4,0
BRDA:322,37,5,0
BRDA:322,37,6,0
BRDA:335,38,0,0
BRDA:335,38,1,0
BRDA:335,39,0,0
BRDA:335,39,1,0
BRDA:345,40,0,0
BRDA:345,40,1,0
BRDA:347,41,0,0
BRDA:347,41,1,0
BRDA:348,42,0,0
BRDA:348,42,1,0
BRDA:349,43,0,0
BRDA:349,43,1,0
BRDA:349,43,2,0
BRDA:349,43,3,0
BRDA:353,44,0,0
BRDA:353,44,1,0
BRDA:354,45,0,0
BRDA:354,45,1,0
BRDA:354,45,2,0
BRDA:354,45,3,0
BRDA:354,45,4,0
BRDA:357,46,0,0
BRDA:357,46,1,0
BRDA:360,47,0,0
BRDA:360,47,1,0
BRDA:368,48,0,0
BRDA:368,48,1,0
BRDA:368,49,0,0
BRDA:368,49,1,0
BRDA:369,50,0,0
BRDA:369,50,1,0
BRDA:371,51,0,0
BRDA:371,51,1,0
BRDA:371,52,0,0
BRDA:371,52,1,0
BRDA:372,53,0,0
BRDA:372,53,1,0
BRDA:375,54,0,0
BRDA:375,54,1,0
BRDA:375,55,0,0
BRDA:375,55,1,0
BRDA:378,56,0,0
BRDA:378,56,1,0
BRDA:387,57,0,0
BRDA:387,57,1,0
BRDA:388,58,0,0
BRDA:388,58,1,0
BRDA:394,59,0,0
BRDA:394,59,1,0
BRDA:394,60,0,0
BRDA:394,60,1,0
BRDA:406,61,0,0
BRDA:406,61,1,0
BRDA:406,61,2,0
BRDA:406,61,3,0
BRDA:441,62,0,0
BRDA:441,62,1,0
BRDA:441,62,2,0
BRDA:441,62,3,0
BRDA:448,63,0,0
BRDA:448,63,1,0
BRDA:468,64,0,0
BRDA:468,64,1,0
BRDA:470,65,0,0
BRDA:470,65,1,0
BRDA:471,66,0,0
BRDA:471,66,1,0
BRDA:478,67,0,0
BRDA:478,67,1,0
BRDA:482,68,0,0
BRDA:482,68,1,0
BRDA:485,69,0,0
BRDA:485,69,1,0
BRDA:486,70,0,0
BRDA:486,70,1,0
BRDA:492,71,0,0
BRDA:492,71,1,0
BRDA:500,72,0,0
BRDA:500,72,1,0
BRDA:500,72,2,0
BRDA:501,73,0,0
BRDA:501,73,1,0
BRDA:504,74,0,0
BRDA:504,74,1,0
BRDA:504,74,2,0
BRDA:508,75,0,0
BRDA:508,75,1,0
BRDA:513,76,0,0
BRDA:513,76,1,0
BRDA:519,77,0,0
BRDA:519,77,1,0
BRDA:527,78,0,0
BRDA:527,78,1,0
BRDA:536,79,0,0
BRDA:536,79,1,0
BRDA:555,80,0,0
BRDA:555,80,1,0
BRDA:564,81,0,0
BRDA:564,81,1,0
BRDA:569,82,0,0
BRDA:569,82,1,0
BRDA:569,82,2,0
BRDA:569,82,3,0
BRDA:569,82,4,0
BRDA:575,83,0,0
BRDA:575,83,1,0
BRDA:581,84,0,0
BRDA:581,84,1,0
BRDA:598,85,0,0
BRDA:598,85,1,0
BRDA:598,85,2,0
BRDA:598,85,3,0
BRDA:601,86,0,0
BRDA:601,86,1,0
BRDA:601,86,2,0
BRDA:601,86,3,0
BRDA:615,87,0,0
BRDA:615,87,1,0
BRDA:636,88,0,0
BRDA:636,88,1,0
BRDA:655,89,0,0
BRDA:655,89,1,0
BRDA:655,89,2,0
BRF:206
BRH:0
end_of_record
TN:
SF:components\admin\UserManagement.tsx
FN:36,(anonymous_10)
FN:71,(anonymous_11)
FN:79,(anonymous_12)
FN:84,(anonymous_13)
FN:98,(anonymous_14)
FN:102,(anonymous_15)
FN:104,(anonymous_16)
FN:114,(anonymous_17)
FN:119,(anonymous_18)
FN:128,(anonymous_19)
FN:133,(anonymous_20)
FN:152,(anonymous_21)
FN:156,(anonymous_22)
FN:166,(anonymous_23)
FN:169,(anonymous_24)
FN:213,(anonymous_25)
FN:232,(anonymous_26)
FN:236,(anonymous_27)
FN:239,(anonymous_28)
FN:241,(anonymous_29)
FN:244,(anonymous_30)
FN:285,(anonymous_31)
FN:291,(anonymous_32)
FN:312,(anonymous_33)
FN:327,(anonymous_34)
FN:328,(anonymous_35)
FN:346,(anonymous_36)
FN:357,(anonymous_37)
FN:381,(anonymous_38)
FN:387,(anonymous_39)
FN:415,(anonymous_40)
FN:484,(anonymous_41)
FNF:32
FNH:0
FNDA:0,(anonymous_10)
FNDA:0,(anonymous_11)
FNDA:0,(anonymous_12)
FNDA:0,(anonymous_13)
FNDA:0,(anonymous_14)
FNDA:0,(anonymous_15)
FNDA:0,(anonymous_16)
FNDA:0,(anonymous_17)
FNDA:0,(anonymous_18)
FNDA:0,(anonymous_19)
FNDA:0,(anonymous_20)
FNDA:0,(anonymous_21)
FNDA:0,(anonymous_22)
FNDA:0,(anonymous_23)
FNDA:0,(anonymous_24)
FNDA:0,(anonymous_25)
FNDA:0,(anonymous_26)
FNDA:0,(anonymous_27)
FNDA:0,(anonymous_28)
FNDA:0,(anonymous_29)
FNDA:0,(anonymous_30)
FNDA:0,(anonymous_31)
FNDA:0,(anonymous_32)
FNDA:0,(anonymous_33)
FNDA:0,(anonymous_34)
FNDA:0,(anonymous_35)
FNDA:0,(anonymous_36)
FNDA:0,(anonymous_37)
FNDA:0,(anonymous_38)
FNDA:0,(anonymous_39)
FNDA:0,(anonymous_40)
FNDA:0,(anonymous_41)
DA:3,0
DA:4,0
DA:5,0
DA:23,0
DA:24,0
DA:25,0
DA:26,0
DA:27,0
DA:36,0
DA:37,0
DA:38,0
DA:39,0
DA:40,0
DA:42,0
DA:43,0
DA:44,0
DA:46,0
DA:49,0
DA:50,0
DA:52,0
DA:53,0
DA:56,0
DA:57,0
DA:65,0
DA:66,0
DA:68,0
DA:69,0
DA:71,0
DA:72,0
DA:73,0
DA:74,0
DA:78,0
DA:79,0
DA:80,0
DA:81,0
DA:84,0
DA:85,0
DA:86,0
DA:87,0
DA:88,0
DA:89,0
DA:91,0
DA:92,0
DA:94,0
DA:98,0
DA:99,0
DA:102,0
DA:104,0
DA:105,0
DA:106,0
DA:107,0
DA:108,0
DA:109,0
DA:110,0
DA:113,0
DA:114,0
DA:116,0
DA:118,0
DA:119,0
DA:121,0
DA:124,0
DA:127,0
DA:128,0
DA:130,0
DA:132,0
DA:133,0
DA:135,0
DA:138,0
DA:141,0
DA:142,0
DA:147,0
DA:149,0
DA:152,0
DA:153,0
DA:156,0
DA:157,0
DA:158,0
DA:159,0
DA:160,0
DA:161,0
DA:162,0
DA:163,0
DA:164,0
DA:166,0
DA:169,0
DA:170,0
DA:171,0
DA:173,0
DA:174,0
DA:181,0
DA:183,0
DA:188,0
DA:189,0
DA:192,0
DA:195,0
DA:196,0
DA:197,0
DA:201,0
DA:203,0
DA:204,0
DA:206,0
DA:207,0
DA:209,0
DA:213,0
DA:214,0
DA:215,0
DA:216,0
DA:217,0
DA:218,0
DA:219,0
DA:221,0
DA:223,0
DA:225,0
DA:227,0
DA:232,0
DA:233,0
DA:236,0
DA:239,0
DA:240,0
DA:241,0
DA:244,0
DA:245,0
DA:246,0
DA:247,0
DA:248,0
DA:250,0
DA:251,0
DA:253,0
DA:261,0
DA:262,0
DA:263,0
DA:264,0
DA:266,0
DA:267,0
DA:269,0
DA:273,0
DA:274,0
DA:281,0
DA:285,0
DA:291,0
DA:313,0
DA:327,0
DA:328,0
DA:346,0
DA:357,0
DA:382,0
DA:388,0
DA:389,0
DA:390,0
DA:391,0
DA:415,0
DA:485,0
DA:502,0
LF:153
LH:0
BRDA:80,0,0,0
BRDA:80,0,1,0
BRDA:92,1,0,0
BRDA:92,1,1,0
BRDA:104,2,0,0
BRDA:106,3,0,0
BRDA:106,3,1,0
BRDA:114,4,0,0
BRDA:114,4,1,0
BRDA:118,5,0,0
BRDA:118,5,1,0
BRDA:124,6,0,0
BRDA:124,6,1,0
BRDA:128,7,0,0
BRDA:128,7,1,0
BRDA:132,8,0,0
BRDA:132,8,1,0
BRDA:159,9,0,0
BRDA:159,9,1,0
BRDA:161,10,0,0
BRDA:161,10,1,0
BRDA:162,11,0,0
BRDA:162,11,1,0
BRDA:163,12,0,0
BRDA:163,12,1,0
BRDA:170,13,0,0
BRDA:170,13,1,0
BRDA:174,14,0,0
BRDA:174,14,1,0
BRDA:174,15,0,0
BRDA:174,15,1,0
BRDA:188,16,0,0
BRDA:188,16,1,0
BRDA:188,17,0,0
BRDA:188,17,1,0
BRDA:196,18,0,0
BRDA:196,18,1,0
BRDA:196,19,0,0
BRDA:196,19,1,0
BRDA:196,19,2,0
BRDA:196,19,3,0
BRDA:206,20,0,0
BRDA:206,20,1,0
BRDA:206,21,0,0
BRDA:206,21,1,0
BRDA:206,21,2,0
BRDA:214,22,0,0
BRDA:214,22,1,0
BRDA:215,23,0,0
BRDA:215,23,1,0
BRDA:215,24,0,0
BRDA:215,24,1,0
BRDA:218,25,0,0
BRDA:218,25,1,0
BRDA:225,26,0,0
BRDA:225,26,1,0
BRDA:233,27,0,0
BRDA:233,27,1,0
BRDA:233,27,2,0
BRDA:233,27,3,0
BRDA:233,27,4,0
BRDA:250,28,0,0
BRDA:250,28,1,0
BRDA:250,29,0,0
BRDA:250,29,1,0
BRDA:250,29,2,0
BRDA:258,30,0,0
BRDA:258,30,1,0
BRDA:259,31,0,0
BRDA:259,31,1,0
BRDA:267,32,0,0
BRDA:267,32,1,0
BRDA:273,33,0,0
BRDA:273,33,1,0
BRDA:273,34,0,0
BRDA:273,34,1,0
BRDA:290,35,0,0
BRDA:290,35,1,0
BRDA:290,35,2,0
BRDA:294,36,0,0
BRDA:294,36,1,0
BRDA:295,37,0,0
BRDA:295,37,1,0
BRDA:295,37,2,0
BRDA:295,37,3,0
BRDA:297,38,0,0
BRDA:297,38,1,0
BRDA:297,38,2,0
BRDA:313,39,0,0
BRDA:313,39,1,0
BRDA:318,40,0,0
BRDA:318,40,1,0
BRDA:318,41,0,0
BRDA:318,41,1,0
BRDA:323,42,0,0
BRDA:323,42,1,0
BRDA:329,43,0,0
BRDA:329,43,1,0
BRDA:330,44,0,0
BRDA:330,44,1,0
BRDA:331,45,0,0
BRDA:331,45,1,0
BRDA:331,46,0,0
BRDA:331,46,1,0
BRDA:331,47,0,0
BRDA:331,47,1,0
BRDA:333,48,0,0
BRDA:333,48,1,0
BRDA:343,49,0,0
BRDA:343,49,1,0
BRDA:344,50,0,0
BRDA:344,50,1,0
BRDA:344,51,0,0
BRDA:344,51,1,0
BRDA:345,52,0,0
BRDA:345,52,1,0
BRDA:345,52,2,0
BRDA:349,53,0,0
BRDA:349,53,1,0
BRDA:350,54,0,0
BRDA:350,54,1,0
BRDA:352,55,0,0
BRDA:352,55,1,0
BRDA:352,56,0,0
BRDA:352,56,1,0
BRDA:353,57,0,0
BRDA:353,57,1,0
BRDA:356,58,0,0
BRDA:356,58,1,0
BRDA:357,59,0,0
BRDA:357,59,1,0
BRDA:360,60,0,0
BRDA:360,60,1,0
BRDA:363,61,0,0
BRDA:363,61,1,0
BRDA:364,62,0,0
BRDA:364,62,1,0
BRDA:366,63,0,0
BRDA:366,63,1,0
BRDA:367,64,0,0
BRDA:367,64,1,0
BRDA:368,65,0,0
BRDA:368,65,1,0
BRDA:368,66,0,0
BRDA:368,66,1,0
BRDA:370,67,0,0
BRDA:370,67,1,0
BRDA:372,68,0,0
BRDA:372,68,1,0
BRDA:377,69,0,0
BRDA:377,69,1,0
BRDA:377,69,2,0
BRDA:389,70,0,0
BRDA:389,70,1,0
BRDA:398,71,0,0
BRDA:398,71,1,0
BRDA:416,72,0,0
BRDA:416,72,1,0
BRDA:420,73,0,0
BRDA:420,73,1,0
BRDA:423,74,0,0
BRDA:423,74,1,0
BRDA:455,75,0,0
BRDA:455,75,1,0
BRDA:460,76,0,0
BRDA:460,76,1,0
BRDA:460,76,2,0
BRDA:462,77,0,0
BRDA:462,77,1,0
BRDA:466,78,0,0
BRDA:466,78,1,0
BRDA:466,79,0,0
BRDA:466,79,1,0
BRDA:470,80,0,0
BRDA:470,80,1,0
BRDA:490,81,0,0
BRDA:490,81,1,0
BRDA:491,82,0,0
BRDA:491,82,1,0
BRF:179
BRH:0
end_of_record
TN:
SF:components\client\ClientDashboard.tsx
FN:5,(anonymous_1)
FNF:1
FNH:1
FNDA:1,(anonymous_1)
DA:2,1
DA:5,1
DA:6,1
DA:16,1
LF:4
LH:4
BRF:0
BRH:0
end_of_record
TN:
SF:components\client\ClientProjectTimeLogPage.tsx
FN:11,(anonymous_9)
FN:26,(anonymous_10)
FN:38,(anonymous_11)
FN:47,(anonymous_12)
FN:84,(anonymous_13)
FN:90,(anonymous_14)
FN:108,(anonymous_15)
FN:109,(anonymous_16)
FN:114,(anonymous_17)
FN:147,(anonymous_18)
FN:152,(anonymous_19)
FN:161,(anonymous_20)
FN:179,(anonymous_21)
FNF:13
FNH:0
FNDA:0,(anonymous_9)
FNDA:0,(anonymous_10)
FNDA:0,(anonymous_11)
FNDA:0,(anonymous_12)
FNDA:0,(anonymous_13)
FNDA:0,(anonymous_14)
FNDA:0,(anonymous_15)
FNDA:0,(anonymous_16)
FNDA:0,(anonymous_17)
FNDA:0,(anonymous_18)
FNDA:0,(anonymous_19)
FNDA:0,(anonymous_20)
FNDA:0,(anonymous_21)
DA:1,0
DA:2,0
DA:3,0
DA:8,0
DA:11,0
DA:12,0
DA:13,0
DA:14,0
DA:15,0
DA:17,0
DA:18,0
DA:19,0
DA:21,0
DA:22,0
DA:23,0
DA:26,0
DA:27,0
DA:28,0
DA:29,0
DA:30,0
DA:32,0
DA:33,0
DA:34,0
DA:35,0
DA:38,0
DA:39,0
DA:40,0
DA:41,0
DA:42,0
DA:47,0
DA:71,0
DA:72,0
DA:74,0
DA:75,0
DA:77,0
DA:80,0
DA:84,0
DA:85,0
DA:86,0
DA:87,0
DA:90,0
DA:91,0
DA:92,0
DA:93,0
DA:94,0
DA:95,0
DA:97,0
DA:98,0
DA:99,0
DA:101,0
DA:104,0
DA:108,0
DA:109,0
DA:110,0
DA:114,0
DA:117,0
DA:122,0
DA:123,0
DA:126,0
DA:127,0
DA:130,0
DA:131,0
DA:135,0
DA:136,0
DA:138,0
DA:147,0
DA:153,0
DA:161,0
DA:180,0
DA:201,0
DA:209,0
DA:215,0
LF:72
LH:0
BRDA:27,0,0,0
BRDA:27,0,1,0
BRDA:32,1,0,0
BRDA:32,1,1,0
BRDA:51,2,0,0
BRDA:51,2,1,0
BRDA:52,3,0,0
BRDA:52,3,1,0
BRDA:53,4,0,0
BRDA:53,4,1,0
BRDA:54,5,0,0
BRDA:54,5,1,0
BRDA:55,6,0,0
BRDA:55,6,1,0
BRDA:57,7,0,0
BRDA:57,7,1,0
BRDA:58,8,0,0
BRDA:58,8,1,0
BRDA:59,9,0,0
BRDA:59,9,1,0
BRDA:60,10,0,0
BRDA:60,10,1,0
BRDA:61,11,0,0
BRDA:61,11,1,0
BRDA:62,12,0,0
BRDA:62,12,1,0
BRDA:63,13,0,0
BRDA:63,13,1,0
BRDA:64,14,0,0
BRDA:64,14,1,0
BRDA:65,15,0,0
BRDA:65,15,1,0
BRDA:66,16,0,0
BRDA:66,16,1,0
BRDA:67,17,0,0
BRDA:67,17,1,0
BRDA:68,18,0,0
BRDA:68,18,1,0
BRDA:69,19,0,0
BRDA:69,19,1,0
BRDA:75,20,0,0
BRDA:75,20,1,0
BRDA:85,21,0,0
BRDA:85,21,1,0
BRDA:85,22,0,0
BRDA:85,22,1,0
BRDA:98,23,0,0
BRDA:98,23,1,0
BRDA:110,24,0,0
BRDA:110,24,1,0
BRDA:122,25,0,0
BRDA:122,25,1,0
BRDA:122,26,0,0
BRDA:122,26,1,0
BRDA:126,27,0,0
BRDA:126,27,1,0
BRDA:130,28,0,0
BRDA:130,28,1,0
BRDA:130,29,0,0
BRDA:130,29,1,0
BRDA:135,30,0,0
BRDA:135,30,1,0
BRDA:136,31,0,0
BRDA:136,31,1,0
BRDA:146,32,0,0
BRDA:146,32,1,0
BRDA:147,33,0,0
BRDA:147,33,1,0
BRDA:156,34,0,0
BRDA:156,34,1,0
BRDA:156,34,2,0
BRDA:159,35,0,0
BRDA:159,35,1,0
BRDA:161,36,0,0
BRDA:161,36,1,0
BRDA:162,37,0,0
BRDA:162,37,1,0
BRDA:163,38,0,0
BRDA:163,38,1,0
BRDA:163,38,2,0
BRDA:164,39,0,0
BRDA:164,39,1,0
BRDA:164,39,2,0
BRDA:164,39,3,0
BRDA:167,40,0,0
BRDA:167,40,1,0
BRDA:167,40,2,0
BRDA:167,40,3,0
BRDA:185,41,0,0
BRDA:185,41,1,0
BRDA:193,42,0,0
BRDA:193,42,1,0
BRDA:193,42,2,0
BRDA:193,42,3,0
BRF:94
BRH:0
end_of_record
TN:
SF:components\client\CreateProject.tsx
FN:9,(anonymous_10)
FN:25,(anonymous_11)
FN:49,(anonymous_12)
FN:70,(anonymous_13)
FN:74,(anonymous_14)
FN:78,(anonymous_15)
FNF:6
FNH:5
FNDA:8,(anonymous_10)
FNDA:1,(anonymous_11)
FNDA:0,(anonymous_12)
FNDA:1,(anonymous_13)
FNDA:1,(anonymous_14)
FNDA:1,(anonymous_15)
DA:1,1
DA:2,1
DA:3,1
DA:4,1
DA:5,1
DA:6,1
DA:7,1
DA:9,1
DA:10,8
DA:11,8
DA:12,8
DA:13,8
DA:16,8
DA:17,8
DA:18,8
DA:19,8
DA:21,8
DA:22,1
DA:25,7
DA:26,1
DA:27,1
DA:28,1
DA:29,1
DA:30,0
DA:31,0
DA:33,1
DA:34,1
DA:42,1
DA:43,1
DA:44,1
DA:45,1
DA:46,1
DA:47,1
DA:49,1
DA:51,0
DA:52,0
DA:54,0
DA:56,0
DA:58,1
DA:62,7
DA:70,1
DA:74,1
DA:78,1
DA:97,1
LF:44
LH:38
BRDA:21,0,0,1
BRDA:21,0,1,7
BRDA:21,1,0,8
BRDA:21,1,1,8
BRDA:21,1,2,1
BRDA:29,2,0,0
BRDA:29,2,1,1
BRDA:29,3,0,1
BRDA:29,3,1,1
BRDA:51,4,0,0
BRDA:51,4,1,0
BRDA:52,5,0,0
BRDA:52,5,1,0
BRDA:65,6,0,7
BRDA:65,6,1,1
BRDA:66,7,0,7
BRDA:66,7,1,0
BRF:17
BRH:11
end_of_record
TN:
SF:components\client\MyProjects.tsx
FN:20,(anonymous_10)
FN:37,(anonymous_11)
FN:49,(anonymous_12)
FN:68,(anonymous_13)
FN:77,(anonymous_14)
FN:81,(anonymous_15)
FN:85,(anonymous_16)
FN:85,(anonymous_17)
FN:91,(anonymous_18)
FN:103,(anonymous_19)
FN:105,(anonymous_20)
FN:108,(anonymous_21)
FN:110,(anonymous_22)
FN:114,(anonymous_23)
FN:127,(anonymous_24)
FN:141,(anonymous_25)
FN:184,(anonymous_26)
FN:189,(anonymous_27)
FN:192,(anonymous_28)
FN:195,(anonymous_29)
FN:206,(anonymous_30)
FN:219,(anonymous_31)
FN:227,(anonymous_32)
FN:236,(anonymous_33)
FN:241,(anonymous_34)
FN:250,(anonymous_35)
FN:253,(anonymous_36)
FNF:27
FNH:7
FNDA:6,(anonymous_10)
FNDA:3,(anonymous_11)
FNDA:2,(anonymous_12)
FNDA:0,(anonymous_13)
FNDA:3,(anonymous_14)
FNDA:1,(anonymous_15)
FNDA:0,(anonymous_16)
FNDA:0,(anonymous_17)
FNDA:0,(anonymous_18)
FNDA:0,(anonymous_19)
FNDA:0,(anonymous_20)
FNDA:0,(anonymous_21)
FNDA:0,(anonymous_22)
FNDA:0,(anonymous_23)
FNDA:0,(anonymous_24)
FNDA:0,(anonymous_25)
FNDA:2,(anonymous_26)
FNDA:0,(anonymous_27)
FNDA:1,(anonymous_28)
FNDA:0,(anonymous_29)
FNDA:0,(anonymous_30)
FNDA:0,(anonymous_31)
FNDA:0,(anonymous_32)
FNDA:0,(anonymous_33)
FNDA:0,(anonymous_34)
FNDA:0,(anonymous_35)
FNDA:0,(anonymous_36)
DA:1,1
DA:2,1
DA:3,1
DA:12,1
DA:13,1
DA:14,1
DA:15,1
DA:16,1
DA:17,1
DA:18,1
DA:20,1
DA:21,6
DA:22,6
DA:23,6
DA:24,6
DA:27,6
DA:28,6
DA:29,6
DA:32,6
DA:33,6
DA:34,6
DA:35,6
DA:37,6
DA:38,3
DA:39,1
DA:40,1
DA:41,1
DA:43,2
DA:44,2
DA:45,2
DA:46,2
DA:49,2
DA:68,2
DA:70,0
DA:71,0
DA:73,2
DA:77,6
DA:78,3
DA:81,6
DA:82,1
DA:83,1
DA:84,1
DA:85,1
DA:87,0
DA:91,6
DA:92,0
DA:93,0
DA:100,0
DA:103,6
DA:104,0
DA:105,0
DA:108,6
DA:109,0
DA:110,0
DA:114,6
DA:115,0
DA:116,0
DA:117,0
DA:118,0
DA:119,0
DA:120,0
DA:121,0
DA:123,0
DA:127,6
DA:128,0
DA:129,0
DA:130,0
DA:131,0
DA:132,0
DA:133,0
DA:135,0
DA:137,0
DA:141,6
DA:142,0
DA:144,0
DA:146,0
DA:147,0
DA:149,0
DA:150,0
DA:152,0
DA:153,0
DA:156,0
DA:161,6
DA:162,3
DA:163,3
DA:166,2
DA:185,2
DA:189,0
DA:192,1
DA:195,0
DA:206,0
DA:219,0
DA:227,0
DA:236,0
DA:242,0
DA:250,0
DA:253,0
DA:267,1
LF:98
LH:54
BRDA:38,0,0,1
BRDA:38,0,1,2
BRDA:38,1,0,3
BRDA:38,1,1,3
BRDA:53,2,0,0
BRDA:53,2,1,2
BRDA:55,3,0,2
BRDA:55,3,1,2
BRDA:56,4,0,2
BRDA:56,4,1,2
BRDA:57,5,0,2
BRDA:57,5,1,2
BRDA:58,6,0,2
BRDA:58,6,1,2
BRDA:59,7,0,2
BRDA:59,7,1,2
BRDA:60,8,0,2
BRDA:60,8,1,2
BRDA:61,9,0,2
BRDA:61,9,1,2
BRDA:62,10,0,2
BRDA:62,10,1,2
BRDA:63,11,0,2
BRDA:63,11,1,2
BRDA:65,12,0,2
BRDA:65,12,1,2
BRDA:71,13,0,0
BRDA:71,13,1,0
BRDA:82,14,0,0
BRDA:82,14,1,1
BRDA:87,15,0,0
BRDA:87,15,1,0
BRDA:98,16,0,0
BRDA:98,16,1,0
BRDA:110,17,0,0
BRDA:110,17,1,0
BRDA:116,18,0,0
BRDA:116,18,1,0
BRDA:123,19,0,0
BRDA:123,19,1,0
BRDA:135,20,0,0
BRDA:135,20,1,0
BRDA:142,21,0,0
BRDA:142,21,1,0
BRDA:144,22,0,0
BRDA:144,22,1,0
BRDA:152,23,0,0
BRDA:152,23,1,0
BRDA:156,24,0,0
BRDA:156,24,1,0
BRDA:161,25,0,3
BRDA:161,25,1,3
BRDA:161,26,0,6
BRDA:161,26,1,3
BRDA:162,27,0,0
BRDA:162,27,1,3
BRDA:163,28,0,1
BRDA:163,28,1,2
BRDA:163,29,0,3
BRDA:163,29,1,1
BRDA:163,29,2,1
BRDA:172,30,0,2
BRDA:172,30,1,0
BRDA:172,30,2,0
BRDA:172,30,3,0
BRDA:174,31,0,2
BRDA:174,31,1,0
BRDA:174,31,2,0
BRDA:196,32,0,2
BRDA:196,32,1,2
BRDA:205,33,0,2
BRDA:205,33,1,0
BRDA:205,33,2,0
BRDA:210,34,0,0
BRDA:210,34,1,0
BRDA:214,35,0,0
BRDA:214,35,1,0
BRDA:218,36,0,0
BRDA:218,36,1,0
BRDA:224,37,0,0
BRDA:224,37,1,0
BRDA:235,38,0,2
BRDA:235,38,1,0
BRDA:235,38,2,0
BRDA:237,39,0,0
BRDA:237,39,1,0
BRDA:238,40,0,0
BRDA:238,40,1,0
BRDA:238,40,2,0
BRDA:239,41,0,0
BRDA:239,41,1,0
BRDA:239,41,2,0
BRDA:244,42,0,0
BRDA:244,42,1,0
BRDA:247,43,0,0
BRDA:247,43,1,0
BRDA:247,44,0,0
BRDA:247,44,1,0
BRDA:248,45,0,0
BRDA:248,45,1,0
BRF:100
BRH:42
end_of_record
TN:
SF:components\freelancer\FreelancerDashboard.tsx
FN:5,(anonymous_1)
FNF:1
FNH:1
FNDA:1,(anonymous_1)
DA:2,1
DA:5,1
DA:6,1
DA:16,1
LF:4
LH:4
BRF:0
BRH:0
end_of_record
TN:
SF:components\freelancer\FreelancerTimeTrackingPage.tsx
FN:12,(anonymous_9)
FN:28,(anonymous_10)
FN:35,(anonymous_11)
FN:43,(anonymous_12)
FN:44,(anonymous_13)
FN:56,(anonymous_14)
FN:58,(anonymous_15)
FN:61,(anonymous_16)
FN:70,(anonymous_17)
FN:74,(anonymous_18)
FN:75,(anonymous_19)
FN:79,(anonymous_20)
FN:81,(anonymous_21)
FN:82,(anonymous_22)
FN:88,(anonymous_23)
FN:100,(anonymous_24)
FN:110,(anonymous_25)
FN:120,(anonymous_26)
FN:128,(anonymous_27)
FN:132,(anonymous_28)
FN:158,(anonymous_29)
FN:181,(anonymous_30)
FN:205,(anonymous_31)
FN:210,(anonymous_32)
FN:224,(anonymous_33)
FN:241,(anonymous_34)
FN:245,(anonymous_35)
FN:249,(anonymous_36)
FN:253,(anonymous_37)
FN:286,(anonymous_38)
FN:289,(anonymous_39)
FN:296,(anonymous_40)
FN:297,(anonymous_41)
FNF:33
FNH:1
FNDA:3,(anonymous_9)
FNDA:0,(anonymous_10)
FNDA:0,(anonymous_11)
FNDA:0,(anonymous_12)
FNDA:0,(anonymous_13)
FNDA:0,(anonymous_14)
FNDA:0,(anonymous_15)
FNDA:0,(anonymous_16)
FNDA:0,(anonymous_17)
FNDA:0,(anonymous_18)
FNDA:0,(anonymous_19)
FNDA:0,(anonymous_20)
FNDA:0,(anonymous_21)
FNDA:0,(anonymous_22)
FNDA:0,(anonymous_23)
FNDA:0,(anonymous_24)
FNDA:0,(anonymous_25)
FNDA:0,(anonymous_26)
FNDA:0,(anonymous_27)
FNDA:0,(anonymous_28)
FNDA:0,(anonymous_29)
FNDA:0,(anonymous_30)
FNDA:0,(anonymous_31)
FNDA:0,(anonymous_32)
FNDA:0,(anonymous_33)
FNDA:0,(anonymous_34)
FNDA:0,(anonymous_35)
FNDA:0,(anonymous_36)
FNDA:0,(anonymous_37)
FNDA:0,(anonymous_38)
FNDA:0,(anonymous_39)
FNDA:0,(anonymous_40)
FNDA:0,(anonymous_41)
DA:1,1
DA:3,1
DA:10,1
DA:12,1
DA:13,3
DA:14,2
DA:15,2
DA:16,2
DA:17,2
DA:18,2
DA:20,2
DA:21,0
DA:23,0
DA:24,0
DA:25,0
DA:26,0
DA:28,0
DA:29,0
DA:30,0
DA:31,0
DA:32,0
DA:34,0
DA:35,0
DA:36,0
DA:37,0
DA:38,0
DA:39,0
DA:43,0
DA:44,0
DA:46,0
DA:47,0
DA:49,0
DA:52,0
DA:56,0
DA:57,0
DA:58,0
DA:59,0
DA:60,0
DA:61,0
DA:63,0
DA:66,0
DA:70,0
DA:71,0
DA:74,0
DA:75,0
DA:76,0
DA:79,0
DA:80,0
DA:81,0
DA:82,0
DA:83,0
DA:84,0
DA:85,0
DA:88,0
DA:89,0
DA:90,0
DA:91,0
DA:93,0
DA:94,0
DA:95,0
DA:97,0
DA:100,0
DA:101,0
DA:102,0
DA:103,0
DA:105,0
DA:106,0
DA:107,0
DA:108,0
DA:109,0
DA:110,0
DA:112,0
DA:113,0
DA:114,0
DA:116,0
DA:120,0
DA:121,0
DA:122,0
DA:123,0
DA:124,0
DA:125,0
DA:128,0
DA:129,0
DA:132,0
DA:133,0
DA:134,0
DA:135,0
DA:136,0
DA:139,0
DA:140,0
DA:141,0
DA:144,0
DA:145,0
DA:147,0
DA:148,0
DA:149,0
DA:152,0
DA:153,0
DA:154,0
DA:155,0
DA:158,0
DA:159,0
DA:160,0
DA:161,0
DA:162,0
DA:164,0
DA:166,0
DA:176,0
DA:177,0
DA:178,0
DA:179,0
DA:180,0
DA:181,0
DA:182,0
DA:184,0
DA:185,0
DA:186,0
DA:188,0
DA:192,0
DA:193,0
DA:195,0
DA:206,0
DA:210,0
DA:224,0
DA:241,0
DA:245,0
DA:249,0
DA:253,0
DA:287,0
DA:289,0
DA:296,0
DA:297,0
DA:309,1
DA:316,1
DA:322,1
LF:135
LH:14
BRDA:29,0,0,0
BRDA:29,0,1,0
BRDA:29,1,0,0
BRDA:29,1,1,0
BRDA:34,2,0,0
BRDA:34,2,1,0
BRDA:47,3,0,0
BRDA:47,3,1,0
BRDA:57,4,0,0
BRDA:57,4,1,0
BRDA:57,5,0,0
BRDA:57,5,1,0
BRDA:57,5,2,0
BRDA:76,6,0,0
BRDA:76,6,1,0
BRDA:89,7,0,0
BRDA:89,7,1,0
BRDA:93,8,0,0
BRDA:93,8,1,0
BRDA:101,9,0,0
BRDA:101,9,1,0
BRDA:101,10,0,0
BRDA:101,10,1,0
BRDA:108,11,0,0
BRDA:108,11,1,0
BRDA:113,12,0,0
BRDA:113,12,1,0
BRDA:114,13,0,0
BRDA:114,13,1,0
BRDA:134,14,0,0
BRDA:134,14,1,0
BRDA:134,15,0,0
BRDA:134,15,1,0
BRDA:139,16,0,0
BRDA:139,16,1,0
BRDA:139,17,0,0
BRDA:139,17,1,0
BRDA:139,17,2,0
BRDA:147,18,0,0
BRDA:147,18,1,0
BRDA:153,19,0,0
BRDA:153,19,1,0
BRDA:159,20,0,0
BRDA:159,20,1,0
BRDA:172,21,0,0
BRDA:172,21,1,0
BRDA:185,22,0,0
BRDA:185,22,1,0
BRDA:186,23,0,0
BRDA:186,23,1,0
BRDA:192,24,0,0
BRDA:192,24,1,0
BRDA:192,25,0,0
BRDA:192,25,1,0
BRDA:192,25,2,0
BRDA:193,26,0,0
BRDA:193,26,1,0
BRDA:201,27,0,0
BRDA:201,27,1,0
BRDA:201,28,0,0
BRDA:201,28,1,0
BRDA:210,29,0,0
BRDA:210,29,1,0
BRDA:213,30,0,0
BRDA:213,30,1,0
BRDA:213,31,0,0
BRDA:213,31,1,0
BRDA:215,32,0,0
BRDA:215,32,1,0
BRDA:215,33,0,0
BRDA:215,33,1,0
BRDA:217,34,0,0
BRDA:217,34,1,0
BRDA:217,34,2,0
BRDA:219,35,0,0
BRDA:219,35,1,0
BRDA:220,36,0,0
BRDA:220,36,1,0
BRDA:225,37,0,0
BRDA:225,37,1,0
BRDA:225,37,2,0
BRDA:235,38,0,0
BRDA:235,38,1,0
BRDA:258,39,0,0
BRDA:258,39,1,0
BRDA:264,40,0,0
BRDA:264,40,1,0
BRDA:269,41,0,0
BRDA:269,41,1,0
BRDA:289,42,0,0
BRDA:289,42,1,0
BRDA:294,43,0,0
BRDA:294,43,1,0
BRF:93
BRH:0
end_of_record
TN:
SF:components\freelancer\MyApplications.tsx
FN:18,(anonymous_10)
FN:25,(anonymous_11)
FN:37,(anonymous_12)
FN:46,(anonymous_13)
FN:50,(anonymous_14)
FN:68,(anonymous_15)
FN:120,(anonymous_16)
FN:132,(anonymous_17)
FN:153,(anonymous_18)
FNF:9
FNH:0
FNDA:0,(anonymous_10)
FNDA:0,(anonymous_11)
FNDA:0,(anonymous_12)
FNDA:0,(anonymous_13)
FNDA:0,(anonymous_14)
FNDA:0,(anonymous_15)
FNDA:0,(anonymous_16)
FNDA:0,(anonymous_17)
FNDA:0,(anonymous_18)
DA:1,0
DA:2,0
DA:3,0
DA:9,0
DA:10,0
DA:11,0
DA:12,0
DA:13,0
DA:14,0
DA:18,0
DA:19,0
DA:21,0
DA:22,0
DA:23,0
DA:25,0
DA:26,0
DA:27,0
DA:28,0
DA:30,0
DA:32,0
DA:33,0
DA:34,0
DA:35,0
DA:37,0
DA:39,0
DA:40,0
DA:42,0
DA:46,0
DA:47,0
DA:50,0
DA:51,0
DA:52,0
DA:53,0
DA:54,0
DA:55,0
DA:57,0
DA:58,0
DA:59,0
DA:61,0
DA:62,0
DA:64,0
DA:68,0
DA:69,0
DA:73,0
DA:76,0
DA:79,0
DA:81,0
DA:82,0
DA:86,0
DA:87,0
DA:90,0
DA:91,0
DA:94,0
DA:95,0
DA:98,0
DA:99,0
DA:102,0
DA:103,0
DA:115,0
DA:121,0
DA:132,0
DA:153,0
DA:167,0
LF:63
LH:0
BRDA:26,0,0,0
BRDA:26,0,1,0
BRDA:26,1,0,0
BRDA:26,1,1,0
BRDA:40,2,0,0
BRDA:40,2,1,0
BRDA:51,3,0,0
BRDA:51,3,1,0
BRDA:57,4,0,0
BRDA:57,4,1,0
BRDA:58,5,0,0
BRDA:58,5,1,0
BRDA:59,6,0,0
BRDA:59,6,1,0
BRDA:69,7,0,0
BRDA:69,7,1,0
BRDA:69,7,2,0
BRDA:69,7,3,0
BRDA:69,7,4,0
BRDA:69,7,5,0
BRDA:69,7,6,0
BRDA:69,7,7,0
BRDA:69,7,8,0
BRDA:86,8,0,0
BRDA:86,8,1,0
BRDA:90,9,0,0
BRDA:90,9,1,0
BRDA:94,10,0,0
BRDA:94,10,1,0
BRDA:98,11,0,0
BRDA:98,11,1,0
BRDA:98,12,0,0
BRDA:98,12,1,0
BRDA:102,13,0,0
BRDA:102,13,1,0
BRDA:102,14,0,0
BRDA:102,14,1,0
BRDA:136,15,0,0
BRDA:136,15,1,0
BRDA:142,16,0,0
BRDA:142,16,1,0
BRDA:142,16,2,0
BRDA:149,17,0,0
BRDA:149,17,1,0
BRF:44
BRH:0
end_of_record
TN:
SF:components\freelancer\MyAssignedProjects.tsx
FN:14,(anonymous_10)
FN:20,(anonymous_11)
FN:34,(anonymous_12)
FN:40,(anonymous_13)
FN:49,(anonymous_14)
FN:77,(anonymous_15)
FN:88,(anonymous_16)
FNF:7
FNH:0
FNDA:0,(anonymous_10)
FNDA:0,(anonymous_11)
FNDA:0,(anonymous_12)
FNDA:0,(anonymous_13)
FNDA:0,(anonymous_14)
FNDA:0,(anonymous_15)
FNDA:0,(anonymous_16)
DA:1,0
DA:2,0
DA:3,0
DA:4,0
DA:8,0
DA:9,0
DA:10,0
DA:11,0
DA:14,0
DA:15,0
DA:16,0
DA:17,0
DA:18,0
DA:20,0
DA:21,0
DA:22,0
DA:23,0
DA:25,0
DA:27,0
DA:28,0
DA:29,0
DA:30,0
DA:34,0
DA:40,0
DA:42,0
DA:43,0
DA:45,0
DA:49,0
DA:51,0
DA:53,0
DA:54,0
DA:56,0
DA:57,0
DA:59,0
DA:60,0
DA:63,0
DA:78,0
DA:88,0
DA:102,0
LF:39
LH:0
BRDA:21,0,0,0
BRDA:21,0,1,0
BRDA:21,1,0,0
BRDA:21,1,1,0
BRDA:38,2,0,0
BRDA:38,2,1,0
BRDA:43,3,0,0
BRDA:43,3,1,0
BRDA:51,4,0,0
BRDA:51,4,1,0
BRDA:51,5,0,0
BRDA:51,5,1,0
BRDA:53,6,0,0
BRDA:53,6,1,0
BRDA:56,7,0,0
BRDA:56,7,1,0
BRDA:56,8,0,0
BRDA:56,8,1,0
BRDA:59,9,0,0
BRDA:59,9,1,0
BRDA:67,10,0,0
BRDA:67,10,1,0
BRDA:67,10,2,0
BRDA:84,11,0,0
BRDA:84,11,1,0
BRDA:85,12,0,0
BRDA:85,12,1,0
BRF:27
BRH:0
end_of_record
TN:
SF:components\shared\Button.tsx
FN:12,(anonymous_1)
FNF:1
FNH:1
FNDA:38,(anonymous_1)
DA:2,4
DA:12,4
DA:22,38
DA:25,38
DA:33,38
DA:39,38
DA:41,38
DA:60,4
LF:8
LH:8
BRDA:14,0,0,0
BRDA:15,1,0,20
BRDA:18,2,0,18
BRDA:19,3,0,8
BRDA:39,4,0,1
BRDA:39,4,1,37
BRDA:44,5,0,38
BRDA:44,5,1,37
BRDA:47,6,0,38
BRDA:47,6,1,1
BRDA:53,7,0,38
BRDA:53,7,1,2
BRDA:53,7,2,2
BRDA:55,8,0,38
BRDA:55,8,1,0
BRDA:55,8,2,0
BRF:16
BRH:13
end_of_record
TN:
SF:components\shared\GlobalTimerDisplay.tsx
FN:10,(anonymous_10)
FN:16,(anonymous_11)
FN:18,(anonymous_12)
FN:35,(anonymous_13)
FN:42,(anonymous_14)
FN:46,(anonymous_15)
FN:64,(anonymous_16)
FNF:7
FNH:7
FNDA:19,(anonymous_10)
FNDA:13,(anonymous_11)
FNDA:15,(anonymous_12)
FNDA:13,(anonymous_13)
FNDA:14,(anonymous_14)
FNDA:10,(anonymous_15)
FNDA:1,(anonymous_16)
DA:1,1
DA:2,1
DA:3,1
DA:4,1
DA:5,1
DA:6,1
DA:8,1
DA:10,1
DA:11,19
DA:12,19
DA:13,19
DA:14,19
DA:16,19
DA:17,13
DA:18,11
DA:19,15
DA:20,15
DA:21,15
DA:24,11
DA:25,11
DA:26,11
DA:28,2
DA:29,1
DA:30,1
DA:32,2
DA:35,13
DA:36,13
DA:37,11
DA:42,19
DA:43,14
DA:44,5
DA:46,5
DA:47,10
DA:48,0
DA:49,0
DA:50,0
DA:55,5
DA:56,5
DA:60,19
DA:61,4
DA:64,15
DA:65,1
DA:66,1
DA:69,15
DA:92,1
LF:45
LH:42
BRDA:17,0,0,11
BRDA:17,0,1,2
BRDA:28,1,0,1
BRDA:28,1,1,1
BRDA:36,2,0,11
BRDA:36,2,1,2
BRDA:43,3,0,5
BRDA:43,3,1,9
BRDA:43,4,0,14
BRDA:43,4,1,11
BRDA:47,5,0,0
BRDA:47,5,1,10
BRDA:47,6,0,10
BRDA:47,6,1,0
BRDA:49,7,0,0
BRDA:49,7,1,0
BRDA:60,8,0,4
BRDA:60,8,1,15
BRDA:60,9,0,19
BRDA:60,9,1,16
BRDA:66,10,0,1
BRDA:66,10,1,0
BRF:22
BRH:17
end_of_record
TN:
SF:components\shared\IconComponents.tsx
FN:7,(anonymous_1)
FN:13,(anonymous_2)
FN:19,(anonymous_3)
FN:25,(anonymous_4)
FN:31,(anonymous_5)
FN:37,(anonymous_6)
FN:43,(anonymous_7)
FN:50,(anonymous_8)
FN:56,(anonymous_9)
FN:62,(anonymous_10)
FN:68,(anonymous_11)
FN:74,(anonymous_12)
FN:81,(anonymous_13)
FN:87,(anonymous_14)
FN:93,(anonymous_15)
FN:99,(anonymous_16)
FN:105,(anonymous_17)
FN:111,(anonymous_18)
FN:117,(anonymous_19)
FN:123,(anonymous_20)
FN:129,(anonymous_21)
FN:135,(anonymous_22)
FN:140,(anonymous_23)
FN:146,(anonymous_24)
FN:151,(anonymous_25)
FN:157,(anonymous_26)
FN:162,(anonymous_27)
FN:168,(anonymous_28)
FN:173,(anonymous_29)
FN:178,(anonymous_30)
FN:183,(anonymous_31)
FNF:31
FNH:5
FNDA:0,(anonymous_1)
FNDA:0,(anonymous_2)
FNDA:0,(anonymous_3)
FNDA:0,(anonymous_4)
FNDA:0,(anonymous_5)
FNDA:0,(anonymous_6)
FNDA:4,(anonymous_7)
FNDA:2,(anonymous_8)
FNDA:2,(anonymous_9)
FNDA:0,(anonymous_10)
FNDA:0,(anonymous_11)
FNDA:0,(anonymous_12)
FNDA:0,(anonymous_13)
FNDA:10,(anonymous_14)
FNDA:0,(anonymous_15)
FNDA:0,(anonymous_16)
FNDA:0,(anonymous_17)
FNDA:10,(anonymous_18)
FNDA:0,(anonymous_19)
FNDA:0,(anonymous_20)
FNDA:0,(anonymous_21)
FNDA:0,(anonymous_22)
FNDA:0,(anonymous_23)
FNDA:0,(anonymous_24)
FNDA:0,(anonymous_25)
FNDA:0,(anonymous_26)
FNDA:0,(anonymous_27)
FNDA:0,(anonymous_28)
FNDA:0,(anonymous_29)
FNDA:0,(anonymous_30)
FNDA:0,(anonymous_31)
DA:1,2
DA:7,2
DA:8,0
DA:13,2
DA:14,0
DA:19,2
DA:20,0
DA:25,2
DA:26,0
DA:31,2
DA:32,0
DA:37,2
DA:38,0
DA:43,2
DA:44,4
DA:50,2
DA:51,2
DA:56,2
DA:57,2
DA:62,2
DA:63,0
DA:68,2
DA:69,0
DA:74,2
DA:75,0
DA:81,2
DA:82,0
DA:87,2
DA:88,10
DA:93,2
DA:94,0
DA:99,2
DA:100,0
DA:105,2
DA:106,0
DA:111,2
DA:112,10
DA:117,2
DA:118,0
DA:123,2
DA:124,0
DA:129,2
DA:130,0
DA:135,2
DA:136,0
DA:140,2
DA:141,0
DA:146,2
DA:147,0
DA:151,2
DA:152,0
DA:157,2
DA:158,0
DA:162,2
DA:163,0
DA:168,2
DA:169,0
DA:173,2
DA:174,0
DA:178,2
DA:179,0
DA:183,2
DA:184,0
LF:63
LH:37
BRDA:7,0,0,0
BRDA:13,1,0,0
BRDA:19,2,0,0
BRDA:25,3,0,0
BRDA:31,4,0,0
BRDA:37,5,0,0
BRDA:43,6,0,0
BRDA:50,7,0,0
BRDA:56,8,0,0
BRDA:62,9,0,0
BRDA:68,10,0,0
BRDA:74,11,0,0
BRDA:81,12,0,0
BRDA:87,13,0,0
BRDA:93,14,0,0
BRDA:99,15,0,0
BRDA:105,16,0,0
BRDA:111,17,0,0
BRDA:117,18,0,0
BRDA:123,19,0,0
BRDA:129,20,0,0
BRDA:135,21,0,0
BRDA:140,22,0,0
BRDA:146,23,0,0
BRDA:151,24,0,0
BRDA:157,25,0,0
BRDA:162,26,0,0
BRDA:168,27,0,0
BRDA:173,28,0,0
BRDA:178,29,0,0
BRDA:183,30,0,0
BRF:31
BRH:0
end_of_record
TN:
SF:components\shared\LoadingSpinner.tsx
FN:10,(anonymous_1)
FNF:1
FNH:1
FNDA:3,(anonymous_1)
DA:2,1
DA:10,1
DA:11,3
DA:17,3
DA:27,1
LF:5
LH:5
BRDA:10,0,0,3
BRDA:10,1,0,0
BRDA:22,2,0,3
BRDA:22,2,1,3
BRF:4
BRH:3
end_of_record
TN:
SF:components\shared\Modal.tsx
FN:13,(anonymous_1)
FNF:1
FNH:0
FNDA:0,(anonymous_1)
DA:2,1
DA:13,1
DA:14,0
DA:16,0
DA:26,0
DA:62,1
LF:6
LH:3
BRDA:13,0,0,0
BRDA:14,1,0,0
BRDA:14,1,1,0
BRDA:27,2,0,0
BRDA:27,2,1,0
BRDA:27,3,0,0
BRDA:27,3,1,0
BRF:7
BRH:0
end_of_record
TN:
SF:components\shared\Navbar.tsx
FN:11,(anonymous_10)
FN:20,(anonymous_11)
FN:21,(anonymous_12)
FN:42,(anonymous_13)
FN:104,(anonymous_14)
FN:107,(anonymous_15)
FN:127,(anonymous_16)
FNF:7
FNH:0
FNDA:0,(anonymous_10)
FNDA:0,(anonymous_11)
FNDA:0,(anonymous_12)
FNDA:0,(anonymous_13)
FNDA:0,(anonymous_14)
FNDA:0,(anonymous_15)
FNDA:0,(anonymous_16)
DA:1,0
DA:2,0
DA:3,0
DA:4,0
DA:5,0
DA:6,0
DA:7,0
DA:8,0
DA:9,0
DA:11,0
DA:12,0
DA:13,0
DA:14,0
DA:18,0
DA:20,0
DA:21,0
DA:22,0
DA:23,0
DA:24,0
DA:25,0
DA:26,0
DA:28,0
DA:32,0
DA:36,0
DA:42,0
DA:43,0
DA:44,0
DA:47,0
DA:104,0
DA:107,0
DA:127,0
DA:128,0
DA:132,0
DA:147,0
LF:34
LH:0
BRDA:22,0,0,0
BRDA:22,0,1,0
BRDA:22,1,0,0
BRDA:22,1,1,0
BRDA:54,2,0,0
BRDA:54,2,1,0
BRDA:62,3,0,0
BRDA:62,3,1,0
BRDA:65,4,0,0
BRDA:65,4,1,0
BRDA:65,4,2,0
BRDA:70,5,0,0
BRDA:70,5,1,0
BRDA:70,5,2,0
BRDA:75,6,0,0
BRDA:75,6,1,0
BRDA:75,6,2,0
BRDA:80,7,0,0
BRDA:80,7,1,0
BRDA:89,8,0,0
BRDA:89,8,1,0
BRDA:90,9,0,0
BRDA:90,9,1,0
BRDA:91,10,0,0
BRDA:91,10,1,0
BRDA:95,11,0,0
BRDA:95,11,1,0
BRDA:97,12,0,0
BRDA:97,12,1,0
BRDA:97,13,0,0
BRDA:97,13,1,0
BRDA:97,14,0,0
BRDA:97,14,1,0
BRDA:128,15,0,0
BRDA:128,15,1,0
BRDA:128,15,2,0
BRDA:128,15,3,0
BRDA:128,15,4,0
BRDA:128,15,5,0
BRDA:128,15,6,0
BRDA:128,15,7,0
BRDA:128,15,8,0
BRDA:136,16,0,0
BRDA:136,16,1,0
BRDA:141,17,0,0
BRDA:141,17,1,0
BRDA:141,18,0,0
BRDA:141,18,1,0
BRF:48
BRH:0
end_of_record
TN:
SF:components\shared\ProjectCard.tsx
FN:16,(anonymous_1)
FN:19,(anonymous_2)
FN:30,(anonymous_3)
FN:76,(anonymous_4)
FN:88,(anonymous_5)
FNF:5
FNH:2
FNDA:2,(anonymous_1)
FNDA:2,(anonymous_2)
FNDA:0,(anonymous_3)
FNDA:0,(anonymous_4)
FNDA:0,(anonymous_5)
DA:2,1
DA:3,1
DA:4,1
DA:5,1
DA:6,1
DA:7,1
DA:16,1
DA:17,2
DA:19,2
DA:20,2
DA:21,0
DA:22,2
DA:23,0
DA:24,0
DA:25,0
DA:26,0
DA:30,2
DA:31,0
DA:32,0
DA:34,0
DA:38,2
DA:77,0
DA:88,0
DA:97,1
LF:24
LH:14
BRDA:20,0,0,0
BRDA:20,0,1,2
BRDA:20,0,2,0
BRDA:20,0,3,0
BRDA:20,0,4,0
BRDA:20,0,5,0
BRDA:31,1,0,0
BRDA:31,1,1,0
BRDA:58,2,0,2
BRDA:58,2,1,2
BRDA:64,3,0,2
BRDA:64,3,1,0
BRDA:72,4,0,2
BRDA:72,4,1,2
BRDA:72,4,2,0
BRDA:87,5,0,2
BRDA:87,5,1,0
BRDA:87,5,2,0
BRDA:87,5,3,0
BRF:19
BRH:7
end_of_record
TN:
SF:components\shared\ProtectedView.tsx
FN:14,(anonymous_1)
FNF:1
FNH:0
FNDA:0,(anonymous_1)
DA:2,0
DA:3,0
DA:4,0
DA:6,0
DA:7,0
DA:14,0
DA:15,0
DA:16,0
DA:18,0
DA:19,0
DA:26,0
DA:27,0
DA:30,0
DA:34,0
DA:37,0
DA:40,0
LF:16
LH:0
BRDA:18,0,0,0
BRDA:18,0,1,0
BRDA:26,1,0,0
BRDA:26,1,1,0
BRDA:30,2,0,0
BRDA:30,2,1,0
BRDA:30,3,0,0
BRDA:30,3,1,0
BRF:8
BRH:0
end_of_record
TN:
SF:components\shared\Sidebar.tsx
FN:19,(anonymous_1)
FN:40,(anonymous_2)
FN:44,(anonymous_3)
FNF:3
FNH:0
FNDA:0,(anonymous_1)
FNDA:0,(anonymous_2)
FNDA:0,(anonymous_3)
DA:2,0
DA:3,0
DA:6,0
DA:19,0
DA:20,0
DA:21,0
DA:23,0
DA:24,0
DA:25,0
DA:27,0
DA:41,0
DA:45,0
DA:67,0
LF:13
LH:0
BRDA:31,0,0,0
BRDA:31,0,1,0
BRDA:33,1,0,0
BRDA:33,1,1,0
BRDA:45,2,0,0
BRDA:45,2,1,0
BRDA:48,3,0,0
BRDA:48,3,1,0
BRF:8
BRH:0
end_of_record
TN:
SF:components\shared\toast\Toast.tsx
FN:4,(anonymous_9)
FN:14,(anonymous_10)
FN:24,(anonymous_11)
FN:32,(anonymous_12)
FN:35,(anonymous_13)
FNF:5
FNH:5
FNDA:8,(anonymous_9)
FNDA:8,(anonymous_10)
FNDA:8,(anonymous_11)
FNDA:8,(anonymous_12)
FNDA:1,(anonymous_13)
DA:1,1
DA:2,1
DA:4,1
DA:5,8
DA:6,3
DA:7,2
DA:8,1
DA:9,2
DA:10,0
DA:14,1
DA:15,8
DA:16,3
DA:17,2
DA:18,1
DA:19,2
DA:20,0
DA:24,1
DA:25,8
DA:32,1
DA:33,8
DA:35,8
DA:36,1
DA:37,1
DA:41,8
LF:24
LH:22
BRDA:5,0,0,3
BRDA:5,0,1,2
BRDA:5,0,2,1
BRDA:5,0,3,2
BRDA:5,0,4,0
BRDA:15,1,0,3
BRDA:15,1,1,2
BRDA:15,1,2,1
BRDA:15,1,3,2
BRDA:15,1,4,0
BRDA:36,2,0,1
BRDA:36,2,1,0
BRDA:45,3,0,2
BRDA:45,3,1,6
BRF:14
BRH:11
end_of_record
TN:
SF:components\shared\toast\ToastContainer.tsx
FN:5,(anonymous_9)
FN:20,(anonymous_10)
FNF:2
FNH:2
FNDA:3,(anonymous_9)
FNDA:2,(anonymous_10)
DA:1,1
DA:2,1
DA:3,1
DA:5,1
DA:6,3
DA:8,3
DA:9,1
DA:12,2
DA:14,2
DA:15,1
DA:18,1
DA:21,2
LF:12
LH:12
BRDA:8,0,0,1
BRDA:8,0,1,2
BRDA:14,1,0,1
BRDA:14,1,1,1
BRF:4
BRH:4
end_of_record
TN:
SF:components\shared\toast\ToastContext.tsx
FN:31,(anonymous_9)
FN:34,(anonymous_10)
FN:36,(anonymous_11)
FN:40,(anonymous_12)
FN:45,(anonymous_13)
FN:46,(anonymous_14)
FN:46,(anonymous_15)
FNF:7
FNH:7
FNDA:15,(anonymous_9)
FNDA:5,(anonymous_10)
FNDA:5,(anonymous_11)
FNDA:4,(anonymous_12)
FNDA:5,(anonymous_13)
FNDA:3,(anonymous_14)
FNDA:3,(anonymous_15)
DA:1,4
DA:20,4
DA:24,4
DA:31,4
DA:32,15
DA:34,15
DA:35,5
DA:36,5
DA:40,5
DA:41,4
DA:45,15
DA:46,5
DA:49,15
LF:13
LH:13
BRDA:34,0,0,2
BRF:1
BRH:1
end_of_record
TN:
SF:components\shared\toast\useToast.ts
FN:4,(anonymous_0)
FNF:1
FNH:1
FNDA:7,(anonymous_0)
DA:1,1
DA:2,1
DA:4,1
DA:5,7
DA:6,7
DA:7,4
DA:9,3
LF:7
LH:7
BRDA:6,0,0,4
BRDA:6,0,1,3
BRF:2
BRH:2
end_of_record
