TN:
SF:App.tsx
FN:21,(anonymous_1)
FN:36,(anonymous_2)
FN:67,(anonymous_3)
FN:76,(anonymous_4)
FNF:4
FNH:0
FNDA:0,(anonymous_1)
FNDA:0,(anonymous_2)
FNDA:0,(anonymous_3)
FNDA:0,(anonymous_4)
DA:1,0
DA:2,0
DA:3,0
DA:4,0
DA:5,0
DA:6,0
DA:7,0
DA:8,0
DA:10,0
DA:11,0
DA:12,0
DA:13,0
DA:14,0
DA:17,0
DA:18,0
DA:21,0
DA:22,0
DA:24,0
DA:25,0
DA:32,0
DA:36,0
DA:37,0
DA:40,0
DA:41,0
DA:48,0
DA:67,0
DA:68,0
DA:76,0
DA:77,0
DA:118,0
LF:30
LH:0
BRDA:24,0,0,0
BRDA:24,0,1,0
BRDA:32,1,0,0
BRDA:32,1,1,0
BRDA:40,2,0,0
BRDA:40,2,1,0
BRDA:40,3,0,0
BRDA:40,3,1,0
BRF:8
BRH:0
end_of_record
TN:
SF:apiService.ts
FN:100,(anonymous_0)
FN:109,apiFetch
FN:166,(anonymous_2)
FN:179,(anonymous_3)
FN:189,(anonymous_4)
FN:197,(anonymous_5)
FN:204,(anonymous_6)
FN:215,(anonymous_7)
FN:233,(anonymous_8)
FN:302,(anonymous_9)
FN:309,(anonymous_10)
FN:317,(anonymous_11)
FN:325,(anonymous_12)
FN:332,(anonymous_13)
FN:340,(anonymous_14)
FN:348,(anonymous_15)
FN:359,(anonymous_16)
FN:364,(anonymous_17)
FN:367,(anonymous_18)
FN:370,(anonymous_19)
FN:373,(anonymous_20)
FN:392,(anonymous_21)
FN:408,(anonymous_22)
FN:430,(anonymous_23)
FN:456,(anonymous_24)
FN:472,(anonymous_25)
FN:480,(anonymous_26)
FN:519,(anonymous_27)
FN:533,(anonymous_28)
FN:553,(anonymous_29)
FN:575,(anonymous_30)
FN:588,(anonymous_31)
FN:615,(anonymous_32)
FN:667,(anonymous_33)
FN:676,(anonymous_34)
FN:683,(anonymous_35)
FN:691,(anonymous_36)
FN:702,(anonymous_37)
FN:769,(anonymous_38)
FN:777,(anonymous_39)
FN:784,(anonymous_40)
FN:791,(anonymous_41)
FN:799,(anonymous_42)
FN:806,(anonymous_43)
FN:821,(anonymous_44)
FN:824,(anonymous_45)
FN:829,(anonymous_46)
FN:839,(anonymous_47)
FN:848,(anonymous_48)
FN:855,(anonymous_49)
FN:863,(anonymous_50)
FN:864,(anonymous_51)
FN:872,(anonymous_52)
FN:943,(anonymous_53)
FN:953,(anonymous_54)
FN:967,(anonymous_55)
FN:974,(anonymous_56)
FN:989,(anonymous_57)
FN:997,(anonymous_58)
FN:998,(anonymous_59)
FN:999,(anonymous_60)
FN:1002,(anonymous_61)
FN:1005,(anonymous_62)
FN:1008,(anonymous_63)
FN:1021,(anonymous_64)
FN:1036,(anonymous_65)
FN:1052,(anonymous_66)
FN:1066,(anonymous_67)
FN:1077,(anonymous_68)
FN:1083,(anonymous_69)
FN:1089,(anonymous_70)
FN:1090,(anonymous_71)
FN:1096,(anonymous_72)
FN:1098,(anonymous_73)
FN:1101,(anonymous_74)
FN:1128,(anonymous_75)
FN:1153,(anonymous_76)
FN:1181,(anonymous_77)
FNF:78
FNH:0
FNDA:0,(anonymous_0)
FNDA:0,apiFetch
FNDA:0,(anonymous_2)
FNDA:0,(anonymous_3)
FNDA:0,(anonymous_4)
FNDA:0,(anonymous_5)
FNDA:0,(anonymous_6)
FNDA:0,(anonymous_7)
FNDA:0,(anonymous_8)
FNDA:0,(anonymous_9)
FNDA:0,(anonymous_10)
FNDA:0,(anonymous_11)
FNDA:0,(anonymous_12)
FNDA:0,(anonymous_13)
FNDA:0,(anonymous_14)
FNDA:0,(anonymous_15)
FNDA:0,(anonymous_16)
FNDA:0,(anonymous_17)
FNDA:0,(anonymous_18)
FNDA:0,(anonymous_19)
FNDA:0,(anonymous_20)
FNDA:0,(anonymous_21)
FNDA:0,(anonymous_22)
FNDA:0,(anonymous_23)
FNDA:0,(anonymous_24)
FNDA:0,(anonymous_25)
FNDA:0,(anonymous_26)
FNDA:0,(anonymous_27)
FNDA:0,(anonymous_28)
FNDA:0,(anonymous_29)
FNDA:0,(anonymous_30)
FNDA:0,(anonymous_31)
FNDA:0,(anonymous_32)
FNDA:0,(anonymous_33)
FNDA:0,(anonymous_34)
FNDA:0,(anonymous_35)
FNDA:0,(anonymous_36)
FNDA:0,(anonymous_37)
FNDA:0,(anonymous_38)
FNDA:0,(anonymous_39)
FNDA:0,(anonymous_40)
FNDA:0,(anonymous_41)
FNDA:0,(anonymous_42)
FNDA:0,(anonymous_43)
FNDA:0,(anonymous_44)
FNDA:0,(anonymous_45)
FNDA:0,(anonymous_46)
FNDA:0,(anonymous_47)
FNDA:0,(anonymous_48)
FNDA:0,(anonymous_49)
FNDA:0,(anonymous_50)
FNDA:0,(anonymous_51)
FNDA:0,(anonymous_52)
FNDA:0,(anonymous_53)
FNDA:0,(anonymous_54)
FNDA:0,(anonymous_55)
FNDA:0,(anonymous_56)
FNDA:0,(anonymous_57)
FNDA:0,(anonymous_58)
FNDA:0,(anonymous_59)
FNDA:0,(anonymous_60)
FNDA:0,(anonymous_61)
FNDA:0,(anonymous_62)
FNDA:0,(anonymous_63)
FNDA:0,(anonymous_64)
FNDA:0,(anonymous_65)
FNDA:0,(anonymous_66)
FNDA:0,(anonymous_67)
FNDA:0,(anonymous_68)
FNDA:0,(anonymous_69)
FNDA:0,(anonymous_70)
FNDA:0,(anonymous_71)
FNDA:0,(anonymous_72)
FNDA:0,(anonymous_73)
FNDA:0,(anonymous_74)
FNDA:0,(anonymous_75)
FNDA:0,(anonymous_76)
FNDA:0,(anonymous_77)
DA:89,1
DA:96,1
DA:101,0
DA:102,0
DA:103,0
DA:104,0
DA:110,0
DA:112,0
DA:113,0
DA:114,0
DA:115,0
DA:122,0
DA:129,0
DA:134,0
DA:135,0
DA:136,0
DA:137,0
DA:142,0
DA:143,0
DA:144,0
DA:150,0
DA:153,0
DA:154,0
DA:157,0
DA:166,1
DA:167,0
DA:168,0
DA:169,0
DA:171,0
DA:172,0
DA:174,0
DA:179,1
DA:180,0
DA:183,0
DA:189,1
DA:190,0
DA:197,1
DA:198,0
DA:204,1
DA:205,0
DA:209,0
DA:210,0
DA:212,0
DA:215,1
DA:217,0
DA:233,1
DA:234,0
DA:302,1
DA:303,0
DA:309,1
DA:310,0
DA:317,1
DA:318,0
DA:325,1
DA:326,0
DA:332,1
DA:333,0
DA:340,1
DA:341,0
DA:348,1
DA:349,0
DA:357,0
DA:359,1
DA:362,0
DA:364,1
DA:365,0
DA:367,1
DA:368,0
DA:370,1
DA:371,0
DA:373,1
DA:392,1
DA:393,0
DA:394,0
DA:395,0
DA:396,0
DA:399,0
DA:400,0
DA:401,0
DA:403,0
DA:408,1
DA:410,0
DA:430,1
DA:435,0
DA:456,1
DA:462,0
DA:472,1
DA:474,0
DA:480,1
DA:481,0
DA:482,0
DA:483,0
DA:487,0
DA:519,1
DA:520,0
DA:533,1
DA:534,0
DA:553,1
DA:554,0
DA:575,1
DA:576,0
DA:588,1
DA:593,0
DA:594,0
DA:615,1
DA:616,0
DA:667,1
DA:668,0
DA:676,1
DA:677,0
DA:683,1
DA:684,0
DA:691,1
DA:695,0
DA:702,1
DA:706,0
DA:769,1
DA:770,0
DA:777,1
DA:778,0
DA:784,1
DA:785,0
DA:791,1
DA:792,0
DA:799,1
DA:801,0
DA:806,1
DA:807,0
DA:816,0
DA:821,1
DA:822,0
DA:824,1
DA:825,0
DA:826,0
DA:829,1
DA:830,0
DA:831,0
DA:832,0
DA:833,0
DA:834,0
DA:835,0
DA:836,0
DA:839,1
DA:840,0
DA:841,0
DA:842,0
DA:843,0
DA:844,0
DA:845,0
DA:848,1
DA:849,0
DA:855,1
DA:856,0
DA:863,1
DA:864,1
DA:866,0
DA:872,1
DA:873,0
DA:943,1
DA:944,0
DA:953,1
DA:954,0
DA:955,0
DA:956,0
DA:958,0
DA:959,0
DA:961,0
DA:967,1
DA:968,0
DA:974,1
DA:975,0
DA:989,1
DA:990,0
DA:997,1
DA:998,1
DA:999,1
DA:1000,0
DA:1002,1
DA:1003,0
DA:1005,1
DA:1006,0
DA:1008,1
DA:1009,0
DA:1021,1
DA:1023,0
DA:1036,1
DA:1037,0
DA:1052,1
DA:1053,0
DA:1066,1
DA:1068,0
DA:1077,1
DA:1078,0
DA:1083,1
DA:1084,0
DA:1089,1
DA:1090,1
DA:1091,0
DA:1096,1
DA:1097,0
DA:1098,1
DA:1101,1
DA:1105,1
DA:1128,1
DA:1129,0
DA:1130,0
DA:1137,0
DA:1138,0
DA:1139,0
DA:1140,0
DA:1141,0
DA:1142,0
DA:1147,0
DA:1150,0
DA:1152,0
DA:1153,0
DA:1160,0
DA:1164,0
DA:1181,1
DA:1182,0
DA:1183,0
DA:1191,0
DA:1192,0
DA:1193,0
DA:1194,0
DA:1195,0
DA:1196,0
DA:1201,0
DA:1204,0
DA:1206,0
DA:1207,0
DA:1212,0
DA:1216,0
LF:233
LH:78
BRDA:89,0,0,1
BRDA:89,0,1,0
BRDA:100,1,0,0
BRDA:109,2,0,0
BRDA:109,3,0,0
BRDA:113,4,0,0
BRDA:113,4,1,0
BRDA:115,5,0,0
BRDA:115,5,1,0
BRDA:125,6,0,0
BRDA:125,6,1,0
BRDA:125,6,2,0
BRDA:134,7,0,0
BRDA:134,7,1,0
BRDA:142,8,0,0
BRDA:142,8,1,0
BRDA:142,9,0,0
BRDA:142,9,1,0
BRDA:143,10,0,0
BRDA:143,10,1,0
BRDA:150,11,0,0
BRDA:150,11,1,0
BRDA:153,12,0,0
BRDA:153,12,1,0
BRDA:168,13,0,0
BRDA:168,13,1,0
BRDA:169,14,0,0
BRDA:169,14,1,0
BRDA:172,15,0,0
BRDA:172,15,1,0
BRDA:180,16,0,0
BRDA:180,16,1,0
BRDA:209,17,0,0
BRDA:209,17,1,0
BRDA:349,18,0,0
BRDA:349,18,1,0
BRDA:395,19,0,0
BRDA:395,19,1,0
BRDA:400,20,0,0
BRDA:400,20,1,0
BRDA:482,21,0,0
BRDA:482,21,1,0
BRDA:826,22,0,0
BRDA:826,22,1,0
BRDA:831,23,0,0
BRDA:831,23,1,0
BRDA:832,24,0,0
BRDA:832,24,1,0
BRDA:833,25,0,0
BRDA:833,25,1,0
BRDA:834,26,0,0
BRDA:834,26,1,0
BRDA:836,27,0,0
BRDA:836,27,1,0
BRDA:841,28,0,0
BRDA:841,28,1,0
BRDA:842,29,0,0
BRDA:842,29,1,0
BRDA:843,30,0,0
BRDA:843,30,1,0
BRDA:845,31,0,0
BRDA:845,31,1,0
BRDA:955,32,0,0
BRDA:955,32,1,0
BRDA:956,33,0,0
BRDA:956,33,1,0
BRDA:959,34,0,0
BRDA:959,34,1,0
BRDA:1137,35,0,0
BRDA:1137,35,1,0
BRDA:1141,36,0,0
BRDA:1141,36,1,0
BRDA:1152,37,0,0
BRDA:1152,37,1,0
BRDA:1152,38,0,0
BRDA:1152,38,1,0
BRDA:1160,39,0,0
BRDA:1160,39,1,0
BRDA:1191,40,0,0
BRDA:1191,40,1,0
BRDA:1195,41,0,0
BRDA:1195,41,1,0
BRDA:1206,42,0,0
BRDA:1206,42,1,0
BRDA:1206,43,0,0
BRDA:1206,43,1,0
BRDA:1212,44,0,0
BRDA:1212,44,1,0
BRF:88
BRH:1
end_of_record
TN:
SF:constants.ts
FN:11,(anonymous_0)
FN:52,(anonymous_1)
FNF:2
FNH:1
FNDA:0,(anonymous_0)
FNDA:40,(anonymous_1)
DA:6,1
DA:7,1
DA:11,1
DA:12,0
DA:13,0
DA:14,0
DA:15,0
DA:16,0
DA:17,0
DA:18,0
DA:22,1
DA:52,1
DA:53,40
DA:54,40
DA:55,40
DA:57,40
DA:58,40
DA:59,40
DA:61,40
LF:19
LH:12
BRDA:12,0,0,0
BRDA:12,0,1,0
BRDA:13,1,0,0
BRDA:13,1,1,0
BRDA:14,2,0,0
BRDA:14,2,1,0
BRDA:14,3,0,0
BRDA:14,3,1,0
BRDA:15,4,0,0
BRDA:15,4,1,0
BRDA:15,5,0,0
BRDA:15,5,1,0
BRDA:16,6,0,0
BRDA:16,6,1,0
BRDA:16,7,0,0
BRDA:16,7,1,0
BRDA:17,8,0,0
BRDA:17,8,1,0
BRDA:17,9,0,0
BRDA:17,9,1,0
BRF:20
BRH:0
end_of_record
TN:
SF:playwright.config.ts
FNF:0
FNH:0
DA:1,0
DA:6,0
LF:2
LH:0
BRDA:13,0,0,0
BRDA:13,0,1,0
BRDA:15,1,0,0
BRDA:15,1,1,0
BRF:4
BRH:0
end_of_record
TN:
SF:types.ts
FN:1,(anonymous_0)
FN:20,(anonymous_1)
FN:29,(anonymous_2)
FN:100,(anonymous_3)
FNF:4
FNH:4
FNDA:1,(anonymous_0)
FNDA:1,(anonymous_1)
FNDA:1,(anonymous_2)
FNDA:1,(anonymous_3)
DA:1,1
DA:2,1
DA:3,1
DA:4,1
DA:20,1
DA:21,1
DA:22,1
DA:23,1
DA:24,1
DA:25,1
DA:26,1
DA:29,1
DA:30,1
DA:31,1
DA:32,1
DA:33,1
DA:100,1
DA:101,1
DA:102,1
DA:103,1
DA:104,1
DA:105,1
LF:22
LH:22
BRDA:1,0,0,1
BRDA:1,0,1,1
BRDA:20,1,0,1
BRDA:20,1,1,1
BRDA:29,2,0,1
BRDA:29,2,1,1
BRDA:100,3,0,1
BRDA:100,3,1,1
BRF:8
BRH:8
end_of_record
TN:
SF:components\Dashboard.tsx
FN:27,(anonymous_1)
FN:61,(anonymous_2)
FNF:2
FNH:0
FNDA:0,(anonymous_1)
FNDA:0,(anonymous_2)
DA:1,0
DA:2,0
DA:3,0
DA:4,0
DA:5,0
DA:6,0
DA:9,0
DA:10,0
DA:11,0
DA:12,0
DA:13,0
DA:14,0
DA:15,0
DA:16,0
DA:17,0
DA:18,0
DA:19,0
DA:20,0
DA:21,0
DA:22,0
DA:23,0
DA:24,0
DA:27,0
DA:28,0
DA:29,0
DA:31,0
DA:42,0
DA:50,0
DA:56,0
DA:61,0
DA:62,0
DA:64,0
DA:65,0
DA:72,0
DA:74,0
DA:77,0
DA:79,0
DA:84,0
DA:139,0
LF:39
LH:0
BRDA:29,0,0,0
BRDA:29,0,1,0
BRDA:29,0,2,0
BRDA:29,0,3,0
BRDA:64,1,0,0
BRDA:64,1,1,0
BRDA:72,2,0,0
BRDA:72,2,1,0
BRDA:97,3,0,0
BRDA:97,3,1,0
BRDA:110,4,0,0
BRDA:110,4,1,0
BRDA:120,5,0,0
BRDA:120,5,1,0
BRF:14
BRH:0
end_of_record
TN:
SF:components\DashboardOverview.tsx
FN:37,(anonymous_10)
FN:101,(anonymous_11)
FN:110,(anonymous_12)
FN:113,(anonymous_13)
FN:154,(anonymous_14)
FN:176,(anonymous_15)
FN:193,(anonymous_16)
FN:206,(anonymous_17)
FN:291,(anonymous_18)
FN:328,(anonymous_19)
FNF:10
FNH:0
FNDA:0,(anonymous_10)
FNDA:0,(anonymous_11)
FNDA:0,(anonymous_12)
FNDA:0,(anonymous_13)
FNDA:0,(anonymous_14)
FNDA:0,(anonymous_15)
FNDA:0,(anonymous_16)
FNDA:0,(anonymous_17)
FNDA:0,(anonymous_18)
FNDA:0,(anonymous_19)
DA:1,0
DA:2,0
DA:3,0
DA:4,0
DA:11,0
DA:12,0
DA:21,0
DA:22,0
DA:37,0
DA:44,0
DA:55,0
DA:74,0
DA:75,0
DA:77,0
DA:101,0
DA:102,0
DA:104,0
DA:105,0
DA:106,0
DA:107,0
DA:108,0
DA:110,0
DA:111,0
DA:113,0
DA:114,0
DA:115,0
DA:116,0
DA:118,0
DA:119,0
DA:120,0
DA:121,0
DA:122,0
DA:123,0
DA:124,0
DA:125,0
DA:127,0
DA:129,0
DA:130,0
DA:133,0
DA:134,0
DA:136,0
DA:140,0
DA:143,0
DA:144,0
DA:146,0
DA:147,0
DA:149,0
DA:150,0
DA:154,0
DA:155,0
DA:156,0
DA:158,0
DA:177,0
DA:193,0
DA:194,0
DA:195,0
DA:196,0
DA:206,0
DA:207,0
DA:208,0
DA:209,0
DA:219,0
DA:293,0
DA:329,0
DA:369,0
LF:65
LH:0
BRDA:42,0,0,0
BRDA:74,1,0,0
BRDA:74,1,1,0
BRDA:111,2,0,0
BRDA:111,2,1,0
BRDA:118,3,0,0
BRDA:118,3,1,0
BRDA:122,4,0,0
BRDA:122,4,1,0
BRDA:124,5,0,0
BRDA:124,5,1,0
BRDA:127,6,0,0
BRDA:127,6,1,0
BRDA:134,7,0,0
BRDA:134,7,1,0
BRDA:143,8,0,0
BRDA:143,8,1,0
BRDA:146,9,0,0
BRDA:146,9,1,0
BRDA:149,10,0,0
BRDA:149,10,1,0
BRDA:155,11,0,0
BRDA:155,11,1,0
BRDA:155,12,0,0
BRDA:155,12,1,0
BRDA:169,13,0,0
BRDA:169,13,1,0
BRDA:170,14,0,0
BRDA:170,14,1,0
BRDA:171,15,0,0
BRDA:171,15,1,0
BRDA:173,16,0,0
BRDA:173,16,1,0
BRDA:176,17,0,0
BRDA:176,17,1,0
BRDA:180,18,0,0
BRDA:180,18,1,0
BRDA:187,19,0,0
BRDA:187,19,1,0
BRDA:194,20,0,0
BRDA:194,20,1,0
BRDA:194,21,0,0
BRDA:194,21,1,0
BRDA:198,22,0,0
BRDA:198,22,1,0
BRDA:199,23,0,0
BRDA:199,23,1,0
BRDA:200,24,0,0
BRDA:200,24,1,0
BRDA:201,25,0,0
BRDA:201,25,1,0
BRDA:207,26,0,0
BRDA:207,26,1,0
BRDA:207,27,0,0
BRDA:207,27,1,0
BRDA:211,28,0,0
BRDA:211,28,1,0
BRDA:212,29,0,0
BRDA:212,29,1,0
BRDA:213,30,0,0
BRDA:213,30,1,0
BRDA:214,31,0,0
BRDA:214,31,1,0
BRDA:227,32,0,0
BRDA:227,32,1,0
BRDA:228,33,0,0
BRDA:228,33,1,0
BRDA:229,34,0,0
BRDA:229,34,1,0
BRDA:235,35,0,0
BRDA:235,35,1,0
BRDA:254,36,0,0
BRDA:254,36,1,0
BRDA:268,37,0,0
BRDA:268,37,1,0
BRDA:289,38,0,0
BRDA:289,38,1,0
BRDA:298,39,0,0
BRDA:298,39,1,0
BRDA:300,40,0,0
BRDA:300,40,1,0
BRDA:320,41,0,0
BRDA:320,41,1,0
BRDA:326,42,0,0
BRDA:326,42,1,0
BRDA:346,43,0,0
BRDA:346,43,1,0
BRDA:347,44,0,0
BRDA:347,44,1,0
BRF:89
BRH:0
end_of_record
TN:
SF:components\HomePage.tsx
FN:17,(anonymous_1)
FNF:1
FNH:0
FNDA:0,(anonymous_1)
DA:1,0
DA:17,0
DA:18,0
DA:107,0
LF:4
LH:0
BRF:0
BRH:0
end_of_record
TN:
SF:components\LoginPage.tsx
FN:9,(anonymous_10)
FN:18,(anonymous_11)
FN:72,(anonymous_12)
FN:89,(anonymous_13)
FNF:4
FNH:0
FNDA:0,(anonymous_10)
FNDA:0,(anonymous_11)
FNDA:0,(anonymous_12)
FNDA:0,(anonymous_13)
DA:1,0
DA:2,0
DA:3,0
DA:4,0
DA:5,0
DA:6,0
DA:7,0
DA:9,0
DA:10,0
DA:11,0
DA:12,0
DA:13,0
DA:14,0
DA:15,0
DA:16,0
DA:18,0
DA:19,0
DA:20,0
DA:21,0
DA:22,0
DA:23,0
DA:25,0
DA:27,0
DA:28,0
DA:30,0
DA:31,0
DA:33,0
DA:35,0
DA:38,0
DA:41,0
DA:42,0
DA:44,0
DA:46,0
DA:51,0
DA:72,0
DA:89,0
DA:115,0
LF:37
LH:0
BRDA:16,0,0,0
BRDA:16,0,1,0
BRDA:21,1,0,0
BRDA:21,1,1,0
BRDA:21,2,0,0
BRDA:21,2,1,0
BRDA:28,3,0,0
BRDA:28,3,1,0
BRDA:30,4,0,0
BRDA:30,4,1,0
BRDA:41,5,0,0
BRDA:41,5,1,0
BRDA:42,6,0,0
BRDA:42,6,1,0
BRDA:95,7,0,0
BRDA:95,7,1,0
BRF:16
BRH:0
end_of_record
TN:
SF:components\MessagingPage.tsx
FN:34,(anonymous_10)
FN:40,(anonymous_11)
FN:62,(anonymous_12)
FN:68,(anonymous_13)
FN:74,(anonymous_14)
FN:81,(anonymous_15)
FN:94,(anonymous_16)
FN:98,(anonymous_17)
FN:99,(anonymous_18)
FN:125,(anonymous_19)
FN:150,(anonymous_20)
FN:162,(anonymous_21)
FN:168,(anonymous_22)
FN:170,(anonymous_23)
FN:177,(anonymous_24)
FN:179,(anonymous_25)
FN:187,(anonymous_26)
FN:197,(anonymous_27)
FN:209,(anonymous_28)
FN:240,(anonymous_29)
FN:248,(anonymous_30)
FN:262,(anonymous_31)
FN:268,(anonymous_32)
FN:272,(anonymous_33)
FN:303,(anonymous_34)
FN:317,(anonymous_35)
FN:331,(anonymous_36)
FN:341,(anonymous_37)
FN:375,(anonymous_38)
FN:376,(anonymous_39)
FN:391,(anonymous_40)
FN:396,(anonymous_41)
FN:402,(anonymous_42)
FN:405,(anonymous_43)
FN:419,(anonymous_44)
FNF:35
FNH:0
FNDA:0,(anonymous_10)
FNDA:0,(anonymous_11)
FNDA:0,(anonymous_12)
FNDA:0,(anonymous_13)
FNDA:0,(anonymous_14)
FNDA:0,(anonymous_15)
FNDA:0,(anonymous_16)
FNDA:0,(anonymous_17)
FNDA:0,(anonymous_18)
FNDA:0,(anonymous_19)
FNDA:0,(anonymous_20)
FNDA:0,(anonymous_21)
FNDA:0,(anonymous_22)
FNDA:0,(anonymous_23)
FNDA:0,(anonymous_24)
FNDA:0,(anonymous_25)
FNDA:0,(anonymous_26)
FNDA:0,(anonymous_27)
FNDA:0,(anonymous_28)
FNDA:0,(anonymous_29)
FNDA:0,(anonymous_30)
FNDA:0,(anonymous_31)
FNDA:0,(anonymous_32)
FNDA:0,(anonymous_33)
FNDA:0,(anonymous_34)
FNDA:0,(anonymous_35)
FNDA:0,(anonymous_36)
FNDA:0,(anonymous_37)
FNDA:0,(anonymous_38)
FNDA:0,(anonymous_39)
FNDA:0,(anonymous_40)
FNDA:0,(anonymous_41)
FNDA:0,(anonymous_42)
FNDA:0,(anonymous_43)
FNDA:0,(anonymous_44)
DA:1,0
DA:2,0
DA:3,0
DA:15,0
DA:16,0
DA:25,0
DA:26,0
DA:34,0
DA:35,0
DA:36,0
DA:37,0
DA:40,0
DA:41,0
DA:45,0
DA:46,0
DA:47,0
DA:48,0
DA:49,0
DA:50,0
DA:51,0
DA:52,0
DA:54,0
DA:55,0
DA:56,0
DA:57,0
DA:60,0
DA:62,0
DA:63,0
DA:66,0
DA:68,0
DA:69,0
DA:70,0
DA:71,0
DA:72,0
DA:74,0
DA:75,0
DA:76,0
DA:77,0
DA:79,0
DA:80,0
DA:81,0
DA:82,0
DA:83,0
DA:87,0
DA:88,0
DA:90,0
DA:94,0
DA:95,0
DA:98,0
DA:99,0
DA:100,0
DA:101,0
DA:102,0
DA:104,0
DA:105,0
DA:108,0
DA:109,0
DA:112,0
DA:113,0
DA:115,0
DA:118,0
DA:121,0
DA:125,0
DA:126,0
DA:127,0
DA:129,0
DA:135,0
DA:136,0
DA:139,0
DA:150,0
DA:151,0
DA:153,0
DA:155,0
DA:156,0
DA:158,0
DA:162,0
DA:163,0
DA:164,0
DA:167,0
DA:168,0
DA:169,0
DA:170,0
DA:172,0
DA:174,0
DA:177,0
DA:178,0
DA:179,0
DA:180,0
DA:181,0
DA:183,0
DA:184,0
DA:187,0
DA:188,0
DA:189,0
DA:190,0
DA:191,0
DA:192,0
DA:194,0
DA:195,0
DA:197,0
DA:199,0
DA:202,0
DA:203,0
DA:205,0
DA:209,0
DA:210,0
DA:211,0
DA:212,0
DA:215,0
DA:216,0
DA:217,0
DA:218,0
DA:221,0
DA:222,0
DA:229,0
DA:231,0
DA:233,0
DA:234,0
DA:236,0
DA:240,0
DA:241,0
DA:246,0
DA:248,0
DA:263,0
DA:268,0
DA:272,0
DA:303,0
DA:317,0
DA:331,0
DA:342,0
DA:343,0
DA:344,0
DA:345,0
DA:346,0
DA:349,0
DA:375,0
DA:376,0
DA:391,0
DA:396,0
DA:403,0
DA:405,0
DA:419,0
DA:427,0
LF:143
LH:0
BRDA:35,0,0,0
BRDA:35,0,1,0
BRDA:69,1,0,0
BRDA:69,1,1,0
BRDA:75,2,0,0
BRDA:75,2,1,0
BRDA:76,3,0,0
BRDA:76,3,1,0
BRDA:80,4,0,0
BRDA:80,4,1,0
BRDA:82,5,0,0
BRDA:82,5,1,0
BRDA:83,6,0,0
BRDA:83,6,1,0
BRDA:83,7,0,0
BRDA:83,7,1,0
BRDA:88,8,0,0
BRDA:88,8,1,0
BRDA:100,9,0,0
BRDA:100,9,1,0
BRDA:100,10,0,0
BRDA:100,10,1,0
BRDA:108,11,0,0
BRDA:108,11,1,0
BRDA:113,12,0,0
BRDA:113,12,1,0
BRDA:126,13,0,0
BRDA:126,13,1,0
BRDA:126,14,0,0
BRDA:126,14,1,0
BRDA:126,14,2,0
BRDA:140,15,0,0
BRDA:140,15,1,0
BRDA:147,16,0,0
BRDA:147,16,1,0
BRDA:148,17,0,0
BRDA:148,17,1,0
BRDA:156,18,0,0
BRDA:156,18,1,0
BRDA:163,19,0,0
BRDA:163,19,1,0
BRDA:164,20,0,0
BRDA:164,20,1,0
BRDA:167,21,0,0
BRDA:167,21,1,0
BRDA:169,22,0,0
BRDA:169,22,1,0
BRDA:174,23,0,0
BRDA:174,23,1,0
BRDA:178,24,0,0
BRDA:178,24,1,0
BRDA:180,25,0,0
BRDA:180,25,1,0
BRDA:183,26,0,0
BRDA:183,26,1,0
BRDA:184,27,0,0
BRDA:184,27,1,0
BRDA:195,28,0,0
BRDA:195,28,1,0
BRDA:202,29,0,0
BRDA:202,29,1,0
BRDA:211,30,0,0
BRDA:211,30,1,0
BRDA:215,31,0,0
BRDA:215,31,1,0
BRDA:215,32,0,0
BRDA:215,32,1,0
BRDA:215,32,2,0
BRDA:233,33,0,0
BRDA:233,33,1,0
BRDA:241,34,0,0
BRDA:241,34,1,0
BRDA:241,34,2,0
BRDA:248,35,0,0
BRDA:248,35,1,0
BRDA:252,36,0,0
BRDA:252,36,1,0
BRDA:255,37,0,0
BRDA:255,37,1,0
BRDA:260,38,0,0
BRDA:260,38,1,0
BRDA:260,38,2,0
BRDA:261,39,0,0
BRDA:261,39,1,0
BRDA:261,39,2,0
BRDA:266,40,0,0
BRDA:266,40,1,0
BRDA:267,41,0,0
BRDA:267,41,1,0
BRDA:272,42,0,0
BRDA:272,42,1,0
BRDA:278,43,0,0
BRDA:278,43,1,0
BRDA:281,44,0,0
BRDA:281,44,1,0
BRDA:287,45,0,0
BRDA:287,45,1,0
BRDA:288,46,0,0
BRDA:288,46,1,0
BRDA:288,47,0,0
BRDA:288,47,1,0
BRDA:295,48,0,0
BRDA:295,48,1,0
BRDA:300,49,0,0
BRDA:300,49,1,0
BRDA:301,50,0,0
BRDA:301,50,1,0
BRDA:308,51,0,0
BRDA:308,51,1,0
BRDA:317,52,0,0
BRDA:317,52,1,0
BRDA:323,53,0,0
BRDA:323,53,1,0
BRDA:323,53,2,0
BRDA:324,54,0,0
BRDA:324,54,1,0
BRDA:327,55,0,0
BRDA:327,55,1,0
BRDA:327,55,2,0
BRDA:339,56,0,0
BRDA:339,56,1,0
BRDA:340,57,0,0
BRDA:340,57,1,0
BRDA:340,57,2,0
BRDA:344,58,0,0
BRDA:344,58,1,0
BRDA:344,59,0,0
BRDA:344,59,1,0
BRDA:345,60,0,0
BRDA:345,60,1,0
BRDA:346,61,0,0
BRDA:346,61,1,0
BRDA:350,62,0,0
BRDA:350,62,1,0
BRDA:351,63,0,0
BRDA:351,63,1,0
BRDA:352,64,0,0
BRDA:352,64,1,0
BRDA:355,65,0,0
BRDA:355,65,1,0
BRDA:356,66,0,0
BRDA:356,66,1,0
BRDA:357,67,0,0
BRDA:357,67,1,0
BRDA:358,68,0,0
BRDA:358,68,1,0
BRDA:359,69,0,0
BRDA:359,69,1,0
BRDA:376,70,0,0
BRDA:376,70,1,0
BRDA:376,70,2,0
BRDA:379,71,0,0
BRDA:379,71,1,0
BRDA:381,72,0,0
BRDA:381,72,1,0
BRDA:381,72,2,0
BRDA:399,73,0,0
BRDA:399,73,1,0
BRDA:401,74,0,0
BRDA:401,74,1,0
BRDA:401,74,2,0
BRDA:407,75,0,0
BRDA:407,75,1,0
BRF:163
BRH:0
end_of_record
TN:
SF:components\ProjectDetailsPage.tsx
FN:26,(anonymous_10)
FN:41,(anonymous_11)
FN:47,(anonymous_12)
FN:71,(anonymous_13)
FN:77,(anonymous_14)
FN:82,(anonymous_15)
FN:88,(anonymous_16)
FN:115,(anonymous_17)
FN:120,(anonymous_18)
FN:123,(anonymous_19)
FN:127,(anonymous_20)
FN:134,(anonymous_21)
FN:138,(anonymous_22)
FN:150,(anonymous_23)
FN:153,(anonymous_24)
FN:171,(anonymous_25)
FN:189,(anonymous_26)
FN:190,(anonymous_27)
FN:205,(anonymous_28)
FN:213,(anonymous_29)
FN:223,(anonymous_30)
FN:231,(anonymous_31)
FN:260,(anonymous_32)
FN:267,(anonymous_33)
FN:281,(anonymous_34)
FN:299,(anonymous_35)
FN:304,(anonymous_36)
FN:309,(anonymous_37)
FN:324,(anonymous_38)
FN:352,(anonymous_39)
FN:362,(anonymous_40)
FN:366,(anonymous_41)
FN:383,(anonymous_42)
FN:417,(anonymous_43)
FN:426,(anonymous_44)
FN:439,(anonymous_45)
FN:448,(anonymous_46)
FN:465,(anonymous_47)
FN:467,(anonymous_48)
FN:472,(anonymous_49)
FN:509,(anonymous_50)
FN:522,(anonymous_51)
FN:535,(anonymous_52)
FN:558,(anonymous_53)
FN:562,(anonymous_54)
FN:563,(anonymous_55)
FN:587,(anonymous_56)
FN:588,(anonymous_57)
FN:590,(anonymous_58)
FN:598,(anonymous_59)
FN:609,(anonymous_60)
FN:616,(anonymous_61)
FN:632,(anonymous_62)
FN:653,(anonymous_63)
FN:670,(anonymous_64)
FN:681,(anonymous_65)
FN:689,(anonymous_66)
FN:695,(anonymous_67)
FN:714,(anonymous_68)
FN:715,(anonymous_69)
FN:716,(anonymous_70)
FN:717,(anonymous_71)
FN:718,(anonymous_72)
FN:740,(anonymous_73)
FN:767,(anonymous_74)
FN:774,(anonymous_75)
FN:808,(anonymous_76)
FN:813,(anonymous_77)
FN:831,(anonymous_78)
FN:842,(anonymous_79)
FN:843,(anonymous_80)
FN:867,(anonymous_81)
FN:895,(anonymous_82)
FN:900,(anonymous_83)
FN:915,(anonymous_84)
FNF:75
FNH:0
FNDA:0,(anonymous_10)
FNDA:0,(anonymous_11)
FNDA:0,(anonymous_12)
FNDA:0,(anonymous_13)
FNDA:0,(anonymous_14)
FNDA:0,(anonymous_15)
FNDA:0,(anonymous_16)
FNDA:0,(anonymous_17)
FNDA:0,(anonymous_18)
FNDA:0,(anonymous_19)
FNDA:0,(anonymous_20)
FNDA:0,(anonymous_21)
FNDA:0,(anonymous_22)
FNDA:0,(anonymous_23)
FNDA:0,(anonymous_24)
FNDA:0,(anonymous_25)
FNDA:0,(anonymous_26)
FNDA:0,(anonymous_27)
FNDA:0,(anonymous_28)
FNDA:0,(anonymous_29)
FNDA:0,(anonymous_30)
FNDA:0,(anonymous_31)
FNDA:0,(anonymous_32)
FNDA:0,(anonymous_33)
FNDA:0,(anonymous_34)
FNDA:0,(anonymous_35)
FNDA:0,(anonymous_36)
FNDA:0,(anonymous_37)
FNDA:0,(anonymous_38)
FNDA:0,(anonymous_39)
FNDA:0,(anonymous_40)
FNDA:0,(anonymous_41)
FNDA:0,(anonymous_42)
FNDA:0,(anonymous_43)
FNDA:0,(anonymous_44)
FNDA:0,(anonymous_45)
FNDA:0,(anonymous_46)
FNDA:0,(anonymous_47)
FNDA:0,(anonymous_48)
FNDA:0,(anonymous_49)
FNDA:0,(anonymous_50)
FNDA:0,(anonymous_51)
FNDA:0,(anonymous_52)
FNDA:0,(anonymous_53)
FNDA:0,(anonymous_54)
FNDA:0,(anonymous_55)
FNDA:0,(anonymous_56)
FNDA:0,(anonymous_57)
FNDA:0,(anonymous_58)
FNDA:0,(anonymous_59)
FNDA:0,(anonymous_60)
FNDA:0,(anonymous_61)
FNDA:0,(anonymous_62)
FNDA:0,(anonymous_63)
FNDA:0,(anonymous_64)
FNDA:0,(anonymous_65)
FNDA:0,(anonymous_66)
FNDA:0,(anonymous_67)
FNDA:0,(anonymous_68)
FNDA:0,(anonymous_69)
FNDA:0,(anonymous_70)
FNDA:0,(anonymous_71)
FNDA:0,(anonymous_72)
FNDA:0,(anonymous_73)
FNDA:0,(anonymous_74)
FNDA:0,(anonymous_75)
FNDA:0,(anonymous_76)
FNDA:0,(anonymous_77)
FNDA:0,(anonymous_78)
FNDA:0,(anonymous_79)
FNDA:0,(anonymous_80)
FNDA:0,(anonymous_81)
FNDA:0,(anonymous_82)
FNDA:0,(anonymous_83)
FNDA:0,(anonymous_84)
DA:1,0
DA:2,0
DA:3,0
DA:4,0
DA:18,0
DA:19,0
DA:20,0
DA:21,0
DA:22,0
DA:23,0
DA:26,0
DA:27,0
DA:28,0
DA:29,0
DA:30,0
DA:41,0
DA:42,0
DA:43,0
DA:44,0
DA:45,0
DA:47,0
DA:48,0
DA:49,0
DA:50,0
DA:51,0
DA:52,0
DA:53,0
DA:57,0
DA:63,0
DA:66,0
DA:71,0
DA:77,0
DA:82,0
DA:88,0
DA:115,0
DA:119,0
DA:120,0
DA:121,0
DA:123,0
DA:124,0
DA:127,0
DA:128,0
DA:131,0
DA:132,0
DA:134,0
DA:135,0
DA:138,0
DA:139,0
DA:140,0
DA:143,0
DA:150,0
DA:153,0
DA:172,0
DA:190,0
DA:205,0
DA:213,0
DA:223,0
DA:224,0
DA:225,0
DA:227,0
DA:228,0
DA:231,0
DA:232,0
DA:233,0
DA:235,0
DA:260,0
DA:261,0
DA:262,0
DA:263,0
DA:264,0
DA:265,0
DA:267,0
DA:268,0
DA:269,0
DA:270,0
DA:271,0
DA:272,0
DA:273,0
DA:275,0
DA:276,0
DA:277,0
DA:281,0
DA:282,0
DA:283,0
DA:284,0
DA:291,0
DA:294,0
DA:299,0
DA:304,0
DA:309,0
DA:324,0
DA:325,0
DA:326,0
DA:327,0
DA:328,0
DA:329,0
DA:330,0
DA:331,0
DA:332,0
DA:334,0
DA:335,0
DA:336,0
DA:337,0
DA:338,0
DA:340,0
DA:341,0
DA:342,0
DA:344,0
DA:345,0
DA:346,0
DA:347,0
DA:349,0
DA:352,0
DA:353,0
DA:354,0
DA:355,0
DA:356,0
DA:357,0
DA:359,0
DA:360,0
DA:362,0
DA:363,0
DA:364,0
DA:365,0
DA:366,0
DA:379,0
DA:382,0
DA:383,0
DA:386,0
DA:387,0
DA:388,0
DA:389,0
DA:390,0
DA:391,0
DA:392,0
DA:395,0
DA:411,0
DA:417,0
DA:421,0
DA:423,0
DA:424,0
DA:425,0
DA:426,0
DA:439,0
DA:440,0
DA:442,0
DA:446,0
DA:447,0
DA:448,0
DA:449,0
DA:451,0
DA:452,0
DA:455,0
DA:456,0
DA:459,0
DA:460,0
DA:461,0
DA:462,0
DA:465,0
DA:467,0
DA:468,0
DA:469,0
DA:472,0
DA:475,0
DA:477,0
DA:478,0
DA:479,0
DA:486,0
DA:488,0
DA:498,0
DA:500,0
DA:502,0
DA:503,0
DA:505,0
DA:506,0
DA:509,0
DA:510,0
DA:511,0
DA:512,0
DA:513,0
DA:514,0
DA:516,0
DA:517,0
DA:522,0
DA:523,0
DA:524,0
DA:527,0
DA:528,0
DA:530,0
DA:531,0
DA:535,0
DA:539,0
DA:542,0
DA:549,0
DA:550,0
DA:551,0
DA:553,0
DA:554,0
DA:558,0
DA:559,0
DA:560,0
DA:562,0
DA:563,0
DA:564,0
DA:565,0
DA:566,0
DA:567,0
DA:570,0
DA:575,0
DA:576,0
DA:577,0
DA:579,0
DA:580,0
DA:582,0
DA:583,0
DA:587,0
DA:588,0
DA:590,0
DA:591,0
DA:593,0
DA:598,0
DA:600,0
DA:601,0
DA:602,0
DA:604,0
DA:605,0
DA:609,0
DA:610,0
DA:612,0
DA:616,0
DA:618,0
DA:619,0
DA:620,0
DA:624,0
DA:625,0
DA:627,0
DA:628,0
DA:632,0
DA:633,0
DA:634,0
DA:635,0
DA:636,0
DA:637,0
DA:638,0
DA:640,0
DA:641,0
DA:642,0
DA:643,0
DA:645,0
DA:646,0
DA:648,0
DA:649,0
DA:650,0
DA:653,0
DA:654,0
DA:655,0
DA:656,0
DA:657,0
DA:659,0
DA:660,0
DA:666,0
DA:667,0
DA:668,0
DA:670,0
DA:671,0
DA:672,0
DA:673,0
DA:674,0
DA:675,0
DA:676,0
DA:677,0
DA:681,0
DA:682,0
DA:687,0
DA:689,0
DA:695,0
DA:714,0
DA:715,0
DA:716,0
DA:717,0
DA:718,0
DA:741,0
DA:767,0
DA:775,0
DA:808,0
DA:814,0
DA:831,0
DA:842,0
DA:843,0
DA:868,0
DA:895,0
DA:900,0
DA:915,0
DA:925,0
LF:294
LH:0
BRDA:27,0,0,0
BRDA:27,0,1,0
BRDA:51,1,0,0
BRDA:51,1,1,0
BRDA:60,2,0,0
BRDA:60,2,1,0
BRDA:120,3,0,0
BRDA:120,3,1,0
BRDA:132,4,0,0
BRDA:132,4,1,0
BRDA:140,5,0,0
BRDA:140,5,1,0
BRDA:148,6,0,0
BRDA:148,6,1,0
BRDA:161,7,0,0
BRDA:161,7,1,0
BRDA:162,8,0,0
BRDA:162,8,1,0
BRDA:167,9,0,0
BRDA:167,9,1,0
BRDA:167,9,2,0
BRDA:174,10,0,0
BRDA:174,10,1,0
BRDA:182,11,0,0
BRDA:182,11,1,0
BRDA:182,11,2,0
BRDA:187,12,0,0
BRDA:187,12,1,0
BRDA:187,12,2,0
BRDA:194,13,0,0
BRDA:194,13,1,0
BRDA:194,13,2,0
BRDA:196,14,0,0
BRDA:196,14,1,0
BRDA:196,14,2,0
BRDA:199,15,0,0
BRDA:199,15,1,0
BRDA:202,16,0,0
BRDA:202,16,1,0
BRDA:202,16,2,0
BRDA:210,17,0,0
BRDA:210,17,1,0
BRDA:224,18,0,0
BRDA:224,18,1,0
BRDA:227,19,0,0
BRDA:227,19,1,0
BRDA:227,20,0,0
BRDA:227,20,1,0
BRDA:233,21,0,0
BRDA:233,21,1,0
BRDA:268,22,0,0
BRDA:268,22,1,0
BRDA:271,23,0,0
BRDA:271,23,1,0
BRDA:272,24,0,0
BRDA:272,24,1,0
BRDA:283,25,0,0
BRDA:283,25,1,0
BRDA:287,26,0,0
BRDA:287,26,1,0
BRDA:295,27,0,0
BRDA:295,27,1,0
BRDA:315,28,0,0
BRDA:315,28,1,0
BRDA:353,29,0,0
BRDA:353,29,1,0
BRDA:359,30,0,0
BRDA:359,30,1,0
BRDA:373,31,0,0
BRDA:373,31,1,0
BRDA:387,32,0,0
BRDA:387,32,1,0
BRDA:387,32,2,0
BRDA:387,32,3,0
BRDA:387,32,4,0
BRDA:399,33,0,0
BRDA:399,33,1,0
BRDA:401,34,0,0
BRDA:401,34,1,0
BRDA:402,35,0,0
BRDA:402,35,1,0
BRDA:403,36,0,0
BRDA:403,36,1,0
BRDA:415,37,0,0
BRDA:415,37,1,0
BRDA:417,38,0,0
BRDA:417,38,1,0
BRDA:423,39,0,0
BRDA:423,39,1,0
BRDA:423,40,0,0
BRDA:423,40,1,0
BRDA:435,41,0,0
BRDA:435,41,1,0
BRDA:446,42,0,0
BRDA:446,42,1,0
BRDA:446,43,0,0
BRDA:446,43,1,0
BRDA:460,44,0,0
BRDA:460,44,1,0
BRDA:467,45,0,0
BRDA:475,46,0,0
BRDA:475,46,1,0
BRDA:475,47,0,0
BRDA:475,47,1,0
BRDA:478,48,0,0
BRDA:478,48,1,0
BRDA:481,49,0,0
BRDA:481,49,1,0
BRDA:482,50,0,0
BRDA:482,50,1,0
BRDA:483,51,0,0
BRDA:483,51,1,0
BRDA:484,52,0,0
BRDA:484,52,1,0
BRDA:491,53,0,0
BRDA:491,53,1,0
BRDA:492,54,0,0
BRDA:492,54,1,0
BRDA:493,55,0,0
BRDA:493,55,1,0
BRDA:495,56,0,0
BRDA:495,56,1,0
BRDA:496,57,0,0
BRDA:496,57,1,0
BRDA:503,58,0,0
BRDA:503,58,1,0
BRDA:510,59,0,0
BRDA:510,59,1,0
BRDA:510,60,0,0
BRDA:510,60,1,0
BRDA:511,61,0,0
BRDA:511,61,1,0
BRDA:517,62,0,0
BRDA:517,62,1,0
BRDA:531,63,0,0
BRDA:531,63,1,0
BRDA:539,64,0,0
BRDA:539,64,1,0
BRDA:546,65,0,0
BRDA:546,65,1,0
BRDA:553,66,0,0
BRDA:553,66,1,0
BRDA:559,67,0,0
BRDA:559,67,1,0
BRDA:565,68,0,0
BRDA:565,68,1,0
BRDA:565,69,0,0
BRDA:565,69,1,0
BRDA:565,69,2,0
BRDA:565,69,3,0
BRDA:579,70,0,0
BRDA:579,70,1,0
BRDA:587,71,0,0
BRDA:587,71,1,0
BRDA:588,72,0,0
BRDA:588,72,1,0
BRDA:591,73,0,0
BRDA:591,73,1,0
BRDA:591,74,0,0
BRDA:591,74,1,0
BRDA:598,75,0,0
BRDA:598,75,1,0
BRDA:604,76,0,0
BRDA:604,76,1,0
BRDA:610,77,0,0
BRDA:610,77,1,0
BRDA:610,78,0,0
BRDA:610,78,1,0
BRDA:610,78,2,0
BRDA:616,79,0,0
BRDA:616,79,1,0
BRDA:627,80,0,0
BRDA:627,80,1,0
BRDA:633,81,0,0
BRDA:633,81,1,0
BRDA:633,82,0,0
BRDA:633,82,1,0
BRDA:633,82,2,0
BRDA:646,83,0,0
BRDA:646,83,1,0
BRDA:654,84,0,0
BRDA:654,84,1,0
BRDA:660,85,0,0
BRDA:660,85,1,0
BRDA:666,86,0,0
BRDA:666,86,1,0
BRDA:667,87,0,0
BRDA:667,87,1,0
BRDA:668,88,0,0
BRDA:668,88,1,0
BRDA:671,89,0,0
BRDA:671,89,1,0
BRDA:671,89,2,0
BRDA:671,89,3,0
BRDA:671,89,4,0
BRDA:671,89,5,0
BRDA:683,90,0,0
BRDA:683,90,1,0
BRDA:700,91,0,0
BRDA:700,91,1,0
BRDA:701,92,0,0
BRDA:701,92,1,0
BRDA:704,93,0,0
BRDA:704,93,1,0
BRDA:704,93,2,0
BRDA:718,94,0,0
BRDA:718,94,1,0
BRDA:723,95,0,0
BRDA:723,95,1,0
BRDA:731,96,0,0
BRDA:731,96,1,0
BRDA:736,97,0,0
BRDA:736,97,1,0
BRDA:736,97,2,0
BRDA:747,98,0,0
BRDA:747,98,1,0
BRDA:747,98,2,0
BRDA:747,98,3,0
BRDA:747,98,4,0
BRDA:754,99,0,0
BRDA:754,99,1,0
BRDA:754,99,2,0
BRDA:754,99,3,0
BRDA:762,100,0,0
BRDA:762,100,1,0
BRDA:766,101,0,0
BRDA:766,101,1,0
BRDA:766,101,2,0
BRDA:766,101,3,0
BRDA:772,102,0,0
BRDA:772,102,1,0
BRDA:772,103,0,0
BRDA:772,103,1,0
BRDA:777,104,0,0
BRDA:777,104,1,0
BRDA:777,104,2,0
BRDA:777,104,3,0
BRDA:777,104,4,0
BRDA:790,105,0,0
BRDA:790,105,1,0
BRDA:790,106,0,0
BRDA:790,106,1,0
BRDA:790,106,2,0
BRDA:795,107,0,0
BRDA:795,107,1,0
BRDA:803,108,0,0
BRDA:803,108,1,0
BRDA:807,109,0,0
BRDA:807,109,1,0
BRDA:807,109,2,0
BRDA:807,109,3,0
BRDA:807,109,4,0
BRDA:807,109,5,0
BRDA:811,110,0,0
BRDA:811,110,1,0
BRDA:820,111,0,0
BRDA:820,111,1,0
BRDA:830,112,0,0
BRDA:830,112,1,0
BRDA:830,112,2,0
BRDA:830,112,3,0
BRDA:830,112,4,0
BRDA:843,113,0,0
BRDA:843,113,1,0
BRDA:844,114,0,0
BRDA:844,114,1,0
BRDA:845,115,0,0
BRDA:845,115,1,0
BRDA:850,116,0,0
BRDA:850,116,1,0
BRDA:850,116,2,0
BRDA:850,116,3,0
BRDA:870,117,0,0
BRDA:870,117,1,0
BRDA:874,118,0,0
BRDA:874,118,1,0
BRDA:875,119,0,0
BRDA:875,119,1,0
BRDA:883,120,0,0
BRDA:883,120,1,0
BRDA:883,120,2,0
BRDA:883,120,3,0
BRDA:891,121,0,0
BRDA:891,121,1,0
BRDA:891,121,2,0
BRDA:912,122,0,0
BRDA:912,122,1,0
BRDA:912,122,2,0
BRDA:912,122,3,0
BRF:289
BRH:0
end_of_record
TN:
SF:components\RegisterPage.tsx
FN:8,(anonymous_10)
FN:19,(anonymous_11)
FN:44,(anonymous_12)
FN:71,(anonymous_13)
FN:75,(anonymous_14)
FN:79,(anonymous_15)
FN:83,(anonymous_16)
FN:87,(anonymous_17)
FNF:8
FNH:0
FNDA:0,(anonymous_10)
FNDA:0,(anonymous_11)
FNDA:0,(anonymous_12)
FNDA:0,(anonymous_13)
FNDA:0,(anonymous_14)
FNDA:0,(anonymous_15)
FNDA:0,(anonymous_16)
FNDA:0,(anonymous_17)
DA:1,0
DA:2,0
DA:3,0
DA:4,0
DA:5,0
DA:6,0
DA:8,0
DA:9,0
DA:10,0
DA:11,0
DA:12,0
DA:13,0
DA:14,0
DA:15,0
DA:16,0
DA:17,0
DA:19,0
DA:20,0
DA:21,0
DA:22,0
DA:24,0
DA:25,0
DA:26,0
DA:28,0
DA:29,0
DA:30,0
DA:32,0
DA:33,0
DA:34,0
DA:37,0
DA:38,0
DA:40,0
DA:41,0
DA:42,0
DA:44,0
DA:46,0
DA:47,0
DA:49,0
DA:51,0
DA:53,0
DA:57,0
DA:71,0
DA:75,0
DA:79,0
DA:83,0
DA:87,0
DA:105,0
LF:47
LH:0
BRDA:24,0,0,0
BRDA:24,0,1,0
BRDA:24,1,0,0
BRDA:24,1,1,0
BRDA:24,1,2,0
BRDA:24,1,3,0
BRDA:28,2,0,0
BRDA:28,2,1,0
BRDA:32,3,0,0
BRDA:32,3,1,0
BRDA:46,4,0,0
BRDA:46,4,1,0
BRDA:47,5,0,0
BRDA:47,5,1,0
BRDA:65,6,0,0
BRDA:65,6,1,0
BRDA:66,7,0,0
BRDA:66,7,1,0
BRF:18
BRH:0
end_of_record
TN:
SF:components\UserProfilePage.tsx
FN:6,(anonymous_9)
FN:17,(anonymous_10)
FNF:2
FNH:0
FNDA:0,(anonymous_9)
FNDA:0,(anonymous_10)
DA:1,0
DA:2,0
DA:6,0
DA:7,0
DA:17,0
DA:18,0
DA:28,0
DA:29,0
DA:32,0
DA:94,0
LF:10
LH:0
BRDA:18,0,0,0
BRDA:18,0,1,0
BRDA:28,1,0,0
BRDA:28,1,1,0
BRDA:28,2,0,0
BRDA:28,2,1,0
BRF:6
BRH:0
end_of_record
TN:
SF:components\admin\AdminBillingPlaceholder.tsx
FN:6,(anonymous_1)
FN:38,(anonymous_2)
FNF:2
FNH:0
FNDA:0,(anonymous_1)
FNDA:0,(anonymous_2)
DA:2,0
DA:3,0
DA:6,0
DA:9,0
DA:11,0
DA:39,0
DA:67,0
LF:7
LH:0
BRDA:27,0,0,0
BRDA:27,0,1,0
BRDA:43,1,0,0
BRDA:43,1,1,0
BRF:4
BRH:0
end_of_record
TN:
SF:components\admin\AdminDashboard.tsx
FN:7,(anonymous_1)
FNF:1
FNH:0
FNDA:0,(anonymous_1)
DA:2,0
DA:7,0
DA:8,0
DA:20,0
LF:4
LH:0
BRF:0
BRH:0
end_of_record
TN:
SF:components\admin\AdminLoginPage.tsx
FN:9,(anonymous_10)
FN:17,(anonymous_11)
FN:66,(anonymous_12)
FN:83,(anonymous_13)
FNF:4
FNH:0
FNDA:0,(anonymous_10)
FNDA:0,(anonymous_11)
FNDA:0,(anonymous_12)
FNDA:0,(anonymous_13)
DA:1,0
DA:2,0
DA:3,0
DA:4,0
DA:5,0
DA:6,0
DA:7,0
DA:9,0
DA:10,0
DA:11,0
DA:12,0
DA:13,0
DA:14,0
DA:15,0
DA:17,0
DA:18,0
DA:19,0
DA:20,0
DA:21,0
DA:22,0
DA:24,0
DA:25,0
DA:26,0
DA:27,0
DA:28,0
DA:29,0
DA:33,0
DA:36,0
DA:37,0
DA:39,0
DA:41,0
DA:45,0
DA:66,0
DA:83,0
DA:106,0
LF:35
LH:0
BRDA:20,0,0,0
BRDA:20,0,1,0
BRDA:20,1,0,0
BRDA:20,1,1,0
BRDA:26,2,0,0
BRDA:26,2,1,0
BRDA:26,3,0,0
BRDA:26,3,1,0
BRDA:28,4,0,0
BRDA:28,4,1,0
BRDA:28,5,0,0
BRDA:28,5,1,0
BRDA:36,6,0,0
BRDA:36,6,1,0
BRDA:37,7,0,0
BRDA:37,7,1,0
BRDA:89,8,0,0
BRDA:89,8,1,0
BRF:18
BRH:0
end_of_record
TN:
SF:components\admin\AdminNotificationsPage.tsx
FN:18,(anonymous_10)
FN:29,(anonymous_11)
FN:50,(anonymous_12)
FN:54,(anonymous_13)
FN:59,(anonymous_14)
FN:59,(anonymous_15)
FN:60,(anonymous_16)
FN:67,(anonymous_17)
FN:78,(anonymous_18)
FN:95,(anonymous_19)
FN:126,(anonymous_20)
FN:143,(anonymous_21)
FN:153,(anonymous_22)
FN:153,(anonymous_23)
FN:155,(anonymous_24)
FN:155,(anonymous_25)
FNF:16
FNH:0
FNDA:0,(anonymous_10)
FNDA:0,(anonymous_11)
FNDA:0,(anonymous_12)
FNDA:0,(anonymous_13)
FNDA:0,(anonymous_14)
FNDA:0,(anonymous_15)
FNDA:0,(anonymous_16)
FNDA:0,(anonymous_17)
FNDA:0,(anonymous_18)
FNDA:0,(anonymous_19)
FNDA:0,(anonymous_20)
FNDA:0,(anonymous_21)
FNDA:0,(anonymous_22)
FNDA:0,(anonymous_23)
FNDA:0,(anonymous_24)
FNDA:0,(anonymous_25)
DA:1,0
DA:2,0
DA:3,0
DA:11,0
DA:12,0
DA:13,0
DA:14,0
DA:15,0
DA:18,0
DA:19,0
DA:20,0
DA:21,0
DA:22,0
DA:23,0
DA:26,0
DA:27,0
DA:29,0
DA:30,0
DA:31,0
DA:33,0
DA:34,0
DA:35,0
DA:39,0
DA:40,0
DA:41,0
DA:44,0
DA:46,0
DA:50,0
DA:51,0
DA:54,0
DA:55,0
DA:56,0
DA:59,0
DA:60,0
DA:63,0
DA:67,0
DA:68,0
DA:69,0
DA:70,0
DA:71,0
DA:72,0
DA:74,0
DA:78,0
DA:79,0
DA:80,0
DA:82,0
DA:84,0
DA:89,0
DA:91,0
DA:95,0
DA:97,0
DA:99,0
DA:101,0
DA:103,0
DA:105,0
DA:109,0
DA:110,0
DA:112,0
DA:127,0
DA:143,0
DA:153,0
DA:155,0
DA:160,0
LF:63
LH:0
BRDA:29,0,0,0
BRDA:30,1,0,0
BRDA:30,1,1,0
BRDA:44,2,0,0
BRDA:44,2,1,0
BRDA:59,3,0,0
BRDA:59,3,1,0
BRDA:63,4,0,0
BRDA:63,4,1,0
BRDA:74,5,0,0
BRDA:74,5,1,0
BRDA:79,6,0,0
BRDA:79,6,1,0
BRDA:79,7,0,0
BRDA:79,7,1,0
BRDA:80,8,0,0
BRDA:80,8,1,0
BRDA:80,8,2,0
BRDA:80,8,3,0
BRDA:97,9,0,0
BRDA:97,9,1,0
BRDA:97,9,2,0
BRDA:97,9,3,0
BRDA:109,10,0,0
BRDA:109,10,1,0
BRDA:110,11,0,0
BRDA:110,11,1,0
BRDA:116,12,0,0
BRDA:116,12,1,0
BRDA:116,12,2,0
BRDA:123,13,0,0
BRDA:123,13,1,0
BRDA:129,14,0,0
BRDA:129,14,1,0
BRDA:131,15,0,0
BRDA:131,15,1,0
BRDA:137,16,0,0
BRDA:137,16,1,0
BRDA:142,17,0,0
BRDA:142,17,1,0
BRDA:153,18,0,0
BRDA:153,18,1,0
BRDA:155,19,0,0
BRDA:155,19,1,0
BRF:44
BRH:0
end_of_record
TN:
SF:components\admin\AdminTimeLogReportPage.tsx
FN:20,(anonymous_10)
FN:48,(anonymous_11)
FN:61,(anonymous_12)
FN:62,(anonymous_13)
FN:62,(anonymous_14)
FN:63,(anonymous_15)
FN:64,(anonymous_16)
FN:65,(anonymous_17)
FN:84,(anonymous_18)
FN:89,(anonymous_19)
FN:93,(anonymous_20)
FN:103,(anonymous_21)
FN:116,(anonymous_22)
FN:125,(anonymous_23)
FN:163,(anonymous_24)
FN:173,(anonymous_25)
FN:174,(anonymous_26)
FN:176,(anonymous_27)
FN:177,(anonymous_28)
FN:178,(anonymous_29)
FN:200,(anonymous_30)
FN:202,(anonymous_31)
FN:207,(anonymous_32)
FN:209,(anonymous_33)
FN:214,(anonymous_34)
FN:216,(anonymous_35)
FN:221,(anonymous_36)
FN:225,(anonymous_37)
FN:241,(anonymous_38)
FN:246,(anonymous_39)
FN:250,(anonymous_40)
FN:254,(anonymous_41)
FN:259,(anonymous_42)
FN:265,(anonymous_43)
FN:296,(anonymous_44)
FN:307,(anonymous_45)
FN:313,(anonymous_46)
FNF:37
FNH:26
FNDA:29,(anonymous_10)
FNDA:10,(anonymous_11)
FNDA:20,(anonymous_12)
FNDA:20,(anonymous_13)
FNDA:20,(anonymous_14)
FNDA:20,(anonymous_15)
FNDA:60,(anonymous_16)
FNDA:60,(anonymous_17)
FNDA:10,(anonymous_18)
FNDA:3,(anonymous_19)
FNDA:1,(anonymous_20)
FNDA:4,(anonymous_21)
FNDA:1,(anonymous_22)
FNDA:3,(anonymous_23)
FNDA:1,(anonymous_24)
FNDA:63,(anonymous_25)
FNDA:63,(anonymous_26)
FNDA:42,(anonymous_27)
FNDA:0,(anonymous_28)
FNDA:0,(anonymous_29)
FNDA:0,(anonymous_30)
FNDA:20,(anonymous_31)
FNDA:0,(anonymous_32)
FNDA:20,(anonymous_33)
FNDA:0,(anonymous_34)
FNDA:20,(anonymous_35)
FNDA:0,(anonymous_36)
FNDA:0,(anonymous_37)
FNDA:0,(anonymous_38)
FNDA:0,(anonymous_39)
FNDA:2,(anonymous_40)
FNDA:0,(anonymous_41)
FNDA:0,(anonymous_42)
FNDA:2,(anonymous_43)
FNDA:40,(anonymous_44)
FNDA:4,(anonymous_45)
FNDA:3,(anonymous_46)
DA:1,1
DA:2,1
DA:3,1
DA:10,1
DA:11,1
DA:20,1
DA:21,29
DA:22,29
DA:23,29
DA:24,29
DA:25,29
DA:28,29
DA:29,29
DA:30,29
DA:31,29
DA:32,29
DA:35,29
DA:36,29
DA:38,29
DA:39,29
DA:40,29
DA:41,29
DA:42,29
DA:43,29
DA:45,29
DA:48,29
DA:49,10
DA:50,10
DA:51,10
DA:52,10
DA:58,10
DA:59,10
DA:61,10
DA:62,20
DA:63,20
DA:64,60
DA:65,60
DA:66,20
DA:74,10
DA:77,0
DA:78,0
DA:80,10
DA:84,29
DA:85,10
DA:89,29
DA:90,3
DA:91,2
DA:92,2
DA:93,1
DA:94,1
DA:96,1
DA:97,1
DA:98,1
DA:103,29
DA:104,4
DA:105,4
DA:106,4
DA:107,4
DA:108,4
DA:109,4
DA:110,4
DA:111,4
DA:112,4
DA:113,4
DA:116,29
DA:117,1
DA:118,1
DA:125,29
DA:126,3
DA:127,3
DA:128,0
DA:129,0
DA:132,3
DA:133,0
DA:134,0
DA:137,3
DA:138,3
DA:140,3
DA:141,1
DA:142,1
DA:145,2
DA:146,2
DA:147,0
DA:148,0
DA:151,2
DA:161,2
DA:162,2
DA:163,1
DA:164,1
DA:165,1
DA:167,1
DA:169,1
DA:173,63
DA:174,63
DA:176,29
DA:177,42
DA:178,42
DA:179,42
DA:180,42
DA:181,42
DA:182,42
DA:186,29
DA:187,9
DA:189,20
DA:190,0
DA:193,20
DA:200,0
DA:202,20
DA:207,0
DA:209,20
DA:214,0
DA:216,20
DA:221,0
DA:225,0
DA:241,0
DA:246,0
DA:250,2
DA:254,0
DA:259,0
DA:265,2
DA:297,40
DA:307,4
DA:313,3
DA:329,1
LF:124
LH:106
BRDA:65,0,0,20
BRDA:65,0,1,0
BRDA:78,1,0,0
BRDA:78,1,1,0
BRDA:90,2,0,2
BRDA:90,2,1,1
BRDA:97,3,0,1
BRDA:97,3,1,0
BRDA:98,4,0,1
BRDA:98,4,1,0
BRDA:110,5,0,4
BRDA:110,5,1,0
BRDA:127,6,0,0
BRDA:127,6,1,3
BRDA:132,7,0,0
BRDA:132,7,1,3
BRDA:132,8,0,3
BRDA:132,8,1,3
BRDA:132,8,2,3
BRDA:132,8,3,3
BRDA:132,8,4,3
BRDA:140,9,0,1
BRDA:140,9,1,2
BRDA:146,10,0,0
BRDA:146,10,1,2
BRDA:146,11,0,2
BRDA:146,11,1,0
BRDA:169,12,0,1
BRDA:169,12,1,0
BRDA:177,13,0,0
BRDA:177,13,1,42
BRDA:177,14,0,42
BRDA:177,14,1,0
BRDA:177,14,2,0
BRDA:178,15,0,0
BRDA:178,15,1,42
BRDA:178,16,0,42
BRDA:178,16,1,0
BRDA:179,17,0,0
BRDA:179,17,1,42
BRDA:179,18,0,42
BRDA:179,18,1,0
BRDA:180,19,0,0
BRDA:180,19,1,42
BRDA:180,20,0,42
BRDA:180,20,1,0
BRDA:181,21,0,0
BRDA:181,21,1,42
BRDA:181,22,0,42
BRDA:181,22,1,0
BRDA:186,23,0,9
BRDA:186,23,1,20
BRDA:189,24,0,0
BRDA:189,24,1,20
BRDA:229,25,0,20
BRDA:229,25,1,0
BRDA:229,25,2,0
BRDA:233,26,0,20
BRDA:233,26,1,8
BRDA:233,26,2,8
BRDA:280,27,0,20
BRDA:280,27,1,20
BRDA:299,28,0,40
BRDA:299,28,1,40
BRDA:300,29,0,40
BRDA:300,29,1,0
BRDA:301,30,0,40
BRDA:301,30,1,0
BRDA:302,31,0,40
BRDA:302,31,1,40
BRDA:304,32,0,40
BRDA:304,32,1,0
BRF:72
BRH:44
end_of_record
TN:
SF:components\admin\ManageSkills.tsx
FN:6,(anonymous_10)
FN:13,(anonymous_11)
FN:17,(anonymous_12)
FN:25,(anonymous_13)
FN:29,(anonymous_14)
FN:63,(anonymous_15)
FN:78,(anonymous_16)
FNF:7
FNH:0
FNDA:0,(anonymous_10)
FNDA:0,(anonymous_11)
FNDA:0,(anonymous_12)
FNDA:0,(anonymous_13)
FNDA:0,(anonymous_14)
FNDA:0,(anonymous_15)
FNDA:0,(anonymous_16)
DA:1,0
DA:2,0
DA:3,0
DA:4,0
DA:6,0
DA:7,0
DA:8,0
DA:9,0
DA:10,0
DA:11,0
DA:13,0
DA:14,0
DA:15,0
DA:16,0
DA:17,0
DA:19,0
DA:21,0
DA:25,0
DA:26,0
DA:29,0
DA:30,0
DA:31,0
DA:32,0
DA:33,0
DA:35,0
DA:36,0
DA:37,0
DA:38,0
DA:39,0
DA:40,0
DA:42,0
DA:43,0
DA:45,0
DA:49,0
DA:51,0
DA:63,0
DA:79,0
DA:90,0
LF:38
LH:0
BRDA:19,0,0,0
BRDA:19,0,1,0
BRDA:31,1,0,0
BRDA:31,1,1,0
BRDA:42,2,0,0
BRDA:42,2,1,0
BRDA:42,3,0,0
BRDA:42,3,1,0
BRDA:49,4,0,0
BRDA:49,4,1,0
BRDA:54,5,0,0
BRDA:54,5,1,0
BRDA:69,6,0,0
BRDA:69,6,1,0
BRDA:74,7,0,0
BRDA:74,7,1,0
BRDA:74,7,2,0
BRDA:75,8,0,0
BRDA:75,8,1,0
BRF:19
BRH:0
end_of_record
TN:
SF:components\admin\ProjectManagement.tsx
FN:31,(anonymous_10)
FN:33,(anonymous_11)
FN:46,(anonymous_12)
FN:85,(anonymous_13)
FN:97,(anonymous_14)
FN:98,(anonymous_15)
FN:99,(anonymous_16)
FN:110,(anonymous_17)
FN:112,(anonymous_18)
FN:119,(anonymous_19)
FN:137,(anonymous_20)
FN:146,(anonymous_21)
FN:148,(anonymous_22)
FN:151,(anonymous_23)
FN:156,(anonymous_24)
FN:164,(anonymous_25)
FN:172,(anonymous_26)
FN:210,(anonymous_27)
FN:228,(anonymous_28)
FN:240,(anonymous_29)
FN:256,(anonymous_30)
FN:283,(anonymous_31)
FN:288,(anonymous_32)
FN:305,(anonymous_33)
FN:321,(anonymous_34)
FN:333,(anonymous_35)
FN:341,(anonymous_36)
FN:344,(anonymous_37)
FN:358,(anonymous_38)
FN:386,(anonymous_39)
FN:411,(anonymous_40)
FN:415,(anonymous_41)
FN:417,(anonymous_42)
FN:423,(anonymous_43)
FN:425,(anonymous_44)
FN:430,(anonymous_45)
FN:432,(anonymous_46)
FN:436,(anonymous_47)
FN:453,(anonymous_48)
FN:454,(anonymous_49)
FN:455,(anonymous_50)
FN:456,(anonymous_51)
FN:458,(anonymous_52)
FN:463,(anonymous_53)
FN:480,(anonymous_54)
FN:481,(anonymous_55)
FN:483,(anonymous_56)
FN:485,(anonymous_57)
FN:488,(anonymous_58)
FN:503,(anonymous_59)
FN:522,(anonymous_60)
FN:531,(anonymous_61)
FN:540,(anonymous_62)
FN:548,(anonymous_63)
FN:554,(anonymous_64)
FN:574,(anonymous_65)
FN:576,(anonymous_66)
FN:578,(anonymous_67)
FN:578,(anonymous_68)
FN:585,(anonymous_69)
FN:599,(anonymous_70)
FN:602,(anonymous_71)
FN:621,(anonymous_72)
FN:626,(anonymous_73)
FN:631,(anonymous_74)
FN:640,(anonymous_75)
FN:643,(anonymous_76)
FN:649,(anonymous_77)
FN:652,(anonymous_78)
FNF:69
FNH:0
FNDA:0,(anonymous_10)
FNDA:0,(anonymous_11)
FNDA:0,(anonymous_12)
FNDA:0,(anonymous_13)
FNDA:0,(anonymous_14)
FNDA:0,(anonymous_15)
FNDA:0,(anonymous_16)
FNDA:0,(anonymous_17)
FNDA:0,(anonymous_18)
FNDA:0,(anonymous_19)
FNDA:0,(anonymous_20)
FNDA:0,(anonymous_21)
FNDA:0,(anonymous_22)
FNDA:0,(anonymous_23)
FNDA:0,(anonymous_24)
FNDA:0,(anonymous_25)
FNDA:0,(anonymous_26)
FNDA:0,(anonymous_27)
FNDA:0,(anonymous_28)
FNDA:0,(anonymous_29)
FNDA:0,(anonymous_30)
FNDA:0,(anonymous_31)
FNDA:0,(anonymous_32)
FNDA:0,(anonymous_33)
FNDA:0,(anonymous_34)
FNDA:0,(anonymous_35)
FNDA:0,(anonymous_36)
FNDA:0,(anonymous_37)
FNDA:0,(anonymous_38)
FNDA:0,(anonymous_39)
FNDA:0,(anonymous_40)
FNDA:0,(anonymous_41)
FNDA:0,(anonymous_42)
FNDA:0,(anonymous_43)
FNDA:0,(anonymous_44)
FNDA:0,(anonymous_45)
FNDA:0,(anonymous_46)
FNDA:0,(anonymous_47)
FNDA:0,(anonymous_48)
FNDA:0,(anonymous_49)
FNDA:0,(anonymous_50)
FNDA:0,(anonymous_51)
FNDA:0,(anonymous_52)
FNDA:0,(anonymous_53)
FNDA:0,(anonymous_54)
FNDA:0,(anonymous_55)
FNDA:0,(anonymous_56)
FNDA:0,(anonymous_57)
FNDA:0,(anonymous_58)
FNDA:0,(anonymous_59)
FNDA:0,(anonymous_60)
FNDA:0,(anonymous_61)
FNDA:0,(anonymous_62)
FNDA:0,(anonymous_63)
FNDA:0,(anonymous_64)
FNDA:0,(anonymous_65)
FNDA:0,(anonymous_66)
FNDA:0,(anonymous_67)
FNDA:0,(anonymous_68)
FNDA:0,(anonymous_69)
FNDA:0,(anonymous_70)
FNDA:0,(anonymous_71)
FNDA:0,(anonymous_72)
FNDA:0,(anonymous_73)
FNDA:0,(anonymous_74)
FNDA:0,(anonymous_75)
FNDA:0,(anonymous_76)
FNDA:0,(anonymous_77)
FNDA:0,(anonymous_78)
DA:1,0
DA:2,0
DA:3,0
DA:4,0
DA:21,0
DA:22,0
DA:23,0
DA:24,0
DA:25,0
DA:26,0
DA:27,0
DA:31,0
DA:32,0
DA:33,0
DA:34,0
DA:35,0
DA:36,0
DA:43,0
DA:46,0
DA:47,0
DA:48,0
DA:49,0
DA:50,0
DA:51,0
DA:52,0
DA:53,0
DA:54,0
DA:56,0
DA:57,0
DA:59,0
DA:60,0
DA:61,0
DA:62,0
DA:63,0
DA:64,0
DA:67,0
DA:68,0
DA:69,0
DA:70,0
DA:71,0
DA:74,0
DA:76,0
DA:78,0
DA:79,0
DA:80,0
DA:81,0
DA:82,0
DA:83,0
DA:85,0
DA:86,0
DA:87,0
DA:88,0
DA:89,0
DA:95,0
DA:96,0
DA:97,0
DA:98,0
DA:99,0
DA:103,0
DA:104,0
DA:106,0
DA:107,0
DA:110,0
DA:112,0
DA:113,0
DA:114,0
DA:115,0
DA:116,0
DA:117,0
DA:118,0
DA:119,0
DA:121,0
DA:122,0
DA:123,0
DA:125,0
DA:127,0
DA:129,0
DA:130,0
DA:131,0
DA:133,0
DA:137,0
DA:138,0
DA:139,0
DA:140,0
DA:141,0
DA:142,0
DA:143,0
DA:146,0
DA:147,0
DA:148,0
DA:151,0
DA:152,0
DA:153,0
DA:156,0
DA:157,0
DA:158,0
DA:159,0
DA:160,0
DA:164,0
DA:165,0
DA:166,0
DA:167,0
DA:168,0
DA:172,0
DA:173,0
DA:174,0
DA:175,0
DA:177,0
DA:178,0
DA:179,0
DA:182,0
DA:183,0
DA:184,0
DA:190,0
DA:191,0
DA:193,0
DA:194,0
DA:197,0
DA:198,0
DA:199,0
DA:200,0
DA:202,0
DA:203,0
DA:206,0
DA:210,0
DA:211,0
DA:212,0
DA:213,0
DA:214,0
DA:215,0
DA:216,0
DA:217,0
DA:218,0
DA:221,0
DA:224,0
DA:228,0
DA:229,0
DA:230,0
DA:231,0
DA:232,0
DA:233,0
DA:234,0
DA:235,0
DA:236,0
DA:237,0
DA:238,0
DA:240,0
DA:241,0
DA:242,0
DA:245,0
DA:248,0
DA:251,0
DA:256,0
DA:257,0
DA:259,0
DA:260,0
DA:261,0
DA:269,0
DA:270,0
DA:271,0
DA:272,0
DA:274,0
DA:275,0
DA:278,0
DA:283,0
DA:284,0
DA:285,0
DA:288,0
DA:289,0
DA:290,0
DA:291,0
DA:292,0
DA:293,0
DA:294,0
DA:295,0
DA:297,0
DA:300,0
DA:305,0
DA:306,0
DA:307,0
DA:308,0
DA:309,0
DA:310,0
DA:311,0
DA:312,0
DA:314,0
DA:317,0
DA:321,0
DA:322,0
DA:323,0
DA:324,0
DA:325,0
DA:326,0
DA:327,0
DA:328,0
DA:329,0
DA:333,0
DA:334,0
DA:335,0
DA:336,0
DA:338,0
DA:341,0
DA:342,0
DA:344,0
DA:345,0
DA:347,0
DA:348,0
DA:349,0
DA:352,0
DA:353,0
DA:354,0
DA:357,0
DA:358,0
DA:360,0
DA:361,0
DA:362,0
DA:364,0
DA:365,0
DA:368,0
DA:369,0
DA:371,0
DA:372,0
DA:375,0
DA:376,0
DA:377,0
DA:378,0
DA:380,0
DA:383,0
DA:386,0
DA:387,0
DA:388,0
DA:390,0
DA:394,0
DA:395,0
DA:398,0
DA:411,0
DA:415,0
DA:417,0
DA:423,0
DA:425,0
DA:430,0
DA:432,0
DA:436,0
DA:453,0
DA:454,0
DA:455,0
DA:456,0
DA:458,0
DA:464,0
DA:467,0
DA:480,0
DA:481,0
DA:483,0
DA:485,0
DA:488,0
DA:503,0
DA:522,0
DA:531,0
DA:540,0
DA:549,0
DA:555,0
DA:556,0
DA:557,0
DA:558,0
DA:574,0
DA:576,0
DA:578,0
DA:579,0
DA:585,0
DA:599,0
DA:602,0
DA:621,0
DA:626,0
DA:631,0
DA:640,0
DA:643,0
DA:649,0
DA:652,0
DA:668,0
LF:279
LH:0
BRDA:32,0,0,0
BRDA:32,0,1,0
BRDA:33,1,0,0
BRDA:33,1,1,0
BRDA:34,2,0,0
BRDA:34,2,1,0
BRDA:104,3,0,0
BRDA:104,3,1,0
BRDA:106,4,0,0
BRDA:106,4,1,0
BRDA:119,5,0,0
BRDA:119,5,1,0
BRDA:121,6,0,0
BRDA:121,6,1,0
BRDA:121,7,0,0
BRDA:121,7,1,0
BRDA:121,7,2,0
BRDA:121,7,3,0
BRDA:130,8,0,0
BRDA:130,8,1,0
BRDA:131,9,0,0
BRDA:131,9,1,0
BRDA:159,10,0,0
BRDA:159,10,1,0
BRDA:167,11,0,0
BRDA:167,11,1,0
BRDA:174,12,0,0
BRDA:174,12,1,0
BRDA:177,13,0,0
BRDA:177,13,1,0
BRDA:177,14,0,0
BRDA:177,14,1,0
BRDA:190,15,0,0
BRDA:190,15,1,0
BRDA:190,16,0,0
BRDA:190,16,1,0
BRDA:193,17,0,0
BRDA:193,17,1,0
BRDA:203,18,0,0
BRDA:203,18,1,0
BRDA:216,19,0,0
BRDA:216,19,1,0
BRDA:218,20,0,0
BRDA:218,20,1,0
BRDA:221,21,0,0
BRDA:221,21,1,0
BRDA:229,22,0,0
BRDA:229,22,1,0
BRDA:235,23,0,0
BRDA:235,23,1,0
BRDA:237,24,0,0
BRDA:237,24,1,0
BRDA:238,25,0,0
BRDA:238,25,1,0
BRDA:240,26,0,0
BRDA:240,26,1,0
BRDA:248,27,0,0
BRDA:248,27,1,0
BRDA:257,28,0,0
BRDA:257,28,1,0
BRDA:257,29,0,0
BRDA:257,29,1,0
BRDA:265,30,0,0
BRDA:265,30,1,0
BRDA:266,31,0,0
BRDA:266,31,1,0
BRDA:275,32,0,0
BRDA:275,32,1,0
BRDA:289,33,0,0
BRDA:289,33,1,0
BRDA:297,34,0,0
BRDA:297,34,1,0
BRDA:309,35,0,0
BRDA:309,35,1,0
BRDA:314,36,0,0
BRDA:314,36,1,0
BRDA:322,37,0,0
BRDA:322,37,1,0
BRDA:322,37,2,0
BRDA:322,37,3,0
BRDA:322,37,4,0
BRDA:322,37,5,0
BRDA:322,37,6,0
BRDA:335,38,0,0
BRDA:335,38,1,0
BRDA:335,39,0,0
BRDA:335,39,1,0
BRDA:345,40,0,0
BRDA:345,40,1,0
BRDA:347,41,0,0
BRDA:347,41,1,0
BRDA:348,42,0,0
BRDA:348,42,1,0
BRDA:349,43,0,0
BRDA:349,43,1,0
BRDA:349,43,2,0
BRDA:349,43,3,0
BRDA:353,44,0,0
BRDA:353,44,1,0
BRDA:354,45,0,0
BRDA:354,45,1,0
BRDA:354,45,2,0
BRDA:354,45,3,0
BRDA:354,45,4,0
BRDA:357,46,0,0
BRDA:357,46,1,0
BRDA:360,47,0,0
BRDA:360,47,1,0
BRDA:368,48,0,0
BRDA:368,48,1,0
BRDA:368,49,0,0
BRDA:368,49,1,0
BRDA:369,50,0,0
BRDA:369,50,1,0
BRDA:371,51,0,0
BRDA:371,51,1,0
BRDA:371,52,0,0
BRDA:371,52,1,0
BRDA:372,53,0,0
BRDA:372,53,1,0
BRDA:375,54,0,0
BRDA:375,54,1,0
BRDA:375,55,0,0
BRDA:375,55,1,0
BRDA:378,56,0,0
BRDA:378,56,1,0
BRDA:387,57,0,0
BRDA:387,57,1,0
BRDA:388,58,0,0
BRDA:388,58,1,0
BRDA:394,59,0,0
BRDA:394,59,1,0
BRDA:394,60,0,0
BRDA:394,60,1,0
BRDA:406,61,0,0
BRDA:406,61,1,0
BRDA:406,61,2,0
BRDA:406,61,3,0
BRDA:441,62,0,0
BRDA:441,62,1,0
BRDA:441,62,2,0
BRDA:441,62,3,0
BRDA:448,63,0,0
BRDA:448,63,1,0
BRDA:468,64,0,0
BRDA:468,64,1,0
BRDA:470,65,0,0
BRDA:470,65,1,0
BRDA:471,66,0,0
BRDA:471,66,1,0
BRDA:478,67,0,0
BRDA:478,67,1,0
BRDA:482,68,0,0
BRDA:482,68,1,0
BRDA:485,69,0,0
BRDA:485,69,1,0
BRDA:486,70,0,0
BRDA:486,70,1,0
BRDA:493,71,0,0
BRDA:493,71,1,0
BRDA:501,72,0,0
BRDA:501,72,1,0
BRDA:501,72,2,0
BRDA:502,73,0,0
BRDA:502,73,1,0
BRDA:505,74,0,0
BRDA:505,74,1,0
BRDA:505,74,2,0
BRDA:509,75,0,0
BRDA:509,75,1,0
BRDA:514,76,0,0
BRDA:514,76,1,0
BRDA:520,77,0,0
BRDA:520,77,1,0
BRDA:528,78,0,0
BRDA:528,78,1,0
BRDA:537,79,0,0
BRDA:537,79,1,0
BRDA:556,80,0,0
BRDA:556,80,1,0
BRDA:565,81,0,0
BRDA:565,81,1,0
BRDA:570,82,0,0
BRDA:570,82,1,0
BRDA:570,82,2,0
BRDA:570,82,3,0
BRDA:570,82,4,0
BRDA:576,83,0,0
BRDA:576,83,1,0
BRDA:582,84,0,0
BRDA:582,84,1,0
BRDA:599,85,0,0
BRDA:599,85,1,0
BRDA:599,85,2,0
BRDA:599,85,3,0
BRDA:602,86,0,0
BRDA:602,86,1,0
BRDA:602,86,2,0
BRDA:602,86,3,0
BRDA:616,87,0,0
BRDA:616,87,1,0
BRDA:637,88,0,0
BRDA:637,88,1,0
BRDA:656,89,0,0
BRDA:656,89,1,0
BRDA:656,89,2,0
BRF:206
BRH:0
end_of_record
TN:
SF:components\admin\UserManagement.tsx
FN:36,(anonymous_10)
FN:71,(anonymous_11)
FN:79,(anonymous_12)
FN:84,(anonymous_13)
FN:98,(anonymous_14)
FN:102,(anonymous_15)
FN:104,(anonymous_16)
FN:114,(anonymous_17)
FN:119,(anonymous_18)
FN:128,(anonymous_19)
FN:133,(anonymous_20)
FN:152,(anonymous_21)
FN:156,(anonymous_22)
FN:166,(anonymous_23)
FN:169,(anonymous_24)
FN:213,(anonymous_25)
FN:232,(anonymous_26)
FN:236,(anonymous_27)
FN:239,(anonymous_28)
FN:241,(anonymous_29)
FN:244,(anonymous_30)
FN:285,(anonymous_31)
FN:291,(anonymous_32)
FN:312,(anonymous_33)
FN:327,(anonymous_34)
FN:328,(anonymous_35)
FN:346,(anonymous_36)
FN:357,(anonymous_37)
FN:381,(anonymous_38)
FN:387,(anonymous_39)
FN:415,(anonymous_40)
FN:484,(anonymous_41)
FNF:32
FNH:0
FNDA:0,(anonymous_10)
FNDA:0,(anonymous_11)
FNDA:0,(anonymous_12)
FNDA:0,(anonymous_13)
FNDA:0,(anonymous_14)
FNDA:0,(anonymous_15)
FNDA:0,(anonymous_16)
FNDA:0,(anonymous_17)
FNDA:0,(anonymous_18)
FNDA:0,(anonymous_19)
FNDA:0,(anonymous_20)
FNDA:0,(anonymous_21)
FNDA:0,(anonymous_22)
FNDA:0,(anonymous_23)
FNDA:0,(anonymous_24)
FNDA:0,(anonymous_25)
FNDA:0,(anonymous_26)
FNDA:0,(anonymous_27)
FNDA:0,(anonymous_28)
FNDA:0,(anonymous_29)
FNDA:0,(anonymous_30)
FNDA:0,(anonymous_31)
FNDA:0,(anonymous_32)
FNDA:0,(anonymous_33)
FNDA:0,(anonymous_34)
FNDA:0,(anonymous_35)
FNDA:0,(anonymous_36)
FNDA:0,(anonymous_37)
FNDA:0,(anonymous_38)
FNDA:0,(anonymous_39)
FNDA:0,(anonymous_40)
FNDA:0,(anonymous_41)
DA:3,0
DA:4,0
DA:5,0
DA:23,0
DA:24,0
DA:25,0
DA:26,0
DA:27,0
DA:36,0
DA:37,0
DA:38,0
DA:39,0
DA:40,0
DA:42,0
DA:43,0
DA:44,0
DA:46,0
DA:49,0
DA:50,0
DA:52,0
DA:53,0
DA:56,0
DA:57,0
DA:65,0
DA:66,0
DA:68,0
DA:69,0
DA:71,0
DA:72,0
DA:73,0
DA:74,0
DA:78,0
DA:79,0
DA:80,0
DA:81,0
DA:84,0
DA:85,0
DA:86,0
DA:87,0
DA:88,0
DA:89,0
DA:91,0
DA:92,0
DA:94,0
DA:98,0
DA:99,0
DA:102,0
DA:104,0
DA:105,0
DA:106,0
DA:107,0
DA:108,0
DA:109,0
DA:110,0
DA:113,0
DA:114,0
DA:116,0
DA:118,0
DA:119,0
DA:121,0
DA:124,0
DA:127,0
DA:128,0
DA:130,0
DA:132,0
DA:133,0
DA:135,0
DA:138,0
DA:141,0
DA:142,0
DA:147,0
DA:149,0
DA:152,0
DA:153,0
DA:156,0
DA:157,0
DA:158,0
DA:159,0
DA:160,0
DA:161,0
DA:162,0
DA:163,0
DA:164,0
DA:166,0
DA:169,0
DA:170,0
DA:171,0
DA:173,0
DA:174,0
DA:181,0
DA:183,0
DA:188,0
DA:189,0
DA:192,0
DA:195,0
DA:196,0
DA:197,0
DA:201,0
DA:203,0
DA:204,0
DA:206,0
DA:207,0
DA:209,0
DA:213,0
DA:214,0
DA:215,0
DA:216,0
DA:217,0
DA:218,0
DA:219,0
DA:221,0
DA:223,0
DA:225,0
DA:227,0
DA:232,0
DA:233,0
DA:236,0
DA:239,0
DA:240,0
DA:241,0
DA:244,0
DA:245,0
DA:246,0
DA:247,0
DA:248,0
DA:250,0
DA:251,0
DA:253,0
DA:261,0
DA:262,0
DA:263,0
DA:264,0
DA:266,0
DA:267,0
DA:269,0
DA:273,0
DA:274,0
DA:281,0
DA:285,0
DA:291,0
DA:313,0
DA:327,0
DA:328,0
DA:346,0
DA:357,0
DA:382,0
DA:388,0
DA:389,0
DA:390,0
DA:391,0
DA:415,0
DA:485,0
DA:502,0
LF:153
LH:0
BRDA:80,0,0,0
BRDA:80,0,1,0
BRDA:92,1,0,0
BRDA:92,1,1,0
BRDA:104,2,0,0
BRDA:106,3,0,0
BRDA:106,3,1,0
BRDA:114,4,0,0
BRDA:114,4,1,0
BRDA:118,5,0,0
BRDA:118,5,1,0
BRDA:124,6,0,0
BRDA:124,6,1,0
BRDA:128,7,0,0
BRDA:128,7,1,0
BRDA:132,8,0,0
BRDA:132,8,1,0
BRDA:159,9,0,0
BRDA:159,9,1,0
BRDA:161,10,0,0
BRDA:161,10,1,0
BRDA:162,11,0,0
BRDA:162,11,1,0
BRDA:163,12,0,0
BRDA:163,12,1,0
BRDA:170,13,0,0
BRDA:170,13,1,0
BRDA:174,14,0,0
BRDA:174,14,1,0
BRDA:174,15,0,0
BRDA:174,15,1,0
BRDA:188,16,0,0
BRDA:188,16,1,0
BRDA:188,17,0,0
BRDA:188,17,1,0
BRDA:196,18,0,0
BRDA:196,18,1,0
BRDA:196,19,0,0
BRDA:196,19,1,0
BRDA:196,19,2,0
BRDA:196,19,3,0
BRDA:206,20,0,0
BRDA:206,20,1,0
BRDA:206,21,0,0
BRDA:206,21,1,0
BRDA:206,21,2,0
BRDA:214,22,0,0
BRDA:214,22,1,0
BRDA:215,23,0,0
BRDA:215,23,1,0
BRDA:215,24,0,0
BRDA:215,24,1,0
BRDA:218,25,0,0
BRDA:218,25,1,0
BRDA:225,26,0,0
BRDA:225,26,1,0
BRDA:233,27,0,0
BRDA:233,27,1,0
BRDA:233,27,2,0
BRDA:233,27,3,0
BRDA:233,27,4,0
BRDA:250,28,0,0
BRDA:250,28,1,0
BRDA:250,29,0,0
BRDA:250,29,1,0
BRDA:250,29,2,0
BRDA:258,30,0,0
BRDA:258,30,1,0
BRDA:259,31,0,0
BRDA:259,31,1,0
BRDA:267,32,0,0
BRDA:267,32,1,0
BRDA:273,33,0,0
BRDA:273,33,1,0
BRDA:273,34,0,0
BRDA:273,34,1,0
BRDA:290,35,0,0
BRDA:290,35,1,0
BRDA:290,35,2,0
BRDA:294,36,0,0
BRDA:294,36,1,0
BRDA:295,37,0,0
BRDA:295,37,1,0
BRDA:295,37,2,0
BRDA:295,37,3,0
BRDA:297,38,0,0
BRDA:297,38,1,0
BRDA:297,38,2,0
BRDA:313,39,0,0
BRDA:313,39,1,0
BRDA:318,40,0,0
BRDA:318,40,1,0
BRDA:318,41,0,0
BRDA:318,41,1,0
BRDA:323,42,0,0
BRDA:323,42,1,0
BRDA:329,43,0,0
BRDA:329,43,1,0
BRDA:330,44,0,0
BRDA:330,44,1,0
BRDA:331,45,0,0
BRDA:331,45,1,0
BRDA:331,46,0,0
BRDA:331,46,1,0
BRDA:331,47,0,0
BRDA:331,47,1,0
BRDA:333,48,0,0
BRDA:333,48,1,0
BRDA:343,49,0,0
BRDA:343,49,1,0
BRDA:344,50,0,0
BRDA:344,50,1,0
BRDA:344,51,0,0
BRDA:344,51,1,0
BRDA:345,52,0,0
BRDA:345,52,1,0
BRDA:345,52,2,0
BRDA:349,53,0,0
BRDA:349,53,1,0
BRDA:350,54,0,0
BRDA:350,54,1,0
BRDA:352,55,0,0
BRDA:352,55,1,0
BRDA:352,56,0,0
BRDA:352,56,1,0
BRDA:353,57,0,0
BRDA:353,57,1,0
BRDA:356,58,0,0
BRDA:356,58,1,0
BRDA:357,59,0,0
BRDA:357,59,1,0
BRDA:360,60,0,0
BRDA:360,60,1,0
BRDA:363,61,0,0
BRDA:363,61,1,0
BRDA:364,62,0,0
BRDA:364,62,1,0
BRDA:366,63,0,0
BRDA:366,63,1,0
BRDA:367,64,0,0
BRDA:367,64,1,0
BRDA:368,65,0,0
BRDA:368,65,1,0
BRDA:368,66,0,0
BRDA:368,66,1,0
BRDA:370,67,0,0
BRDA:370,67,1,0
BRDA:372,68,0,0
BRDA:372,68,1,0
BRDA:377,69,0,0
BRDA:377,69,1,0
BRDA:377,69,2,0
BRDA:389,70,0,0
BRDA:389,70,1,0
BRDA:398,71,0,0
BRDA:398,71,1,0
BRDA:416,72,0,0
BRDA:416,72,1,0
BRDA:420,73,0,0
BRDA:420,73,1,0
BRDA:423,74,0,0
BRDA:423,74,1,0
BRDA:455,75,0,0
BRDA:455,75,1,0
BRDA:460,76,0,0
BRDA:460,76,1,0
BRDA:460,76,2,0
BRDA:462,77,0,0
BRDA:462,77,1,0
BRDA:466,78,0,0
BRDA:466,78,1,0
BRDA:466,79,0,0
BRDA:466,79,1,0
BRDA:470,80,0,0
BRDA:470,80,1,0
BRDA:490,81,0,0
BRDA:490,81,1,0
BRDA:491,82,0,0
BRDA:491,82,1,0
BRF:179
BRH:0
end_of_record
TN:
SF:components\client\ClientDashboard.tsx
FN:5,(anonymous_1)
FNF:1
FNH:0
FNDA:0,(anonymous_1)
DA:2,0
DA:5,0
DA:6,0
DA:16,0
LF:4
LH:0
BRF:0
BRH:0
end_of_record
TN:
SF:components\client\ClientProjectTimeLogPage.tsx
FN:12,(anonymous_9)
FN:27,(anonymous_10)
FN:39,(anonymous_11)
FN:60,(anonymous_12)
FN:66,(anonymous_13)
FN:84,(anonymous_14)
FN:85,(anonymous_15)
FN:90,(anonymous_16)
FN:123,(anonymous_17)
FN:128,(anonymous_18)
FN:137,(anonymous_19)
FN:155,(anonymous_20)
FNF:12
FNH:0
FNDA:0,(anonymous_9)
FNDA:0,(anonymous_10)
FNDA:0,(anonymous_11)
FNDA:0,(anonymous_12)
FNDA:0,(anonymous_13)
FNDA:0,(anonymous_14)
FNDA:0,(anonymous_15)
FNDA:0,(anonymous_16)
FNDA:0,(anonymous_17)
FNDA:0,(anonymous_18)
FNDA:0,(anonymous_19)
FNDA:0,(anonymous_20)
DA:1,0
DA:2,0
DA:3,0
DA:9,0
DA:12,0
DA:13,0
DA:14,0
DA:15,0
DA:16,0
DA:18,0
DA:19,0
DA:20,0
DA:22,0
DA:23,0
DA:24,0
DA:27,0
DA:28,0
DA:29,0
DA:30,0
DA:31,0
DA:33,0
DA:34,0
DA:35,0
DA:36,0
DA:39,0
DA:40,0
DA:41,0
DA:42,0
DA:43,0
DA:47,0
DA:48,0
DA:50,0
DA:51,0
DA:53,0
DA:56,0
DA:60,0
DA:61,0
DA:62,0
DA:63,0
DA:66,0
DA:67,0
DA:68,0
DA:69,0
DA:70,0
DA:71,0
DA:73,0
DA:74,0
DA:75,0
DA:77,0
DA:80,0
DA:84,0
DA:85,0
DA:86,0
DA:90,0
DA:93,0
DA:98,0
DA:99,0
DA:102,0
DA:103,0
DA:106,0
DA:107,0
DA:111,0
DA:112,0
DA:114,0
DA:123,0
DA:129,0
DA:137,0
DA:156,0
DA:177,0
DA:185,0
DA:191,0
LF:71
LH:0
BRDA:28,0,0,0
BRDA:28,0,1,0
BRDA:33,1,0,0
BRDA:33,1,1,0
BRDA:51,2,0,0
BRDA:51,2,1,0
BRDA:61,3,0,0
BRDA:61,3,1,0
BRDA:61,4,0,0
BRDA:61,4,1,0
BRDA:74,5,0,0
BRDA:74,5,1,0
BRDA:86,6,0,0
BRDA:86,6,1,0
BRDA:98,7,0,0
BRDA:98,7,1,0
BRDA:98,8,0,0
BRDA:98,8,1,0
BRDA:102,9,0,0
BRDA:102,9,1,0
BRDA:106,10,0,0
BRDA:106,10,1,0
BRDA:106,11,0,0
BRDA:106,11,1,0
BRDA:111,12,0,0
BRDA:111,12,1,0
BRDA:112,13,0,0
BRDA:112,13,1,0
BRDA:122,14,0,0
BRDA:122,14,1,0
BRDA:123,15,0,0
BRDA:123,15,1,0
BRDA:132,16,0,0
BRDA:132,16,1,0
BRDA:132,16,2,0
BRDA:135,17,0,0
BRDA:135,17,1,0
BRDA:137,18,0,0
BRDA:137,18,1,0
BRDA:138,19,0,0
BRDA:138,19,1,0
BRDA:139,20,0,0
BRDA:139,20,1,0
BRDA:139,20,2,0
BRDA:140,21,0,0
BRDA:140,21,1,0
BRDA:140,21,2,0
BRDA:140,21,3,0
BRDA:143,22,0,0
BRDA:143,22,1,0
BRDA:143,22,2,0
BRDA:143,22,3,0
BRDA:161,23,0,0
BRDA:161,23,1,0
BRDA:169,24,0,0
BRDA:169,24,1,0
BRDA:169,24,2,0
BRDA:169,24,3,0
BRF:58
BRH:0
end_of_record
TN:
SF:components\client\CreateProject.tsx
FN:9,(anonymous_10)
FN:25,(anonymous_11)
FN:49,(anonymous_12)
FN:70,(anonymous_13)
FN:74,(anonymous_14)
FN:78,(anonymous_15)
FNF:6
FNH:0
FNDA:0,(anonymous_10)
FNDA:0,(anonymous_11)
FNDA:0,(anonymous_12)
FNDA:0,(anonymous_13)
FNDA:0,(anonymous_14)
FNDA:0,(anonymous_15)
DA:1,0
DA:2,0
DA:3,0
DA:4,0
DA:5,0
DA:6,0
DA:7,0
DA:9,0
DA:10,0
DA:11,0
DA:12,0
DA:13,0
DA:16,0
DA:17,0
DA:18,0
DA:19,0
DA:21,0
DA:22,0
DA:25,0
DA:26,0
DA:27,0
DA:28,0
DA:29,0
DA:30,0
DA:31,0
DA:33,0
DA:34,0
DA:42,0
DA:43,0
DA:44,0
DA:45,0
DA:46,0
DA:47,0
DA:49,0
DA:51,0
DA:52,0
DA:54,0
DA:56,0
DA:58,0
DA:62,0
DA:70,0
DA:74,0
DA:78,0
DA:97,0
LF:44
LH:0
BRDA:21,0,0,0
BRDA:21,0,1,0
BRDA:21,1,0,0
BRDA:21,1,1,0
BRDA:21,1,2,0
BRDA:29,2,0,0
BRDA:29,2,1,0
BRDA:29,3,0,0
BRDA:29,3,1,0
BRDA:51,4,0,0
BRDA:51,4,1,0
BRDA:52,5,0,0
BRDA:52,5,1,0
BRDA:65,6,0,0
BRDA:65,6,1,0
BRDA:66,7,0,0
BRDA:66,7,1,0
BRF:17
BRH:0
end_of_record
TN:
SF:components\client\MyProjects.tsx
FN:20,(anonymous_10)
FN:37,(anonymous_11)
FN:49,(anonymous_12)
FN:68,(anonymous_13)
FN:77,(anonymous_14)
FN:81,(anonymous_15)
FN:85,(anonymous_16)
FN:85,(anonymous_17)
FN:91,(anonymous_18)
FN:103,(anonymous_19)
FN:105,(anonymous_20)
FN:108,(anonymous_21)
FN:110,(anonymous_22)
FN:114,(anonymous_23)
FN:127,(anonymous_24)
FN:141,(anonymous_25)
FN:184,(anonymous_26)
FN:189,(anonymous_27)
FN:192,(anonymous_28)
FN:195,(anonymous_29)
FN:206,(anonymous_30)
FN:219,(anonymous_31)
FN:227,(anonymous_32)
FN:236,(anonymous_33)
FN:241,(anonymous_34)
FN:250,(anonymous_35)
FN:253,(anonymous_36)
FNF:27
FNH:0
FNDA:0,(anonymous_10)
FNDA:0,(anonymous_11)
FNDA:0,(anonymous_12)
FNDA:0,(anonymous_13)
FNDA:0,(anonymous_14)
FNDA:0,(anonymous_15)
FNDA:0,(anonymous_16)
FNDA:0,(anonymous_17)
FNDA:0,(anonymous_18)
FNDA:0,(anonymous_19)
FNDA:0,(anonymous_20)
FNDA:0,(anonymous_21)
FNDA:0,(anonymous_22)
FNDA:0,(anonymous_23)
FNDA:0,(anonymous_24)
FNDA:0,(anonymous_25)
FNDA:0,(anonymous_26)
FNDA:0,(anonymous_27)
FNDA:0,(anonymous_28)
FNDA:0,(anonymous_29)
FNDA:0,(anonymous_30)
FNDA:0,(anonymous_31)
FNDA:0,(anonymous_32)
FNDA:0,(anonymous_33)
FNDA:0,(anonymous_34)
FNDA:0,(anonymous_35)
FNDA:0,(anonymous_36)
DA:1,0
DA:2,0
DA:3,0
DA:13,0
DA:14,0
DA:15,0
DA:16,0
DA:17,0
DA:18,0
DA:20,0
DA:21,0
DA:22,0
DA:23,0
DA:24,0
DA:27,0
DA:28,0
DA:29,0
DA:32,0
DA:33,0
DA:34,0
DA:35,0
DA:37,0
DA:38,0
DA:39,0
DA:40,0
DA:41,0
DA:43,0
DA:44,0
DA:45,0
DA:46,0
DA:49,0
DA:68,0
DA:70,0
DA:71,0
DA:73,0
DA:77,0
DA:78,0
DA:81,0
DA:82,0
DA:83,0
DA:84,0
DA:85,0
DA:87,0
DA:91,0
DA:92,0
DA:93,0
DA:100,0
DA:103,0
DA:104,0
DA:105,0
DA:108,0
DA:109,0
DA:110,0
DA:114,0
DA:115,0
DA:116,0
DA:117,0
DA:118,0
DA:119,0
DA:120,0
DA:121,0
DA:123,0
DA:127,0
DA:128,0
DA:129,0
DA:130,0
DA:131,0
DA:132,0
DA:133,0
DA:135,0
DA:137,0
DA:141,0
DA:142,0
DA:144,0
DA:146,0
DA:147,0
DA:149,0
DA:150,0
DA:152,0
DA:153,0
DA:156,0
DA:161,0
DA:162,0
DA:163,0
DA:166,0
DA:185,0
DA:189,0
DA:192,0
DA:195,0
DA:206,0
DA:219,0
DA:227,0
DA:236,0
DA:242,0
DA:250,0
DA:253,0
DA:267,0
LF:97
LH:0
BRDA:38,0,0,0
BRDA:38,0,1,0
BRDA:38,1,0,0
BRDA:38,1,1,0
BRDA:53,2,0,0
BRDA:53,2,1,0
BRDA:55,3,0,0
BRDA:55,3,1,0
BRDA:56,4,0,0
BRDA:56,4,1,0
BRDA:57,5,0,0
BRDA:57,5,1,0
BRDA:58,6,0,0
BRDA:58,6,1,0
BRDA:59,7,0,0
BRDA:59,7,1,0
BRDA:60,8,0,0
BRDA:60,8,1,0
BRDA:61,9,0,0
BRDA:61,9,1,0
BRDA:62,10,0,0
BRDA:62,10,1,0
BRDA:63,11,0,0
BRDA:63,11,1,0
BRDA:65,12,0,0
BRDA:65,12,1,0
BRDA:71,13,0,0
BRDA:71,13,1,0
BRDA:82,14,0,0
BRDA:82,14,1,0
BRDA:87,15,0,0
BRDA:87,15,1,0
BRDA:98,16,0,0
BRDA:98,16,1,0
BRDA:110,17,0,0
BRDA:110,17,1,0
BRDA:116,18,0,0
BRDA:116,18,1,0
BRDA:123,19,0,0
BRDA:123,19,1,0
BRDA:135,20,0,0
BRDA:135,20,1,0
BRDA:142,21,0,0
BRDA:142,21,1,0
BRDA:144,22,0,0
BRDA:144,22,1,0
BRDA:152,23,0,0
BRDA:152,23,1,0
BRDA:156,24,0,0
BRDA:156,24,1,0
BRDA:161,25,0,0
BRDA:161,25,1,0
BRDA:161,26,0,0
BRDA:161,26,1,0
BRDA:162,27,0,0
BRDA:162,27,1,0
BRDA:163,28,0,0
BRDA:163,28,1,0
BRDA:163,29,0,0
BRDA:163,29,1,0
BRDA:163,29,2,0
BRDA:172,30,0,0
BRDA:172,30,1,0
BRDA:172,30,2,0
BRDA:172,30,3,0
BRDA:174,31,0,0
BRDA:174,31,1,0
BRDA:174,31,2,0
BRDA:205,32,0,0
BRDA:205,32,1,0
BRDA:205,32,2,0
BRDA:210,33,0,0
BRDA:210,33,1,0
BRDA:214,34,0,0
BRDA:214,34,1,0
BRDA:218,35,0,0
BRDA:218,35,1,0
BRDA:224,36,0,0
BRDA:224,36,1,0
BRDA:235,37,0,0
BRDA:235,37,1,0
BRDA:235,37,2,0
BRDA:237,38,0,0
BRDA:237,38,1,0
BRDA:238,39,0,0
BRDA:238,39,1,0
BRDA:238,39,2,0
BRDA:239,40,0,0
BRDA:239,40,1,0
BRDA:239,40,2,0
BRDA:244,41,0,0
BRDA:244,41,1,0
BRDA:247,42,0,0
BRDA:247,42,1,0
BRDA:247,43,0,0
BRDA:247,43,1,0
BRDA:248,44,0,0
BRDA:248,44,1,0
BRF:98
BRH:0
end_of_record
TN:
SF:components\freelancer\FreelancerDashboard.tsx
FN:5,(anonymous_1)
FNF:1
FNH:0
FNDA:0,(anonymous_1)
DA:2,0
DA:5,0
DA:6,0
DA:16,0
LF:4
LH:0
BRF:0
BRH:0
end_of_record
TN:
SF:components\freelancer\FreelancerTimeTrackingPage.tsx
FN:12,(anonymous_9)
FN:28,(anonymous_10)
FN:35,(anonymous_11)
FN:56,(anonymous_12)
FN:58,(anonymous_13)
FN:70,(anonymous_14)
FN:74,(anonymous_15)
FN:75,(anonymous_16)
FN:79,(anonymous_17)
FN:81,(anonymous_18)
FN:82,(anonymous_19)
FN:88,(anonymous_20)
FN:100,(anonymous_21)
FN:118,(anonymous_22)
FN:126,(anonymous_23)
FN:130,(anonymous_24)
FN:156,(anonymous_25)
FN:204,(anonymous_26)
FN:209,(anonymous_27)
FN:223,(anonymous_28)
FN:240,(anonymous_29)
FN:244,(anonymous_30)
FN:248,(anonymous_31)
FN:252,(anonymous_32)
FN:285,(anonymous_33)
FN:288,(anonymous_34)
FN:295,(anonymous_35)
FN:296,(anonymous_36)
FNF:28
FNH:0
FNDA:0,(anonymous_9)
FNDA:0,(anonymous_10)
FNDA:0,(anonymous_11)
FNDA:0,(anonymous_12)
FNDA:0,(anonymous_13)
FNDA:0,(anonymous_14)
FNDA:0,(anonymous_15)
FNDA:0,(anonymous_16)
FNDA:0,(anonymous_17)
FNDA:0,(anonymous_18)
FNDA:0,(anonymous_19)
FNDA:0,(anonymous_20)
FNDA:0,(anonymous_21)
FNDA:0,(anonymous_22)
FNDA:0,(anonymous_23)
FNDA:0,(anonymous_24)
FNDA:0,(anonymous_25)
FNDA:0,(anonymous_26)
FNDA:0,(anonymous_27)
FNDA:0,(anonymous_28)
FNDA:0,(anonymous_29)
FNDA:0,(anonymous_30)
FNDA:0,(anonymous_31)
FNDA:0,(anonymous_32)
FNDA:0,(anonymous_33)
FNDA:0,(anonymous_34)
FNDA:0,(anonymous_35)
FNDA:0,(anonymous_36)
DA:1,0
DA:3,0
DA:10,0
DA:12,0
DA:13,0
DA:14,0
DA:15,0
DA:16,0
DA:17,0
DA:18,0
DA:20,0
DA:21,0
DA:23,0
DA:24,0
DA:25,0
DA:26,0
DA:28,0
DA:29,0
DA:30,0
DA:31,0
DA:32,0
DA:34,0
DA:35,0
DA:36,0
DA:37,0
DA:38,0
DA:39,0
DA:43,0
DA:44,0
DA:46,0
DA:47,0
DA:49,0
DA:52,0
DA:56,0
DA:57,0
DA:58,0
DA:59,0
DA:60,0
DA:61,0
DA:63,0
DA:66,0
DA:70,0
DA:71,0
DA:74,0
DA:75,0
DA:76,0
DA:79,0
DA:80,0
DA:81,0
DA:82,0
DA:83,0
DA:84,0
DA:85,0
DA:88,0
DA:89,0
DA:90,0
DA:91,0
DA:93,0
DA:94,0
DA:95,0
DA:97,0
DA:100,0
DA:101,0
DA:102,0
DA:103,0
DA:105,0
DA:106,0
DA:107,0
DA:108,0
DA:110,0
DA:111,0
DA:112,0
DA:114,0
DA:118,0
DA:119,0
DA:120,0
DA:121,0
DA:122,0
DA:123,0
DA:126,0
DA:127,0
DA:130,0
DA:131,0
DA:132,0
DA:133,0
DA:134,0
DA:137,0
DA:138,0
DA:139,0
DA:142,0
DA:143,0
DA:145,0
DA:146,0
DA:147,0
DA:150,0
DA:151,0
DA:152,0
DA:153,0
DA:156,0
DA:157,0
DA:158,0
DA:159,0
DA:160,0
DA:162,0
DA:164,0
DA:174,0
DA:175,0
DA:176,0
DA:177,0
DA:178,0
DA:180,0
DA:181,0
DA:183,0
DA:184,0
DA:185,0
DA:187,0
DA:191,0
DA:192,0
DA:194,0
DA:205,0
DA:209,0
DA:223,0
DA:240,0
DA:244,0
DA:248,0
DA:252,0
DA:286,0
DA:288,0
DA:295,0
DA:296,0
DA:308,0
DA:315,0
DA:321,0
LF:133
LH:0
BRDA:29,0,0,0
BRDA:29,0,1,0
BRDA:29,1,0,0
BRDA:29,1,1,0
BRDA:34,2,0,0
BRDA:34,2,1,0
BRDA:47,3,0,0
BRDA:47,3,1,0
BRDA:57,4,0,0
BRDA:57,4,1,0
BRDA:57,5,0,0
BRDA:57,5,1,0
BRDA:57,5,2,0
BRDA:76,6,0,0
BRDA:76,6,1,0
BRDA:89,7,0,0
BRDA:89,7,1,0
BRDA:93,8,0,0
BRDA:93,8,1,0
BRDA:101,9,0,0
BRDA:101,9,1,0
BRDA:101,10,0,0
BRDA:101,10,1,0
BRDA:108,11,0,0
BRDA:108,11,1,0
BRDA:111,12,0,0
BRDA:111,12,1,0
BRDA:112,13,0,0
BRDA:112,13,1,0
BRDA:132,14,0,0
BRDA:132,14,1,0
BRDA:132,15,0,0
BRDA:132,15,1,0
BRDA:137,16,0,0
BRDA:137,16,1,0
BRDA:137,17,0,0
BRDA:137,17,1,0
BRDA:137,17,2,0
BRDA:145,18,0,0
BRDA:145,18,1,0
BRDA:151,19,0,0
BRDA:151,19,1,0
BRDA:157,20,0,0
BRDA:157,20,1,0
BRDA:170,21,0,0
BRDA:170,21,1,0
BRDA:184,22,0,0
BRDA:184,22,1,0
BRDA:185,23,0,0
BRDA:185,23,1,0
BRDA:191,24,0,0
BRDA:191,24,1,0
BRDA:191,25,0,0
BRDA:191,25,1,0
BRDA:191,25,2,0
BRDA:192,26,0,0
BRDA:192,26,1,0
BRDA:200,27,0,0
BRDA:200,27,1,0
BRDA:200,28,0,0
BRDA:200,28,1,0
BRDA:209,29,0,0
BRDA:209,29,1,0
BRDA:212,30,0,0
BRDA:212,30,1,0
BRDA:212,31,0,0
BRDA:212,31,1,0
BRDA:214,32,0,0
BRDA:214,32,1,0
BRDA:214,33,0,0
BRDA:214,33,1,0
BRDA:216,34,0,0
BRDA:216,34,1,0
BRDA:216,34,2,0
BRDA:218,35,0,0
BRDA:218,35,1,0
BRDA:219,36,0,0
BRDA:219,36,1,0
BRDA:224,37,0,0
BRDA:224,37,1,0
BRDA:224,37,2,0
BRDA:234,38,0,0
BRDA:234,38,1,0
BRDA:257,39,0,0
BRDA:257,39,1,0
BRDA:263,40,0,0
BRDA:263,40,1,0
BRDA:268,41,0,0
BRDA:268,41,1,0
BRDA:288,42,0,0
BRDA:288,42,1,0
BRDA:293,43,0,0
BRDA:293,43,1,0
BRF:93
BRH:0
end_of_record
TN:
SF:components\freelancer\MyApplications.tsx
FN:18,(anonymous_10)
FN:25,(anonymous_11)
FN:37,(anonymous_12)
FN:46,(anonymous_13)
FN:50,(anonymous_14)
FN:68,(anonymous_15)
FN:120,(anonymous_16)
FN:132,(anonymous_17)
FN:153,(anonymous_18)
FNF:9
FNH:0
FNDA:0,(anonymous_10)
FNDA:0,(anonymous_11)
FNDA:0,(anonymous_12)
FNDA:0,(anonymous_13)
FNDA:0,(anonymous_14)
FNDA:0,(anonymous_15)
FNDA:0,(anonymous_16)
FNDA:0,(anonymous_17)
FNDA:0,(anonymous_18)
DA:1,0
DA:2,0
DA:3,0
DA:9,0
DA:10,0
DA:11,0
DA:12,0
DA:13,0
DA:14,0
DA:18,0
DA:19,0
DA:21,0
DA:22,0
DA:23,0
DA:25,0
DA:26,0
DA:27,0
DA:28,0
DA:30,0
DA:32,0
DA:33,0
DA:34,0
DA:35,0
DA:37,0
DA:39,0
DA:40,0
DA:42,0
DA:46,0
DA:47,0
DA:50,0
DA:51,0
DA:52,0
DA:53,0
DA:54,0
DA:55,0
DA:57,0
DA:58,0
DA:59,0
DA:61,0
DA:62,0
DA:64,0
DA:68,0
DA:69,0
DA:73,0
DA:76,0
DA:79,0
DA:81,0
DA:82,0
DA:86,0
DA:87,0
DA:90,0
DA:91,0
DA:94,0
DA:95,0
DA:98,0
DA:99,0
DA:102,0
DA:103,0
DA:115,0
DA:121,0
DA:132,0
DA:153,0
DA:167,0
LF:63
LH:0
BRDA:26,0,0,0
BRDA:26,0,1,0
BRDA:26,1,0,0
BRDA:26,1,1,0
BRDA:40,2,0,0
BRDA:40,2,1,0
BRDA:51,3,0,0
BRDA:51,3,1,0
BRDA:57,4,0,0
BRDA:57,4,1,0
BRDA:58,5,0,0
BRDA:58,5,1,0
BRDA:59,6,0,0
BRDA:59,6,1,0
BRDA:69,7,0,0
BRDA:69,7,1,0
BRDA:69,7,2,0
BRDA:69,7,3,0
BRDA:69,7,4,0
BRDA:69,7,5,0
BRDA:69,7,6,0
BRDA:69,7,7,0
BRDA:69,7,8,0
BRDA:86,8,0,0
BRDA:86,8,1,0
BRDA:90,9,0,0
BRDA:90,9,1,0
BRDA:94,10,0,0
BRDA:94,10,1,0
BRDA:98,11,0,0
BRDA:98,11,1,0
BRDA:98,12,0,0
BRDA:98,12,1,0
BRDA:102,13,0,0
BRDA:102,13,1,0
BRDA:102,14,0,0
BRDA:102,14,1,0
BRDA:136,15,0,0
BRDA:136,15,1,0
BRDA:142,16,0,0
BRDA:142,16,1,0
BRDA:142,16,2,0
BRDA:149,17,0,0
BRDA:149,17,1,0
BRF:44
BRH:0
end_of_record
TN:
SF:components\freelancer\MyAssignedProjects.tsx
FN:14,(anonymous_10)
FN:20,(anonymous_11)
FN:34,(anonymous_12)
FN:40,(anonymous_13)
FN:49,(anonymous_14)
FN:77,(anonymous_15)
FN:88,(anonymous_16)
FNF:7
FNH:0
FNDA:0,(anonymous_10)
FNDA:0,(anonymous_11)
FNDA:0,(anonymous_12)
FNDA:0,(anonymous_13)
FNDA:0,(anonymous_14)
FNDA:0,(anonymous_15)
FNDA:0,(anonymous_16)
DA:1,0
DA:2,0
DA:3,0
DA:4,0
DA:8,0
DA:9,0
DA:10,0
DA:11,0
DA:14,0
DA:15,0
DA:16,0
DA:17,0
DA:18,0
DA:20,0
DA:21,0
DA:22,0
DA:23,0
DA:25,0
DA:27,0
DA:28,0
DA:29,0
DA:30,0
DA:34,0
DA:40,0
DA:42,0
DA:43,0
DA:45,0
DA:49,0
DA:51,0
DA:53,0
DA:54,0
DA:56,0
DA:57,0
DA:59,0
DA:60,0
DA:63,0
DA:78,0
DA:88,0
DA:102,0
LF:39
LH:0
BRDA:21,0,0,0
BRDA:21,0,1,0
BRDA:21,1,0,0
BRDA:21,1,1,0
BRDA:38,2,0,0
BRDA:38,2,1,0
BRDA:43,3,0,0
BRDA:43,3,1,0
BRDA:51,4,0,0
BRDA:51,4,1,0
BRDA:51,5,0,0
BRDA:51,5,1,0
BRDA:53,6,0,0
BRDA:53,6,1,0
BRDA:56,7,0,0
BRDA:56,7,1,0
BRDA:56,8,0,0
BRDA:56,8,1,0
BRDA:59,9,0,0
BRDA:59,9,1,0
BRDA:67,10,0,0
BRDA:67,10,1,0
BRDA:67,10,2,0
BRDA:84,11,0,0
BRDA:84,11,1,0
BRDA:85,12,0,0
BRDA:85,12,1,0
BRF:27
BRH:0
end_of_record
TN:
SF:components\freelancer\MyJobCards.tsx
FN:4,(anonymous_1)
FNF:1
FNH:0
FNDA:0,(anonymous_1)
DA:1,0
DA:2,0
DA:4,0
DA:5,0
DA:7,0
DA:19,0
LF:6
LH:0
BRDA:13,0,0,0
BRDA:13,0,1,0
BRF:2
BRH:0
end_of_record
TN:
SF:components\freelancer\ProjectBrowser.tsx
FN:18,(anonymous_10)
FN:33,(anonymous_11)
FN:45,(anonymous_12)
FN:52,(anonymous_13)
FN:63,(anonymous_14)
FN:79,(anonymous_15)
FN:90,(anonymous_16)
FN:106,(anonymous_17)
FN:113,(anonymous_18)
FN:120,(anonymous_19)
FN:132,(anonymous_20)
FN:147,(anonymous_21)
FN:148,(anonymous_22)
FN:149,(anonymous_23)
FN:153,(anonymous_24)
FN:156,(anonymous_25)
FN:177,(anonymous_26)
FN:183,(anonymous_27)
FN:188,(anonymous_28)
FN:205,(anonymous_29)
FN:224,(anonymous_30)
FN:236,(anonymous_31)
FNF:22
FNH:0
FNDA:0,(anonymous_10)
FNDA:0,(anonymous_11)
FNDA:0,(anonymous_12)
FNDA:0,(anonymous_13)
FNDA:0,(anonymous_14)
FNDA:0,(anonymous_15)
FNDA:0,(anonymous_16)
FNDA:0,(anonymous_17)
FNDA:0,(anonymous_18)
FNDA:0,(anonymous_19)
FNDA:0,(anonymous_20)
FNDA:0,(anonymous_21)
FNDA:0,(anonymous_22)
FNDA:0,(anonymous_23)
FNDA:0,(anonymous_24)
FNDA:0,(anonymous_25)
FNDA:0,(anonymous_26)
FNDA:0,(anonymous_27)
FNDA:0,(anonymous_28)
FNDA:0,(anonymous_29)
FNDA:0,(anonymous_30)
FNDA:0,(anonymous_31)
DA:1,0
DA:2,0
DA:3,0
DA:12,0
DA:13,0
DA:14,0
DA:15,0
DA:16,0
DA:18,0
DA:19,0
DA:20,0
DA:21,0
DA:22,0
DA:23,0
DA:24,0
DA:25,0
DA:26,0
DA:27,0
DA:28,0
DA:29,0
DA:30,0
DA:31,0
DA:33,0
DA:45,0
DA:46,0
DA:47,0
DA:50,0
DA:51,0
DA:52,0
DA:63,0
DA:69,0
DA:71,0
DA:72,0
DA:73,0
DA:77,0
DA:78,0
DA:79,0
DA:81,0
DA:83,0
DA:87,0
DA:88,0
DA:89,0
DA:90,0
DA:92,0
DA:94,0
DA:101,0
DA:103,0
DA:106,0
DA:107,0
DA:108,0
DA:109,0
DA:110,0
DA:113,0
DA:114,0
DA:115,0
DA:116,0
DA:117,0
DA:120,0
DA:121,0
DA:122,0
DA:123,0
DA:124,0
DA:125,0
DA:126,0
DA:131,0
DA:132,0
DA:133,0
DA:134,0
DA:136,0
DA:137,0
DA:138,0
DA:140,0
DA:143,0
DA:147,0
DA:148,0
DA:149,0
DA:153,0
DA:154,0
DA:156,0
DA:157,0
DA:160,0
DA:161,0
DA:164,0
DA:177,0
DA:184,0
DA:188,0
DA:206,0
DA:224,0
DA:236,0
DA:256,0
LF:90
LH:0
BRDA:57,0,0,0
BRDA:57,0,1,0
BRDA:61,1,0,0
BRDA:61,1,1,0
BRDA:63,2,0,0
BRDA:63,2,1,0
BRDA:66,3,0,0
BRDA:66,3,1,0
BRDA:67,4,0,0
BRDA:67,4,1,0
BRDA:67,5,0,0
BRDA:67,5,1,0
BRDA:72,6,0,0
BRDA:72,6,1,0
BRDA:87,7,0,0
BRDA:87,7,1,0
BRDA:87,8,0,0
BRDA:87,8,1,0
BRDA:122,9,0,0
BRDA:122,9,1,0
BRDA:122,10,0,0
BRDA:122,10,1,0
BRDA:122,10,2,0
BRDA:122,10,3,0
BRDA:137,11,0,0
BRDA:137,11,1,0
BRDA:138,12,0,0
BRDA:138,12,1,0
BRDA:149,13,0,0
BRDA:149,13,1,0
BRDA:154,14,0,0
BRDA:154,14,1,0
BRDA:156,15,0,0
BRDA:156,15,1,0
BRDA:157,16,0,0
BRDA:157,16,1,0
BRDA:160,17,0,0
BRDA:160,17,1,0
BRDA:160,18,0,0
BRDA:160,18,1,0
BRDA:168,19,0,0
BRDA:168,19,1,0
BRDA:181,20,0,0
BRDA:181,20,1,0
BRDA:187,21,0,0
BRDA:187,21,1,0
BRDA:200,22,0,0
BRDA:200,22,1,0
BRDA:200,22,2,0
BRDA:200,22,3,0
BRDA:209,23,0,0
BRDA:209,23,1,0
BRDA:210,24,0,0
BRDA:210,24,1,0
BRDA:215,25,0,0
BRDA:215,25,1,0
BRDA:243,26,0,0
BRDA:243,26,1,0
BRF:58
BRH:0
end_of_record
TN:
SF:components\shared\Button.tsx
FN:12,(anonymous_1)
FNF:1
FNH:0
FNDA:0,(anonymous_1)
DA:2,0
DA:12,0
DA:22,0
DA:25,0
DA:33,0
DA:39,0
DA:41,0
DA:60,0
LF:8
LH:0
BRDA:14,0,0,0
BRDA:15,1,0,0
BRDA:18,2,0,0
BRDA:19,3,0,0
BRDA:39,4,0,0
BRDA:39,4,1,0
BRDA:44,5,0,0
BRDA:44,5,1,0
BRDA:47,6,0,0
BRDA:47,6,1,0
BRDA:53,7,0,0
BRDA:53,7,1,0
BRDA:53,7,2,0
BRDA:55,8,0,0
BRDA:55,8,1,0
BRDA:55,8,2,0
BRF:16
BRH:0
end_of_record
TN:
SF:components\shared\GlobalTimerDisplay.tsx
FN:11,(anonymous_10)
FN:17,(anonymous_11)
FN:20,(anonymous_12)
FN:32,(anonymous_13)
FN:46,(anonymous_14)
FN:50,(anonymous_15)
FN:68,(anonymous_16)
FNF:7
FNH:0
FNDA:0,(anonymous_10)
FNDA:0,(anonymous_11)
FNDA:0,(anonymous_12)
FNDA:0,(anonymous_13)
FNDA:0,(anonymous_14)
FNDA:0,(anonymous_15)
FNDA:0,(anonymous_16)
DA:1,0
DA:2,0
DA:4,0
DA:5,0
DA:6,0
DA:7,0
DA:9,0
DA:11,0
DA:12,0
DA:13,0
DA:14,0
DA:15,0
DA:17,0
DA:18,0
DA:20,0
DA:21,0
DA:22,0
DA:23,0
DA:26,0
DA:28,0
DA:29,0
DA:30,0
DA:32,0
DA:33,0
DA:34,0
DA:38,0
DA:39,0
DA:40,0
DA:42,0
DA:46,0
DA:47,0
DA:48,0
DA:50,0
DA:51,0
DA:52,0
DA:53,0
DA:54,0
DA:59,0
DA:60,0
DA:64,0
DA:65,0
DA:68,0
DA:69,0
DA:70,0
DA:73,0
DA:100,0
LF:46
LH:0
BRDA:18,0,0,0
BRDA:18,0,1,0
BRDA:38,1,0,0
BRDA:38,1,1,0
BRDA:47,2,0,0
BRDA:47,2,1,0
BRDA:47,3,0,0
BRDA:47,3,1,0
BRDA:51,4,0,0
BRDA:51,4,1,0
BRDA:51,5,0,0
BRDA:51,5,1,0
BRDA:53,6,0,0
BRDA:53,6,1,0
BRDA:64,7,0,0
BRDA:64,7,1,0
BRDA:64,8,0,0
BRDA:64,8,1,0
BRDA:70,9,0,0
BRDA:70,9,1,0
BRF:20
BRH:0
end_of_record
TN:
SF:components\shared\IconComponents.tsx
FN:7,(anonymous_1)
FN:13,(anonymous_2)
FN:19,(anonymous_3)
FN:25,(anonymous_4)
FN:31,(anonymous_5)
FN:37,(anonymous_6)
FN:43,(anonymous_7)
FN:50,(anonymous_8)
FN:56,(anonymous_9)
FN:62,(anonymous_10)
FN:68,(anonymous_11)
FN:74,(anonymous_12)
FN:81,(anonymous_13)
FN:87,(anonymous_14)
FN:93,(anonymous_15)
FN:99,(anonymous_16)
FN:105,(anonymous_17)
FN:111,(anonymous_18)
FN:117,(anonymous_19)
FN:123,(anonymous_20)
FN:129,(anonymous_21)
FN:135,(anonymous_22)
FN:140,(anonymous_23)
FN:146,(anonymous_24)
FN:151,(anonymous_25)
FN:157,(anonymous_26)
FN:162,(anonymous_27)
FN:168,(anonymous_28)
FN:173,(anonymous_29)
FN:178,(anonymous_30)
FN:183,(anonymous_31)
FNF:31
FNH:0
FNDA:0,(anonymous_1)
FNDA:0,(anonymous_2)
FNDA:0,(anonymous_3)
FNDA:0,(anonymous_4)
FNDA:0,(anonymous_5)
FNDA:0,(anonymous_6)
FNDA:0,(anonymous_7)
FNDA:0,(anonymous_8)
FNDA:0,(anonymous_9)
FNDA:0,(anonymous_10)
FNDA:0,(anonymous_11)
FNDA:0,(anonymous_12)
FNDA:0,(anonymous_13)
FNDA:0,(anonymous_14)
FNDA:0,(anonymous_15)
FNDA:0,(anonymous_16)
FNDA:0,(anonymous_17)
FNDA:0,(anonymous_18)
FNDA:0,(anonymous_19)
FNDA:0,(anonymous_20)
FNDA:0,(anonymous_21)
FNDA:0,(anonymous_22)
FNDA:0,(anonymous_23)
FNDA:0,(anonymous_24)
FNDA:0,(anonymous_25)
FNDA:0,(anonymous_26)
FNDA:0,(anonymous_27)
FNDA:0,(anonymous_28)
FNDA:0,(anonymous_29)
FNDA:0,(anonymous_30)
FNDA:0,(anonymous_31)
DA:1,0
DA:7,0
DA:8,0
DA:13,0
DA:14,0
DA:19,0
DA:20,0
DA:25,0
DA:26,0
DA:31,0
DA:32,0
DA:37,0
DA:38,0
DA:43,0
DA:44,0
DA:50,0
DA:51,0
DA:56,0
DA:57,0
DA:62,0
DA:63,0
DA:68,0
DA:69,0
DA:74,0
DA:75,0
DA:81,0
DA:82,0
DA:87,0
DA:88,0
DA:93,0
DA:94,0
DA:99,0
DA:100,0
DA:105,0
DA:106,0
DA:111,0
DA:112,0
DA:117,0
DA:118,0
DA:123,0
DA:124,0
DA:129,0
DA:130,0
DA:135,0
DA:136,0
DA:140,0
DA:141,0
DA:146,0
DA:147,0
DA:151,0
DA:152,0
DA:157,0
DA:158,0
DA:162,0
DA:163,0
DA:168,0
DA:169,0
DA:173,0
DA:174,0
DA:178,0
DA:179,0
DA:183,0
DA:184,0
LF:63
LH:0
BRDA:7,0,0,0
BRDA:13,1,0,0
BRDA:19,2,0,0
BRDA:25,3,0,0
BRDA:31,4,0,0
BRDA:37,5,0,0
BRDA:43,6,0,0
BRDA:50,7,0,0
BRDA:56,8,0,0
BRDA:62,9,0,0
BRDA:68,10,0,0
BRDA:74,11,0,0
BRDA:81,12,0,0
BRDA:87,13,0,0
BRDA:93,14,0,0
BRDA:99,15,0,0
BRDA:105,16,0,0
BRDA:111,17,0,0
BRDA:117,18,0,0
BRDA:123,19,0,0
BRDA:129,20,0,0
BRDA:135,21,0,0
BRDA:140,22,0,0
BRDA:146,23,0,0
BRDA:151,24,0,0
BRDA:157,25,0,0
BRDA:162,26,0,0
BRDA:168,27,0,0
BRDA:173,28,0,0
BRDA:178,29,0,0
BRDA:183,30,0,0
BRF:31
BRH:0
end_of_record
TN:
SF:components\shared\LoadingSpinner.tsx
FN:10,(anonymous_1)
FNF:1
FNH:1
FNDA:9,(anonymous_1)
DA:2,1
DA:10,1
DA:11,9
DA:17,9
DA:27,1
LF:5
LH:5
BRDA:10,0,0,9
BRDA:10,1,0,0
BRDA:22,2,0,9
BRDA:22,2,1,9
BRF:4
BRH:3
end_of_record
TN:
SF:components\shared\Modal.tsx
FN:13,(anonymous_1)
FNF:1
FNH:0
FNDA:0,(anonymous_1)
DA:2,0
DA:13,0
DA:14,0
DA:16,0
DA:26,0
DA:62,0
LF:6
LH:0
BRDA:13,0,0,0
BRDA:14,1,0,0
BRDA:14,1,1,0
BRDA:27,2,0,0
BRDA:27,2,1,0
BRDA:27,3,0,0
BRDA:27,3,1,0
BRF:7
BRH:0
end_of_record
TN:
SF:components\shared\Navbar.tsx
FN:11,(anonymous_10)
FN:20,(anonymous_11)
FN:21,(anonymous_12)
FN:42,(anonymous_13)
FN:104,(anonymous_14)
FN:107,(anonymous_15)
FN:127,(anonymous_16)
FNF:7
FNH:0
FNDA:0,(anonymous_10)
FNDA:0,(anonymous_11)
FNDA:0,(anonymous_12)
FNDA:0,(anonymous_13)
FNDA:0,(anonymous_14)
FNDA:0,(anonymous_15)
FNDA:0,(anonymous_16)
DA:1,0
DA:2,0
DA:3,0
DA:4,0
DA:5,0
DA:6,0
DA:7,0
DA:8,0
DA:9,0
DA:11,0
DA:12,0
DA:13,0
DA:14,0
DA:18,0
DA:20,0
DA:21,0
DA:22,0
DA:23,0
DA:24,0
DA:25,0
DA:26,0
DA:28,0
DA:32,0
DA:36,0
DA:42,0
DA:43,0
DA:44,0
DA:47,0
DA:104,0
DA:107,0
DA:127,0
DA:128,0
DA:132,0
DA:147,0
LF:34
LH:0
BRDA:22,0,0,0
BRDA:22,0,1,0
BRDA:22,1,0,0
BRDA:22,1,1,0
BRDA:54,2,0,0
BRDA:54,2,1,0
BRDA:62,3,0,0
BRDA:62,3,1,0
BRDA:65,4,0,0
BRDA:65,4,1,0
BRDA:65,4,2,0
BRDA:70,5,0,0
BRDA:70,5,1,0
BRDA:70,5,2,0
BRDA:75,6,0,0
BRDA:75,6,1,0
BRDA:75,6,2,0
BRDA:80,7,0,0
BRDA:80,7,1,0
BRDA:89,8,0,0
BRDA:89,8,1,0
BRDA:90,9,0,0
BRDA:90,9,1,0
BRDA:91,10,0,0
BRDA:91,10,1,0
BRDA:95,11,0,0
BRDA:95,11,1,0
BRDA:97,12,0,0
BRDA:97,12,1,0
BRDA:97,13,0,0
BRDA:97,13,1,0
BRDA:97,14,0,0
BRDA:97,14,1,0
BRDA:128,15,0,0
BRDA:128,15,1,0
BRDA:128,15,2,0
BRDA:128,15,3,0
BRDA:128,15,4,0
BRDA:128,15,5,0
BRDA:128,15,6,0
BRDA:128,15,7,0
BRDA:128,15,8,0
BRDA:136,16,0,0
BRDA:136,16,1,0
BRDA:141,17,0,0
BRDA:141,17,1,0
BRDA:141,18,0,0
BRDA:141,18,1,0
BRF:48
BRH:0
end_of_record
TN:
SF:components\shared\ProjectCard.tsx
FN:16,(anonymous_1)
FN:19,(anonymous_2)
FN:30,(anonymous_3)
FN:76,(anonymous_4)
FN:88,(anonymous_5)
FNF:5
FNH:0
FNDA:0,(anonymous_1)
FNDA:0,(anonymous_2)
FNDA:0,(anonymous_3)
FNDA:0,(anonymous_4)
FNDA:0,(anonymous_5)
DA:2,0
DA:3,0
DA:4,0
DA:5,0
DA:6,0
DA:7,0
DA:16,0
DA:17,0
DA:19,0
DA:20,0
DA:21,0
DA:22,0
DA:23,0
DA:24,0
DA:25,0
DA:26,0
DA:30,0
DA:31,0
DA:32,0
DA:34,0
DA:38,0
DA:77,0
DA:88,0
DA:97,0
LF:24
LH:0
BRDA:20,0,0,0
BRDA:20,0,1,0
BRDA:20,0,2,0
BRDA:20,0,3,0
BRDA:20,0,4,0
BRDA:20,0,5,0
BRDA:31,1,0,0
BRDA:31,1,1,0
BRDA:58,2,0,0
BRDA:58,2,1,0
BRDA:64,3,0,0
BRDA:64,3,1,0
BRDA:72,4,0,0
BRDA:72,4,1,0
BRDA:72,4,2,0
BRDA:87,5,0,0
BRDA:87,5,1,0
BRDA:87,5,2,0
BRDA:87,5,3,0
BRF:19
BRH:0
end_of_record
TN:
SF:components\shared\ProtectedView.tsx
FN:14,(anonymous_1)
FNF:1
FNH:0
FNDA:0,(anonymous_1)
DA:2,0
DA:3,0
DA:4,0
DA:6,0
DA:7,0
DA:14,0
DA:15,0
DA:16,0
DA:18,0
DA:19,0
DA:26,0
DA:27,0
DA:30,0
DA:34,0
DA:37,0
DA:40,0
LF:16
LH:0
BRDA:18,0,0,0
BRDA:18,0,1,0
BRDA:26,1,0,0
BRDA:26,1,1,0
BRDA:30,2,0,0
BRDA:30,2,1,0
BRDA:30,3,0,0
BRDA:30,3,1,0
BRF:8
BRH:0
end_of_record
TN:
SF:components\shared\Sidebar.tsx
FN:19,(anonymous_1)
FN:40,(anonymous_2)
FN:44,(anonymous_3)
FNF:3
FNH:0
FNDA:0,(anonymous_1)
FNDA:0,(anonymous_2)
FNDA:0,(anonymous_3)
DA:2,0
DA:3,0
DA:6,0
DA:19,0
DA:20,0
DA:21,0
DA:23,0
DA:24,0
DA:25,0
DA:27,0
DA:41,0
DA:45,0
DA:67,0
LF:13
LH:0
BRDA:31,0,0,0
BRDA:31,0,1,0
BRDA:33,1,0,0
BRDA:33,1,1,0
BRDA:45,2,0,0
BRDA:45,2,1,0
BRDA:48,3,0,0
BRDA:48,3,1,0
BRF:8
BRH:0
end_of_record
TN:
SF:components\shared\toast\Toast.tsx
FN:4,(anonymous_9)
FN:14,(anonymous_10)
FN:24,(anonymous_11)
FN:32,(anonymous_12)
FN:35,(anonymous_13)
FNF:5
FNH:0
FNDA:0,(anonymous_9)
FNDA:0,(anonymous_10)
FNDA:0,(anonymous_11)
FNDA:0,(anonymous_12)
FNDA:0,(anonymous_13)
DA:1,0
DA:2,0
DA:4,0
DA:5,0
DA:6,0
DA:7,0
DA:8,0
DA:9,0
DA:10,0
DA:14,0
DA:15,0
DA:16,0
DA:17,0
DA:18,0
DA:19,0
DA:20,0
DA:24,0
DA:25,0
DA:32,0
DA:33,0
DA:35,0
DA:36,0
DA:37,0
DA:41,0
LF:24
LH:0
BRDA:5,0,0,0
BRDA:5,0,1,0
BRDA:5,0,2,0
BRDA:5,0,3,0
BRDA:5,0,4,0
BRDA:15,1,0,0
BRDA:15,1,1,0
BRDA:15,1,2,0
BRDA:15,1,3,0
BRDA:15,1,4,0
BRDA:36,2,0,0
BRDA:36,2,1,0
BRDA:45,3,0,0
BRDA:45,3,1,0
BRF:14
BRH:0
end_of_record
TN:
SF:components\shared\toast\ToastContainer.tsx
FN:5,(anonymous_9)
FN:20,(anonymous_10)
FNF:2
FNH:0
FNDA:0,(anonymous_9)
FNDA:0,(anonymous_10)
DA:1,0
DA:2,0
DA:3,0
DA:5,0
DA:6,0
DA:8,0
DA:9,0
DA:12,0
DA:14,0
DA:15,0
DA:18,0
DA:21,0
LF:12
LH:0
BRDA:8,0,0,0
BRDA:8,0,1,0
BRDA:14,1,0,0
BRDA:14,1,1,0
BRF:4
BRH:0
end_of_record
TN:
SF:components\shared\toast\ToastContext.tsx
FN:31,(anonymous_9)
FN:34,(anonymous_10)
FN:36,(anonymous_11)
FN:40,(anonymous_12)
FN:45,(anonymous_13)
FN:46,(anonymous_14)
FN:46,(anonymous_15)
FNF:7
FNH:0
FNDA:0,(anonymous_9)
FNDA:0,(anonymous_10)
FNDA:0,(anonymous_11)
FNDA:0,(anonymous_12)
FNDA:0,(anonymous_13)
FNDA:0,(anonymous_14)
FNDA:0,(anonymous_15)
DA:1,0
DA:20,0
DA:24,0
DA:31,0
DA:32,0
DA:34,0
DA:35,0
DA:36,0
DA:40,0
DA:41,0
DA:45,0
DA:46,0
DA:49,0
LF:13
LH:0
BRDA:34,0,0,0
BRF:1
BRH:0
end_of_record
TN:
SF:components\shared\toast\useToast.ts
FN:4,(anonymous_0)
FNF:1
FNH:0
FNDA:0,(anonymous_0)
DA:1,0
DA:2,0
DA:4,0
DA:5,0
DA:6,0
DA:7,0
DA:9,0
LF:7
LH:0
BRDA:6,0,0,0
BRDA:6,0,1,0
BRF:2
BRH:0
end_of_record
